#LST
293	proj.img
1051	start.hed	509.35,  0.750793,7.763,11.926,0
1098	start.hed	510.24,  0.181747,-3.886,9.281,1
592	start.hed	507.05,  1.942496,6.596,-6.405,0
2919	start.hed	509.95,  -0.504382,-0.692,-1.139,0
2921	start.hed	508.93,  -1.413918,-5.669,6.097,0
4971	start.hed	513.14,  -1.420863,-7.063,2.856,0
6118	start.hed	504.79,  -1.139153,-4.982,3.348,0
6234	start.hed	511.48,  2.752885,2.902,1.457,1
7270	start.hed	500.60,  -0.653810,12.848,-3.202,1
8862	start.hed	508.93,  -2.468511,-8.143,4.105,0
10246	start.hed	507.69,  1.338898,4.407,-0.031,0
10484	start.hed	507.54,  2.105913,-1.147,3.490,0
11464	start.hed	508.44,  -2.640854,-1.058,-2.668,1
11483	start.hed	509.75,  -0.345490,-5.480,-2.940,1
11572	start.hed	508.52,  -2.641129,-1.069,-2.724,1
11591	start.hed	509.13,  -0.346635,-5.414,-2.808,1
12399	start.hed	506.88,  -2.388252,-0.462,-0.389,1
12919	start.hed	507.51,  -1.506295,-5.074,0.526,0
13034	start.hed	526.06,  1.742816,5.721,-3.855,0
13701	start.hed	509.80,  -1.457840,-5.620,-3.711,0
14210	start.hed	508.89,  1.205649,4.233,-4.094,1
14397	start.hed	512.06,  2.907376,-8.313,11.567,1
14515	start.hed	515.67,  -0.031999,-1.151,-4.016,0
