#LST
29	proj.img
2362	start.hed	509.79,  0.272351,12.372,4.291,1
5491	start.hed	506.02,  -2.875225,-3.998,-4.633,0
6552	start.hed	506.78,  -3.071977,0.144,-10.544,0
7287	start.hed	506.10,  0.640808,-1.003,9.113,1
7220	start.hed	505.89,  2.808396,3.112,-11.563,0
7617	start.hed	508.15,  1.201425,-3.881,12.846,1
8123	start.hed	501.40,  1.006439,12.073,-2.911,0
9263	start.hed	500.67,  0.886420,3.424,-0.276,1
9469	start.hed	513.88,  -2.174336,-6.619,-3.725,0
10046	start.hed	510.98,  1.175751,-5.727,-4.470,1
10274	start.hed	512.22,  2.371523,10.247,1.072,1
10285	start.hed	508.57,  -1.954540,-13.427,1.095,1
10492	start.hed	507.24,  1.497361,0.818,3.128,0
11129	start.hed	501.40,  1.006439,12.073,-2.911,0
11381	start.hed	508.55,  1.723748,-0.455,-1.649,1
11416	start.hed	501.97,  -1.006095,-9.742,-1.339,1
12672	start.hed	506.15,  2.466848,8.533,-9.625,1
13735	start.hed	500.46,  1.670152,-0.929,-0.266,1
