#LST
400	proj.img
688	start.hed	508.92,  0.623495,1.445,3.379,1
152	start.hed	512.12,  1.537675,0.822,-2.214,0
1419	start.hed	518.66,  -2.331514,2.509,-3.606,1
2130	start.hed	508.13,  1.172303,-8.696,-11.001,1
2867	start.hed	509.86,  1.959698,-9.099,-1.656,1
2884	start.hed	503.93,  2.332357,-5.250,-10.414,1
4930	start.hed	511.18,  0.980150,6.792,5.838,0
6016	start.hed	508.62,  -0.845515,-4.178,3.409,1
7096	start.hed	507.16,  1.077482,3.198,3.782,1
8043	start.hed	507.34,  2.988861,-4.056,-2.543,1
8792	start.hed	509.85,  1.919468,-3.587,-3.372,0
8958	start.hed	509.06,  1.395018,4.964,-0.063,1
9150	start.hed	510.01,  2.368559,-14.141,3.158,0
10448	start.hed	512.03,  0.881187,-4.213,2.664,0
11048	start.hed	507.34,  2.988861,-4.056,-2.543,1
11453	start.hed	511.54,  2.193106,2.709,-4.049,0
11560	start.hed	511.53,  2.194335,2.608,-4.030,0
13600	start.hed	510.97,  -0.276419,-3.128,6.051,0
13958	start.hed	503.09,  0.696634,6.624,-0.379,0
