#LST
558	proj.img
330	start.hed	504.50,  0.580428,5.208,4.362,0
369	start.hed	498.91,  -1.977173,-0.974,2.309,0
1478	start.hed	502.87,  -1.607400,-3.468,4.023,0
2242	start.hed	518.41,  0.056100,-5.228,3.217,1
2106	start.hed	508.03,  3.080752,10.360,-9.377,1
2013	start.hed	505.22,  -2.849437,2.434,-1.678,1
2348	start.hed	504.95,  1.757395,5.284,-12.252,0
2778	start.hed	508.25,  1.131859,2.357,4.172,1
4126	start.hed	511.44,  -0.115424,-3.100,2.585,1
5113	start.hed	504.95,  -0.199451,3.966,3.664,0
5336	start.hed	511.58,  1.128376,3.083,7.192,1
5653	start.hed	509.09,  0.563273,-0.732,4.969,1
7805	start.hed	505.73,  2.646693,0.918,-7.777,0
9314	start.hed	512.55,  -1.750254,-5.249,-1.017,0
9580	start.hed	511.12,  0.664263,4.289,4.639,0
9772	start.hed	506.78,  0.192251,-7.758,0.932,1
9976	start.hed	508.40,  -1.518797,-7.184,3.589,0
10408	start.hed	501.24,  -2.037292,2.879,-11.879,0
12681	start.hed	499.81,  -0.792871,-2.650,-3.704,0
13711	start.hed	511.84,  -2.763246,-6.125,-2.880,0
14891	start.hed	505.96,  -0.362959,-7.777,11.788,0
15131	start.hed	512.06,  -0.759247,-4.833,0.333,1
