#LST
178	proj.img
849	start.hed	506.41,  0.281237,1.001,3.517,0
974	start.hed	507.08,  2.975789,2.289,-10.470,1
1140	start.hed	502.00,  -2.219034,-10.992,-3.743,0
1314	start.hed	506.32,  1.297524,8.574,5.582,1
2059	start.hed	507.38,  -2.120195,13.103,-5.550,0
4539	start.hed	502.91,  -1.696332,-8.052,0.898,0
4543	start.hed	507.71,  0.482916,8.691,10.883,0
5012	start.hed	506.03,  1.711410,5.459,-3.399,0
5079	start.hed	510.29,  2.692835,-0.051,-5.095,1
5472	start.hed	513.73,  1.251066,10.142,2.031,1
5987	start.hed	506.96,  -0.650220,-0.685,4.710,1
6638	start.hed	505.49,  -0.921618,-7.481,7.303,1
7205	start.hed	504.79,  -2.412215,-6.137,-8.992,0
8613	start.hed	506.29,  -2.957648,-1.621,-10.289,0
9860	start.hed	510.48,  1.437070,9.989,0.561,0
10441	start.hed	509.82,  -3.038979,-1.983,-5.462,0
11895	start.hed	503.27,  1.965532,10.451,-1.203,1
12110	start.hed	510.65,  -0.795312,-11.848,5.635,1
12237	start.hed	510.65,  -0.795312,-11.848,5.635,1
13278	start.hed	508.20,  -2.038853,-6.600,1.621,0
13473	start.hed	507.49,  2.705552,1.700,-5.805,0
14037	start.hed	506.45,  1.573916,10.018,-4.005,0
14322	start.hed	500.91,  2.728138,4.433,5.204,1
