#LST
553	proj.img
1276	start.hed	504.44,  2.586099,11.145,-8.919,1
73	start.hed	509.61,  -0.231031,0.625,4.738,0
1770	start.hed	509.73,  -0.486136,-0.552,12.319,1
3213	start.hed	531.81,  -0.265598,-9.675,-7.047,1
3567	start.hed	523.48,  0.615680,-0.060,10.928,1
3636	start.hed	512.31,  -2.949290,2.548,-2.797,0
5874	start.hed	510.77,  0.466839,4.313,4.416,0
7516	start.hed	508.16,  1.258543,6.309,-1.217,0
8444	start.hed	509.00,  -1.415016,-6.380,-4.698,1
9000	start.hed	510.18,  -2.593800,0.807,-6.132,1
9049	start.hed	505.00,  -1.834849,1.079,-10.189,1
9127	start.hed	508.15,  -1.419527,-6.803,6.794,0
9258	start.hed	508.46,  -2.008872,-7.208,-8.177,0
10581	start.hed	499.54,  0.894733,-12.772,-6.879,0
10610	start.hed	510.00,  -1.184796,-9.950,-0.820,1
10916	start.hed	499.30,  2.522260,-0.933,-7.472,0
11217	start.hed	502.93,  -0.108164,4.407,9.944,1
11589	start.hed	508.89,  0.218646,-2.195,7.027,1
12406	start.hed	508.48,  1.647771,1.744,-6.048,0
13812	start.hed	505.74,  1.984415,-6.488,-10.222,0
13719	start.hed	508.91,  2.313193,7.331,8.089,1
14775	start.hed	509.16,  2.478951,-3.334,-7.715,0
