#LST
617	proj.img
1353	start.hed	504.41,  -2.922876,7.020,-10.226,0
2226	start.hed	518.31,  2.441635,-9.015,11.276,1
3498	start.hed	511.90,  3.140482,-2.996,-6.001,0
3685	start.hed	508.10,  1.411319,6.507,-11.211,0
3772	start.hed	512.41,  0.840723,9.989,8.434,0
4240	start.hed	503.84,  -0.345109,-4.751,11.576,1
4200	start.hed	501.00,  2.101733,9.644,-7.316,0
4421	start.hed	505.10,  0.510120,4.991,11.246,1
6340	start.hed	511.00,  0.345267,5.574,7.825,1
7021	start.hed	519.64,  -1.705046,-9.402,-3.583,1
9133	start.hed	507.37,  1.885151,-4.228,1.073,0
9156	start.hed	510.24,  -1.461630,-11.316,2.940,0
9308	start.hed	504.12,  -1.459793,2.468,5.757,1
9793	start.hed	509.63,  0.898041,12.003,-4.008,0
10198	start.hed	507.85,  2.063155,4.758,-7.456,0
10619	start.hed	507.77,  -2.503158,10.944,-6.319,1
10969	start.hed	511.64,  -0.523101,-2.572,2.105,0
12387	start.hed	509.76,  -0.515577,-9.768,-0.542,0
