#LST
56	proj.img
359	start.hed	505.20,  1.922667,0.195,-2.155,0
1850	start.hed	511.80,  1.507093,3.783,2.052,0
3061	start.hed	500.66,  2.639563,-3.442,-0.522,0
3759	start.hed	512.34,  2.107002,3.966,2.114,1
3430	start.hed	510.31,  2.342417,3.471,0.706,1
4400	start.hed	508.39,  1.084922,-0.881,2.815,1
4580	start.hed	506.23,  2.355418,5.091,-4.376,0
5332	start.hed	511.70,  1.112623,-4.236,-12.157,0
5815	start.hed	506.68,  1.319469,9.000,9.000,0
6468	start.hed	504.43,  -1.157290,-3.639,2.055,1
7061	start.hed	509.19,  1.097515,-8.728,3.103,1
8138	start.hed	512.26,  1.872513,3.402,-9.449,0
8333	start.hed	507.63,  -1.640933,2.206,4.506,0
10097	start.hed	508.97,  0.537264,-0.399,10.280,1
10140	start.hed	510.56,  -1.938184,-10.830,-4.540,1
11144	start.hed	512.26,  1.872513,3.402,-9.449,0
14509	start.hed	507.12,  -1.303670,-7.166,7.955,1
14545	start.hed	507.45,  -3.022700,-2.092,-4.354,0
14767	start.hed	509.07,  1.819142,9.322,2.491,1
15151	start.hed	511.24,  -2.522229,6.570,-0.185,1
