#LST
196	proj.img
1119	start.hed	503.85,  0.012394,-0.293,7.861,0
172	start.hed	509.06,  1.729830,-0.545,-2.491,0
1789	start.hed	514.11,  1.906405,5.592,-2.766,1
3005	start.hed	509.63,  -0.702299,-4.321,3.132,1
2980	start.hed	502.29,  1.570796,-1.000,1.000,0
3315	start.hed	510.99,  0.347384,3.709,4.332,0
4534	start.hed	509.04,  -1.433292,-2.314,2.367,0
4980	start.hed	512.86,  0.726987,1.551,-0.821,0
7040	start.hed	516.03,  -2.207493,-1.342,0.894,1
7454	start.hed	506.75,  1.641829,8.403,-0.640,1
7878	start.hed	504.61,  2.092570,0.266,2.352,1
9776	start.hed	505.60,  -0.508059,-5.529,7.718,1
11908	start.hed	507.55,  -1.708113,-5.323,-0.656,1
12795	start.hed	505.12,  2.999619,5.877,-9.845,1
12924	start.hed	504.35,  -2.949505,1.148,-2.598,0
12988	start.hed	505.42,  -0.898947,-5.472,7.384,1
13047	start.hed	502.44,  -0.966237,-2.061,4.786,0
13386	start.hed	504.47,  -0.307109,-3.790,5.022,1
14223	start.hed	506.37,  0.323407,2.800,7.773,0
14768	start.hed	506.93,  3.292799,-2.591,-10.185,0
