#LST
14	proj.img
651	start.hed	504.49,  -0.418174,-0.119,8.373,1
1951	start.hed	505.19,  0.123770,2.208,-1.349,1
3400	start.hed	508.79,  -2.574454,-1.065,-0.744,0
3412	start.hed	502.95,  -1.498700,-4.913,0.947,0
4938	start.hed	508.48,  2.087444,3.916,-1.962,0
5088	start.hed	510.44,  1.280812,5.189,1.527,0
5543	start.hed	503.72,  2.258441,8.650,-8.069,1
6740	start.hed	503.97,  -2.153690,0.910,-14.508,1
7358	start.hed	509.44,  0.354646,-4.803,-1.296,0
8069	start.hed	508.21,  1.050574,5.154,5.134,0
8434	start.hed	506.30,  1.074610,6.049,-10.700,1
8731	start.hed	508.93,  2.925134,-3.532,-8.978,0
8837	start.hed	508.29,  -1.289800,-6.010,4.880,0
9783	start.hed	541.80,  0.320678,5.589,-0.283,1
10196	start.hed	507.99,  1.127538,11.150,2.700,0
11075	start.hed	508.21,  1.050574,5.154,5.134,0
11517	start.hed	508.29,  -1.362023,-9.264,0.535,1
11628	start.hed	509.00,  -1.355846,-9.296,0.287,1
12448	start.hed	509.89,  2.428052,10.510,-1.409,1
13946	start.hed	504.12,  -1.649748,-2.880,-2.333,1
