#LST
557	proj.img
1515	start.hed	511.33,  -0.340345,-3.515,1.145,1
1536	start.hed	510.09,  1.321042,1.640,4.279,1
2307	start.hed	507.54,  0.907687,3.329,-4.290,0
2945	start.hed	511.37,  -0.761496,-0.872,0.912,0
5623	start.hed	504.05,  -0.330695,2.780,4.676,0
5927	start.hed	507.63,  -2.166219,-0.801,-10.018,1
6142	start.hed	503.54,  -0.166004,-5.240,3.147,1
6491	start.hed	510.62,  0.305880,7.952,3.613,0
7315	start.hed	504.09,  -0.918730,-0.593,-2.073,1
7615	start.hed	505.98,  -1.912342,-4.761,-0.859,0
7918	start.hed	505.70,  -0.803909,-1.956,10.413,0
8743	start.hed	509.67,  2.383384,9.390,2.976,1
8636	start.hed	504.44,  1.344223,4.714,7.336,1
9107	start.hed	517.50,  0.056988,8.276,4.065,0
10232	start.hed	508.14,  -1.171317,-6.019,-4.656,1
11279	start.hed	506.89,  0.574690,6.096,3.730,0
12806	start.hed	509.13,  -2.348307,-5.558,1.412,0
14240	start.hed	508.77,  2.393920,4.089,-1.861,1
15143	start.hed	506.41,  1.730624,4.636,7.894,1
