#LST
486	proj.img
1354	start.hed	503.01,  3.023337,-10.427,6.028,0
2272	start.hed	504.88,  -1.634355,-7.670,7.184,0
2859	start.hed	505.48,  -0.771475,-9.998,4.279,0
3537	start.hed	515.67,  0.458313,-11.062,4.398,1
5283	start.hed	509.46,  2.875506,2.173,-5.765,1
5455	start.hed	505.15,  -2.851617,-0.513,-6.965,1
5658	start.hed	511.59,  -0.143494,-2.966,11.242,0
6375	start.hed	514.28,  0.088004,3.888,13.395,1
7198	start.hed	505.63,  1.393494,12.408,-6.339,1
7767	start.hed	510.56,  1.643943,6.795,1.573,1
8860	start.hed	505.02,  -0.937196,-9.083,2.001,1
9381	start.hed	505.51,  0.927734,8.332,-1.480,0
10918	start.hed	517.09,  -1.434899,-9.263,-9.446,0
11242	start.hed	505.96,  1.123481,11.298,-8.869,0
11926	start.hed	509.02,  -0.878120,-4.147,7.489,1
12472	start.hed	510.89,  2.342209,8.185,-7.276,0
12689	start.hed	502.67,  1.164491,6.643,8.798,0
12641	start.hed	505.17,  3.141737,-4.006,-10.927,1
12671	start.hed	504.06,  -1.993503,-10.476,-2.377,1
14005	start.hed	511.07,  -2.827634,-2.946,-6.420,0
14569	start.hed	510.27,  -2.110301,0.496,-8.029,1
