#LST
302	proj.img
258	start.hed	508.29,  -1.055726,-6.530,-1.622,0
671	start.hed	505.30,  -0.303125,5.622,5.479,1
3992	start.hed	501.94,  2.670097,-2.307,-6.947,1
4203	start.hed	503.98,  -0.549646,0.891,9.188,1
4678	start.hed	513.37,  -0.201716,-7.102,10.151,1
4831	start.hed	507.34,  -1.941682,-6.877,-8.560,1
4898	start.hed	508.31,  0.150536,5.523,4.146,1
5562	start.hed	505.96,  -3.210608,4.067,-5.233,0
5574	start.hed	510.09,  0.728251,-11.460,-9.101,0
5651	start.hed	504.40,  -1.960283,-3.630,-5.230,1
6758	start.hed	504.90,  -0.476821,-1.046,1.238,1
7566	start.hed	509.03,  -2.231906,5.486,-8.288,0
8007	start.hed	505.25,  0.435374,4.942,2.325,1
8367	start.hed	504.62,  0.005852,-5.954,7.024,0
8723	start.hed	507.71,  -1.904811,-5.113,-0.966,0
8955	start.hed	506.97,  2.693331,7.991,-4.464,0
9548	start.hed	506.71,  -2.722951,-8.265,0.102,1
9795	start.hed	513.67,  -1.157826,-5.106,-11.426,0
11559	start.hed	529.97,  1.568102,3.871,-5.003,1
14770	start.hed	505.07,  2.953097,-2.000,-7.000,1
