#LST
514	proj.img
1703	start.hed	506.64,  2.530281,4.069,-5.791,0
1933	start.hed	508.84,  -1.476601,-1.830,-2.894,1
2339	start.hed	505.75,  -2.979912,3.135,-6.357,0
2422	start.hed	514.50,  -1.012900,3.264,3.532,0
2823	start.hed	508.17,  1.773214,5.541,-2.483,0
3327	start.hed	505.24,  0.442340,3.461,4.413,0
4706	start.hed	506.07,  -2.187371,-1.734,-3.784,1
5895	start.hed	505.27,  1.359131,8.798,2.738,1
6400	start.hed	509.60,  -2.328685,8.080,12.202,1
6655	start.hed	503.17,  -2.248528,9.312,1.965,1
6817	start.hed	500.36,  -1.277574,-8.040,6.842,1
8205	start.hed	505.40,  -1.737632,-4.719,-1.384,0
8816	start.hed	506.13,  -0.998336,-2.518,3.300,0
9287	start.hed	504.06,  0.396896,-2.831,12.090,1
11353	start.hed	515.35,  0.286407,-3.056,7.839,0
12728	start.hed	506.42,  -3.179889,3.993,-11.336,0
12663	start.hed	504.24,  1.018792,2.560,10.060,0
13440	start.hed	505.23,  -2.634006,-12.749,3.046,0
13947	start.hed	507.52,  -1.248376,-5.203,3.681,1
15201	start.hed	506.02,  1.874732,6.919,-4.219,1
