#LST
209	proj.img
754	start.hed	505.84,  -2.562303,-2.179,14.059,1
901	start.hed	510.12,  0.336394,-2.688,8.707,0
925	start.hed	501.60,  -2.419288,0.459,0.604,0
2636	start.hed	504.92,  -0.428256,-4.985,3.873,0
2638	start.hed	508.50,  2.239432,13.311,0.427,1
3889	start.hed	505.95,  0.887706,5.749,8.231,0
4565	start.hed	511.10,  2.296880,1.405,0.105,1
4608	start.hed	509.08,  -2.600276,-2.865,-5.413,1
5470	start.hed	508.26,  0.034183,6.976,2.390,1
5667	start.hed	508.67,  -2.266902,0.147,-4.293,0
6527	start.hed	509.34,  -1.068565,-13.401,1.597,0
6719	start.hed	506.60,  -1.378419,-11.095,8.935,1
6582	start.hed	508.39,  3.072239,9.244,3.043,0
9709	start.hed	506.00,  -1.663787,1.878,-1.957,1
10649	start.hed	506.42,  -3.013957,12.685,6.452,0
11387	start.hed	504.57,  -0.215006,0.742,-2.209,1
11911	start.hed	511.43,  2.626227,-12.552,-2.738,1
12737	start.hed	508.12,  1.513360,14.339,-1.258,1
12947	start.hed	506.64,  -0.890917,10.449,-9.714,1
13798	start.hed	508.96,  2.760944,-2.556,-3.797,1
15061	start.hed	512.21,  2.195114,2.928,-3.781,1
