#LST
669	proj.img
77	start.hed	511.07,  -2.455036,-4.825,-1.590,0
542	start.hed	512.14,  0.708778,-1.672,3.183,1
1730	start.hed	508.54,  1.074117,8.604,8.421,0
4505	start.hed	506.22,  1.477152,3.077,6.353,1
4694	start.hed	506.12,  -0.465183,-9.229,-9.787,1
5732	start.hed	502.31,  2.842983,-1.066,-5.276,0
5789	start.hed	509.29,  -2.751088,-0.344,-2.580,0
6962	start.hed	505.31,  -1.527966,-8.349,-1.587,1
7394	start.hed	502.80,  0.037695,-8.611,7.117,1
7695	start.hed	507.71,  2.005878,3.730,-1.815,1
7832	start.hed	503.88,  -2.245544,-2.421,-1.114,1
7868	start.hed	506.34,  0.873511,6.151,-1.268,0
7730	start.hed	506.95,  1.203885,5.579,13.477,1
8013	start.hed	512.09,  1.142021,14.416,-1.704,1
8538	start.hed	504.37,  -2.062301,-12.492,5.859,1
9024	start.hed	504.54,  -2.667748,-4.954,-0.038,0
9858	start.hed	511.94,  0.806960,4.172,5.119,1
10385	start.hed	502.83,  1.449821,3.991,5.991,1
11278	start.hed	504.48,  -0.940030,-5.834,-0.727,1
