#LST
698	proj.img
1283	start.hed	506.28,  0.520547,4.064,3.929,0
2558	start.hed	510.85,  -2.026110,-5.993,-2.870,1
3161	start.hed	506.13,  -2.543926,-10.931,9.581,0
4763	start.hed	505.54,  -3.074518,1.391,-2.187,0
6292	start.hed	505.84,  -0.317741,-2.590,4.666,1
6507	start.hed	505.50,  -3.017247,-2.149,-5.510,1
6928	start.hed	501.45,  -1.554274,-1.172,-3.217,0
7051	start.hed	498.85,  -0.084637,4.387,1.258,1
7910	start.hed	505.76,  0.562414,6.595,2.294,1
9335	start.hed	512.57,  0.293611,-1.523,3.582,0
9941	start.hed	518.07,  -1.914804,-12.848,-2.711,1
12015	start.hed	510.83,  -0.399817,-1.863,7.018,1
12142	start.hed	510.83,  -0.399817,-1.863,7.018,1
12922	start.hed	505.18,  2.872635,-4.568,-4.670,0
13022	start.hed	508.27,  1.570923,1.935,7.788,1
14441	start.hed	511.36,  1.240331,8.930,-3.758,0
14910	start.hed	511.62,  -1.463718,-5.402,-3.667,0
15142	start.hed	507.25,  -2.411521,-3.984,-3.670,1
15332	start.hed	502.40,  -1.857398,-5.703,-0.432,0
