#LST
137	proj.img
5175	start.hed	503.74,  -1.659727,-4.570,0.959,1
5615	start.hed	515.19,  2.691787,1.995,-1.678,1
5636	start.hed	508.12,  -1.157919,-6.013,4.100,1
5708	start.hed	503.63,  -0.632187,-6.439,9.336,1
6419	start.hed	508.30,  -0.162530,0.825,5.053,0
6585	start.hed	504.00,  1.286280,10.053,-0.723,1
7537	start.hed	513.31,  2.173260,8.043,-5.638,1
8026	start.hed	515.87,  -1.611977,-7.829,0.664,1
8182	start.hed	510.81,  2.488977,1.055,-2.397,1
8784	start.hed	508.03,  2.396620,4.647,-7.107,0
8581	start.hed	503.60,  1.558526,6.867,-0.089,0
9914	start.hed	504.64,  -2.244612,-11.304,-7.937,1
11722	start.hed	505.81,  -1.812673,-4.854,0.119,1
12550	start.hed	506.04,  1.928249,11.626,-3.249,0
13614	start.hed	515.26,  -0.789275,-8.812,7.829,0
13780	start.hed	504.95,  1.601893,3.586,-0.660,1
14106	start.hed	514.27,  2.939024,0.196,-8.442,1
14420	start.hed	505.24,  0.535424,3.783,7.441,0
