#LST
332	proj.img
342	start.hed	503.97,  -2.166633,-0.293,-10.259,1
205	start.hed	509.50,  2.567125,7.946,-4.082,1
1996	start.hed	502.18,  -1.127111,-12.956,4.705,0
2902	start.hed	499.20,  2.824425,-5.091,-1.462,0
3626	start.hed	509.39,  1.062319,3.688,4.306,1
3765	start.hed	510.85,  -0.323178,-2.770,4.425,0
6583	start.hed	505.97,  -2.551991,-4.290,-8.132,1
7102	start.hed	504.65,  2.804730,6.953,-2.836,1
7969	start.hed	504.92,  -2.322020,-4.084,-3.499,0
8134	start.hed	504.57,  -1.919622,0.882,-9.941,1
9219	start.hed	509.63,  -0.603567,-5.079,8.919,0
9830	start.hed	505.76,  -2.343731,-4.087,-6.468,1
9881	start.hed	505.49,  -0.388529,-6.628,0.597,1
10801	start.hed	531.20,  -1.486492,-8.354,3.261,0
11140	start.hed	504.57,  -1.919622,0.882,-9.941,1
11857	start.hed	504.21,  2.588561,4.001,-5.640,0
12512	start.hed	507.71,  -1.946683,-7.443,1.441,1
12808	start.hed	507.95,  -1.938365,-7.552,1.442,1
13755	start.hed	509.68,  0.711597,-6.123,10.146,0
