#LST
23	proj.img
728	start.hed	510.34,  -2.546889,8.872,1.281,0
1975	start.hed	508.20,  -1.339426,4.542,-8.509,0
4156	start.hed	507.16,  -0.629732,-5.167,-7.128,0
4992	start.hed	505.01,  -1.852089,9.442,-3.647,0
5265	start.hed	499.04,  2.618278,-3.928,-13.513,1
5827	start.hed	509.15,  -0.472782,13.300,0.095,1
6718	start.hed	504.45,  2.117437,-10.408,-5.705,1
7017	start.hed	509.17,  -0.001982,-3.957,0.022,0
7432	start.hed	504.49,  1.749638,4.278,5.399,1
8670	start.hed	515.42,  2.046146,-2.138,-10.762,1
9713	start.hed	523.53,  -1.511988,1.166,7.931,1
10534	start.hed	510.43,  2.087451,0.034,-6.575,1
11864	start.hed	505.08,  -1.643870,12.246,5.940,1
12022	start.hed	512.52,  3.092153,7.628,5.843,0
12046	start.hed	501.10,  -0.798539,-1.265,-0.310,1
12149	start.hed	512.52,  3.092153,7.628,5.843,0
12173	start.hed	501.10,  -0.798539,-1.265,-0.310,1
12379	start.hed	508.93,  2.341764,-13.273,-0.209,1
14045	start.hed	510.19,  0.342059,1.065,-2.246,1
14625	start.hed	503.16,  -3.049633,-13.011,6.659,1
