#LST
610	proj.img
789	start.hed	508.37,  -1.778380,-11.269,-6.544,0
636	start.hed	505.07,  -0.456688,-3.114,-8.208,1
491	start.hed	503.90,  2.980329,-9.169,-5.608,0
1003	start.hed	508.47,  -1.484993,-5.846,-1.196,0
1339	start.hed	506.26,  1.815801,10.346,7.381,0
3862	start.hed	511.22,  -1.977250,1.810,-7.188,1
4672	start.hed	507.21,  2.240532,5.695,4.809,1
7332	start.hed	504.72,  2.610008,-4.819,-9.020,1
7916	start.hed	506.65,  2.237470,-3.196,-9.865,0
7961	start.hed	504.13,  -2.098464,-4.695,-10.040,1
9412	start.hed	502.46,  -0.313930,6.018,-5.635,0
9474	start.hed	517.93,  0.786188,-8.884,10.641,0
9906	start.hed	504.54,  2.018286,11.470,4.961,1
10041	start.hed	511.79,  2.428007,-3.760,-6.191,1
10527	start.hed	504.82,  -1.649571,-6.223,2.098,0
10709	start.hed	503.35,  -2.454722,-11.066,4.005,0
11385	start.hed	508.92,  -2.323972,4.948,-8.675,1
12499	start.hed	508.21,  -1.443203,-6.491,-5.213,0
13990	start.hed	512.26,  1.238064,2.622,7.232,1
14158	start.hed	505.39,  2.011852,4.074,-9.228,0
14323	start.hed	506.95,  -0.627580,-5.715,-1.738,1
14352	start.hed	505.50,  0.290865,4.329,1.996,0
