#LST
403	proj.img
265	start.hed	508.79,  1.584453,-0.788,4.345,0
519	start.hed	515.60,  0.553902,7.507,0.860,1
1004	start.hed	513.78,  1.807053,4.078,-13.569,1
4104	start.hed	515.24,  -0.208410,0.001,13.285,1
5499	start.hed	507.34,  1.790661,5.309,-3.374,1
6804	start.hed	504.26,  -3.085167,10.153,-10.199,0
8684	start.hed	507.57,  -1.140829,1.601,-9.958,1
8985	start.hed	503.65,  2.800943,-7.080,1.428,1
9606	start.hed	508.46,  -2.808748,10.699,-3.452,1
9584	start.hed	510.43,  0.265635,-1.046,10.963,0
12523	start.hed	509.65,  -1.733754,-4.954,-3.662,0
12771	start.hed	505.59,  2.338724,0.540,-12.243,1
12819	start.hed	510.61,  -1.731141,-4.508,-3.735,0
13620	start.hed	514.64,  1.553653,5.261,-5.228,1
13819	start.hed	521.91,  -2.614768,-12.097,-3.088,1
13914	start.hed	514.64,  2.897376,-3.888,-5.718,1
14389	start.hed	506.21,  -0.941607,0.430,9.277,1
14417	start.hed	525.79,  1.146127,10.307,-2.435,1
14693	start.hed	508.23,  -1.298912,-6.649,-3.697,1
14734	start.hed	516.70,  2.001771,9.907,0.411,1
