#LST
25	proj.img
266	start.hed	511.45,  0.306038,-7.901,7.494,0
267	start.hed	500.20,  2.934048,-1.983,3.702,0
2406	start.hed	510.40,  1.226321,0.391,-0.217,1
2489	start.hed	508.07,  2.593194,-6.368,-1.560,1
2495	start.hed	513.72,  1.138661,1.069,-7.849,1
3557	start.hed	521.99,  -1.586321,-2.317,1.312,1
5624	start.hed	516.38,  2.340370,6.561,6.697,0
5942	start.hed	502.37,  1.026726,6.463,-2.777,1
6705	start.hed	506.36,  2.013954,10.491,-5.241,1
7480	start.hed	500.09,  2.031646,5.370,-1.549,0
8283	start.hed	504.15,  -0.625242,-4.424,-2.668,0
10531	start.hed	508.65,  0.951969,-0.880,-5.307,1
10934	start.hed	507.47,  -1.142509,-10.816,-6.076,0
11005	start.hed	512.00,  1.333761,-4.309,-5.812,1
12704	start.hed	508.61,  0.218848,-1.455,9.551,0
12889	start.hed	511.18,  0.413511,-1.995,1.126,0
14063	start.hed	504.23,  -1.272000,-3.392,-7.433,0
14452	start.hed	506.31,  2.588341,-2.160,-7.865,1
14466	start.hed	511.55,  0.220324,-0.132,3.206,1
14696	start.hed	507.12,  -0.845376,-6.745,-3.506,0
14871	start.hed	505.94,  -0.840437,-6.780,-3.322,0
