#LST
443	proj.img
75	start.hed	511.12,  0.352196,5.359,2.079,0
1791	start.hed	509.61,  -2.494301,-7.049,-5.474,1
2259	start.hed	509.20,  -2.395490,-5.209,-2.839,0
3388	start.hed	516.19,  0.529528,6.716,0.978,0
3467	start.hed	517.98,  -0.460099,-3.946,5.666,1
4444	start.hed	506.65,  -2.711212,-1.977,-3.620,0
4634	start.hed	515.26,  -1.274541,-4.411,1.941,0
5444	start.hed	504.38,  3.028128,-8.021,-7.447,0
6337	start.hed	510.96,  -1.481775,-4.654,4.598,0
6707	start.hed	506.30,  1.814379,-4.166,-8.747,0
7151	start.hed	504.00,  1.494839,2.728,5.167,1
7427	start.hed	509.26,  0.773831,2.698,2.377,0
8789	start.hed	506.43,  1.809827,6.555,-2.270,0
9657	start.hed	505.40,  1.480876,4.838,4.676,1
11301	start.hed	509.03,  -1.084078,-7.160,-5.631,0
11382	start.hed	509.79,  -0.533938,-4.347,11.482,0
13027	start.hed	506.80,  -2.941161,-1.900,-7.594,0
13799	start.hed	510.96,  -1.112061,-2.954,4.521,0
14092	start.hed	504.50,  2.649206,-1.301,-7.400,0
14242	start.hed	510.94,  -2.078891,-5.115,-0.071,0
14720	start.hed	517.98,  -2.262849,-5.361,0.338,0
15002	start.hed	519.27,  -1.323720,-7.079,1.756,1
15101	start.hed	512.91,  1.435444,12.475,-1.058,1
