#LST
100	proj.img
113	start.hed	508.67,  2.351198,2.258,-8.170,1
189	start.hed	509.68,  0.924038,3.135,0.227,1
2287	start.hed	511.25,  -0.240854,4.855,-13.232,0
1992	start.hed	506.32,  2.141131,1.822,-1.217,1
4106	start.hed	503.82,  -3.035749,9.234,-10.716,1
4431	start.hed	511.14,  -1.760772,-4.060,3.586,1
4838	start.hed	501.00,  2.378889,4.067,-2.467,0
5091	start.hed	506.98,  -0.220855,1.539,6.579,0
5185	start.hed	507.17,  -1.779997,-0.300,-1.709,0
5329	start.hed	510.88,  2.714821,10.159,-10.319,0
7011	start.hed	506.82,  1.033338,2.098,4.902,0
7137	start.hed	504.12,  1.115234,10.304,-2.820,1
7510	start.hed	506.90,  -3.039254,-7.285,8.171,1
9429	start.hed	514.00,  -0.617756,-4.612,4.232,0
9708	start.hed	501.29,  2.820325,5.725,-4.866,0
14870	start.hed	503.50,  0.747128,8.885,3.284,0
15222	start.hed	509.52,  1.170164,5.723,8.227,1
15137	start.hed	513.39,  -0.536395,-6.706,3.234,0
