#LST
537	proj.img
223	start.hed	511.49,  0.002638,-1.062,4.956,0
696	start.hed	511.29,  0.715846,-1.721,8.706,0
621	start.hed	505.28,  -2.159326,-5.606,5.871,1
1192	start.hed	513.82,  3.061944,2.954,-4.082,0
537	start.hed	504.21,  1.321062,3.693,-3.598,1
1643	start.hed	510.41,  0.224479,5.684,0.941,1
2457	start.hed	520.49,  1.570796,6.000,2.000,0
2811	start.hed	513.63,  -3.031567,-0.234,-4.065,1
3085	start.hed	509.24,  -1.015594,-4.504,0.321,0
4745	start.hed	508.49,  -1.844773,-6.156,2.133,1
6773	start.hed	507.21,  2.968350,5.754,-3.119,0
8403	start.hed	507.41,  1.231814,1.364,8.739,0
8305	start.hed	504.21,  -2.805329,0.213,-5.830,0
8577	start.hed	527.95,  1.992687,0.349,-7.262,0
9146	start.hed	501.63,  -0.044673,4.454,9.060,1
9843	start.hed	508.58,  2.798568,1.703,-3.742,1
10747	start.hed	507.44,  -1.976205,-10.847,-3.982,1
11442	start.hed	507.19,  0.606782,3.077,4.190,1
11546	start.hed	506.83,  0.605256,2.997,4.101,1
12400	start.hed	508.86,  -2.298840,-6.714,-3.376,1
13913	start.hed	508.80,  0.868548,2.690,2.397,1
14512	start.hed	514.11,  -1.858745,-4.005,-2.651,0
