#LST
291	proj.img
469	start.hed	504.03,  2.671653,3.046,-6.147,0
67	start.hed	512.82,  -3.035094,-2.266,-4.625,0
2161	start.hed	508.02,  -0.482401,-2.236,1.973,1
2670	start.hed	512.62,  1.316260,-12.624,0.372,0
4206	start.hed	523.70,  1.044438,4.393,0.016,0
4752	start.hed	507.39,  2.489531,4.138,-2.560,1
4480	start.hed	508.42,  0.432445,0.614,4.248,1
5325	start.hed	510.08,  -0.509646,-3.601,4.652,0
5340	start.hed	504.72,  -1.655052,-3.117,0.473,0
5988	start.hed	513.13,  -0.032496,0.559,2.065,1
6656	start.hed	501.93,  -1.009557,-0.743,6.378,0
8616	start.hed	509.14,  -0.977882,-5.450,5.881,0
9356	start.hed	503.36,  -1.697715,2.167,2.583,0
9712	start.hed	522.19,  -1.456167,-3.116,2.240,0
10238	start.hed	504.73,  2.196349,5.326,-2.294,1
11820	start.hed	508.74,  2.185836,0.941,-0.680,0
12723	start.hed	502.00,  -1.058002,-3.590,5.024,0
14161	start.hed	507.42,  -1.567617,-6.933,-2.918,1
