#LST
203	proj.img
437	start.hed	505.52,  -0.876435,5.147,7.212,1
286	start.hed	508.00,  -0.585315,6.094,4.812,1
541	start.hed	508.70,  -1.393176,-2.787,6.947,1
1818	start.hed	512.47,  2.727055,8.989,6.643,1
2433	start.hed	507.28,  -1.925537,6.231,-5.885,0
2738	start.hed	508.72,  2.665136,-4.510,-10.505,1
2907	start.hed	500.79,  -2.986280,-8.822,8.056,0
4302	start.hed	514.82,  -1.897910,-4.293,8.300,1
4437	start.hed	515.84,  0.613329,-11.839,-5.418,1
5524	start.hed	516.37,  -1.729406,1.701,7.901,1
5673	start.hed	510.36,  -1.604013,0.294,7.475,1
5924	start.hed	506.08,  -0.243611,6.335,4.079,1
6689	start.hed	516.85,  -0.985136,12.831,6.638,0
6898	start.hed	509.55,  1.684598,-1.738,-5.927,1
8876	start.hed	504.62,  2.750375,7.666,4.106,0
9994	start.hed	516.58,  -0.994714,-7.448,-6.197,0
10237	start.hed	510.41,  -1.531901,-0.382,8.295,1
11299	start.hed	508.16,  1.059837,-7.034,9.715,1
11513	start.hed	510.03,  2.390654,1.863,3.453,0
11624	start.hed	509.96,  2.390020,1.890,3.411,0
