#LST
441	proj.img
2609	start.hed	504.96,  -1.228990,-13.048,2.281,1
2722	start.hed	515.99,  -0.303717,5.383,11.874,1
2893	start.hed	505.52,  2.100056,2.762,-9.625,0
4068	start.hed	511.15,  -3.081979,-1.967,-8.446,0
5281	start.hed	506.53,  1.890876,4.782,-0.938,0
6028	start.hed	506.67,  1.514353,5.295,2.934,1
6186	start.hed	503.05,  -1.824919,-3.282,-0.388,1
6163	start.hed	517.09,  -2.666626,-10.110,-0.241,0
8109	start.hed	503.74,  -0.278325,-5.377,3.166,1
8671	start.hed	505.09,  2.093904,10.925,4.121,1
10579	start.hed	503.15,  -2.656124,-7.336,-11.411,1
10855	start.hed	504.21,  1.122433,-11.607,-8.798,0
11115	start.hed	503.74,  -0.278325,-5.377,3.166,1
12497	start.hed	508.30,  1.710015,9.213,1.856,1
12732	start.hed	506.69,  -1.867065,-8.670,-2.338,0
13152	start.hed	508.76,  2.503918,3.714,0.652,1
13491	start.hed	508.76,  2.503918,3.714,0.652,1
13886	start.hed	504.19,  2.497967,4.056,-10.118,0
14636	start.hed	502.82,  -1.195690,-10.180,1.450,1
