#LST
440	proj.img
650	start.hed	504.24,  2.300663,10.765,-4.350,1
668	start.hed	501.30,  -0.024569,-3.920,13.083,1
1295	start.hed	508.52,  2.603847,7.055,-5.570,1
2342	start.hed	506.27,  -1.061236,-13.820,3.751,0
2618	start.hed	508.52,  -1.601393,-8.416,-4.477,1
2641	start.hed	503.22,  -0.211787,1.546,14.205,1
3126	start.hed	516.66,  2.937576,7.508,-11.822,1
4638	start.hed	508.61,  -1.816702,-2.577,-6.641,1
5047	start.hed	511.06,  -0.467194,-1.446,5.425,1
7498	start.hed	504.32,  1.038588,12.030,7.508,0
7355	start.hed	506.61,  2.016517,9.146,-3.950,0
8323	start.hed	504.47,  -2.721243,1.168,-8.449,1
9553	start.hed	510.50,  1.673123,11.164,-7.481,1
10390	start.hed	503.52,  -0.490972,-9.126,5.816,1
10687	start.hed	513.81,  0.090018,-3.064,4.354,1
10763	start.hed	506.86,  1.132101,8.393,-1.796,0
11017	start.hed	503.04,  -0.935662,-4.495,3.108,1
13635	start.hed	507.90,  2.009538,0.741,-5.482,0
14487	start.hed	505.01,  1.517820,6.519,-7.012,0
14633	start.hed	507.70,  -0.392437,6.994,6.425,0
15283	start.hed	504.12,  2.295517,-0.722,-5.859,0
15308	start.hed	503.24,  0.611552,1.185,7.523,1
