#LST
526	proj.img
101	start.hed	509.40,  -0.131242,3.974,7.223,1
1468	start.hed	507.05,  2.418115,7.217,-3.309,0
2978	start.hed	502.18,  1.908291,7.039,-7.165,1
3387	start.hed	513.69,  0.899778,7.467,2.320,1
3658	start.hed	505.69,  0.735716,7.279,2.456,1
4544	start.hed	513.90,  -1.412392,-9.343,-4.950,0
4682	start.hed	515.94,  -1.783960,-6.619,-8.857,0
5290	start.hed	526.85,  0.738617,11.748,2.652,1
7066	start.hed	506.16,  -2.488256,-4.745,-4.394,0
7755	start.hed	512.45,  1.041181,7.160,5.837,1
8956	start.hed	503.36,  0.514829,6.239,7.219,1
9311	start.hed	507.78,  -2.858692,-10.802,-2.417,1
9417	start.hed	510.55,  -1.908077,-7.460,1.534,1
9689	start.hed	507.85,  -0.877232,5.803,-12.432,0
9737	start.hed	510.37,  2.217871,8.132,1.297,0
9985	start.hed	508.45,  -2.770484,-2.639,-4.097,0
10825	start.hed	509.48,  1.267852,10.131,-2.352,1
12436	start.hed	507.59,  2.757171,-1.318,-13.026,1
