#LST
379	proj.img
699	start.hed	503.26,  -0.760824,-1.437,5.447,0
2305	start.hed	508.04,  -3.072243,-6.569,-7.257,0
4045	start.hed	518.54,  2.326414,8.267,-3.594,1
4158	start.hed	506.84,  -1.664201,-4.681,-6.251,1
4488	start.hed	506.45,  -1.327266,-7.583,10.754,0
5111	start.hed	504.14,  -2.402645,-1.374,-1.888,1
7889	start.hed	501.82,  -2.344637,-12.892,1.308,0
8251	start.hed	509.89,  1.195106,10.702,-6.104,0
8708	start.hed	513.04,  -2.081474,-0.507,-8.957,1
9342	start.hed	508.27,  2.258013,4.668,-0.666,1
9367	start.hed	502.10,  -1.149946,-0.721,14.088,0
11355	start.hed	508.00,  -1.081494,-4.201,-1.919,0
12063	start.hed	506.17,  1.105898,4.667,4.976,1
12190	start.hed	506.17,  1.105898,4.667,4.976,1
12276	start.hed	515.18,  -0.884034,-4.485,7.114,0
12793	start.hed	502.24,  -0.407439,6.656,12.348,0
14453	start.hed	517.83,  -1.148464,-10.232,-5.367,1
14689	start.hed	510.08,  -1.714351,10.284,8.666,1
15301	start.hed	507.09,  0.407677,-2.072,8.295,1
