#LST
491	proj.img
766	start.hed	505.29,  -2.240333,2.836,-13.499,1
1104	start.hed	508.49,  1.001348,10.055,1.336,0
2605	start.hed	509.26,  -0.091900,-2.703,3.523,0
3339	start.hed	510.44,  -2.057261,-6.234,-11.205,1
4187	start.hed	507.21,  -2.822569,8.775,-8.821,1
4951	start.hed	503.67,  0.196620,-0.545,5.378,1
5699	start.hed	504.45,  1.134633,8.418,7.488,0
6033	start.hed	501.20,  2.923620,-0.332,-5.923,0
7274	start.hed	506.18,  -1.798000,-5.489,-7.561,1
7582	start.hed	508.95,  1.319102,4.557,-6.184,0
8515	start.hed	503.70,  -1.572023,-10.991,4.998,1
9697	start.hed	505.38,  -2.411060,-10.711,-0.791,0
10932	start.hed	505.62,  2.871487,9.569,-4.977,1
11399	start.hed	505.27,  -1.618051,-2.132,-13.837,0
11822	start.hed	509.33,  0.941997,3.594,10.785,1
12630	start.hed	504.73,  -2.670945,-8.755,8.865,0
14168	start.hed	511.06,  -2.104139,-6.279,4.104,0
14098	start.hed	508.69,  -2.377827,0.579,-4.108,0
14496	start.hed	503.92,  1.237622,0.207,12.580,0
15306	start.hed	517.28,  -0.889808,-1.603,-14.106,1
