#LST
325	proj.img
959	start.hed	500.73,  -2.649241,8.623,4.432,1
1909	start.hed	512.96,  2.123492,-8.910,-6.710,0
1766	start.hed	513.89,  0.149680,1.518,12.655,0
2499	start.hed	508.21,  1.345930,-0.268,-2.653,0
2624	start.hed	506.50,  1.885871,1.283,-3.912,0
4914	start.hed	507.92,  -2.213710,-12.144,-2.473,0
4972	start.hed	504.32,  1.529169,6.419,-2.856,0
5457	start.hed	506.67,  3.006512,1.093,-4.671,1
5242	start.hed	505.44,  -2.383626,-10.167,8.014,1
5408	start.hed	504.69,  -0.326208,13.344,4.063,1
6418	start.hed	505.06,  0.339273,1.191,8.876,1
6903	start.hed	506.10,  -1.268280,-6.695,-5.899,0
9113	start.hed	512.22,  1.048268,6.827,12.658,1
9618	start.hed	509.63,  0.699107,12.309,-0.607,0
9676	start.hed	506.46,  1.116327,6.122,-9.906,0
10149	start.hed	520.02,  0.355429,-3.210,11.329,0
14150	start.hed	500.50,  -0.455191,-11.514,0.573,1
15257	start.hed	503.48,  0.817754,2.769,11.043,1
