#LST
442	proj.img
473	start.hed	508.89,  -2.699142,7.074,-8.574,1
76	start.hed	519.00,  -2.699857,-4.916,-6.427,1
1908	start.hed	508.17,  1.229449,0.919,3.669,1
4201	start.hed	515.09,  -0.433579,0.144,11.562,0
4140	start.hed	513.97,  -0.066482,3.530,5.624,1
4701	start.hed	506.15,  -2.950955,-10.565,-0.688,0
6151	start.hed	503.72,  -3.095052,7.428,-5.720,1
6476	start.hed	502.61,  1.213857,7.322,-0.976,0
7022	start.hed	503.26,  1.120645,6.989,-0.674,0
7189	start.hed	506.01,  -2.058667,-12.255,-6.634,1
8750	start.hed	502.47,  -1.571610,-6.959,3.995,0
9050	start.hed	506.50,  1.384132,10.402,-0.579,0
9374	start.hed	505.13,  -2.051429,6.724,-8.163,1
9238	start.hed	504.74,  1.653005,10.567,-0.871,1
9577	start.hed	503.37,  -1.488560,-4.556,-0.377,1
10339	start.hed	504.86,  -3.098300,1.066,-3.839,1
11258	start.hed	504.16,  -3.060209,-7.063,-4.556,0
12424	start.hed	502.13,  1.518195,5.189,-4.355,1
13092	start.hed	508.91,  -2.907997,0.725,-4.944,1
13842	start.hed	507.24,  -1.262866,-10.681,6.201,1
14183	start.hed	510.44,  -2.557169,-2.885,0.382,1
14613	start.hed	508.34,  -3.172756,8.701,-9.879,0
