#LST
368	proj.img
1236	start.hed	508.00,  -3.063571,-3.719,-11.783,1
2390	start.hed	530.95,  -2.599125,-2.713,-8.282,0
2741	start.hed	523.35,  -1.378367,-1.705,3.997,1
3750	start.hed	512.76,  1.790981,12.055,-4.757,0
4705	start.hed	515.20,  0.033743,1.559,8.601,0
6204	start.hed	506.35,  -1.898814,-4.908,-3.375,0
7453	start.hed	503.75,  -2.399677,-2.782,-0.909,1
7507	start.hed	502.29,  -2.196097,-7.990,-5.111,1
7942	start.hed	503.37,  0.125476,0.734,7.199,1
9075	start.hed	510.01,  -0.806265,-3.939,10.793,1
9110	start.hed	507.82,  3.160913,0.214,-3.803,1
9643	start.hed	505.93,  0.803197,3.624,3.586,0
10075	start.hed	507.23,  1.134858,5.998,3.485,1
10955	start.hed	514.01,  2.710979,2.569,-3.072,0
12413	start.hed	506.10,  -1.381640,-4.285,-0.067,0
12590	start.hed	511.66,  -3.014867,-0.667,-6.293,1
14227	start.hed	501.50,  0.403905,3.508,3.048,0
14083	start.hed	510.66,  -2.237492,-6.638,-3.565,1
14089	start.hed	507.08,  -2.255460,-3.337,-4.933,0
14241	start.hed	512.87,  -2.134433,-1.080,-2.904,0
14657	start.hed	504.20,  0.926747,8.073,6.558,0
14963	start.hed	508.79,  1.728807,5.651,0.076,1
