#LST
513	proj.img
856	start.hed	504.13,  1.769742,3.317,-3.113,0
1110	start.hed	504.62,  -3.121070,-1.729,-4.121,0
1265	start.hed	498.01,  2.128460,5.135,-1.490,1
1642	start.hed	506.66,  0.759546,6.040,0.519,1
3389	start.hed	512.53,  0.847167,4.424,-0.897,0
3915	start.hed	513.70,  0.451525,1.070,2.596,1
4936	start.hed	511.90,  3.048600,-1.296,-6.959,0
4939	start.hed	506.34,  -2.874773,-5.787,-12.189,1
6252	start.hed	503.15,  -0.695828,-2.302,3.835,0
6211	start.hed	511.36,  -0.715217,-4.140,0.710,1
6333	start.hed	508.44,  1.795822,5.518,-3.892,0
6642	start.hed	504.27,  1.615505,6.382,0.388,1
7622	start.hed	506.90,  0.663363,3.471,5.285,1
7785	start.hed	505.32,  0.126299,6.285,8.143,0
7999	start.hed	509.36,  -2.031667,1.847,7.911,0
8604	start.hed	500.19,  2.429828,2.063,-1.016,0
9459	start.hed	515.70,  0.082517,-0.582,5.572,1
9973	start.hed	512.49,  -1.291276,-6.979,2.252,0
12289	start.hed	511.64,  0.270089,-0.869,4.533,1
12826	start.hed	510.05,  1.989533,6.575,-0.824,0
14190	start.hed	509.07,  -0.067691,-1.408,1.554,1
