#LST
207	proj.img
1554	start.hed	506.63,  2.186619,7.217,2.800,0
1555	start.hed	505.08,  -3.160034,-7.005,-5.764,1
1473	start.hed	509.42,  -0.209613,-4.312,5.942,0
2154	start.hed	514.38,  -2.323321,-5.881,0.742,0
2023	start.hed	521.63,  -2.397948,7.753,-1.859,0
2384	start.hed	561.27,  1.527272,14.333,-1.131,0
3306	start.hed	509.36,  2.558484,6.190,-4.898,0
3708	start.hed	525.22,  -0.054311,-0.408,2.655,1
3788	start.hed	517.47,  -1.998313,-0.683,-10.149,0
4497	start.hed	507.07,  -2.501764,8.075,-8.342,0
4927	start.hed	505.71,  0.083870,6.166,0.395,1
5672	start.hed	514.16,  0.067089,-3.849,11.964,0
6235	start.hed	508.25,  1.982587,9.485,7.237,0
6714	start.hed	509.37,  0.154194,4.904,-0.517,1
8325	start.hed	510.00,  0.869439,2.924,5.902,0
8858	start.hed	508.64,  -0.263251,13.315,-2.851,1
11734	start.hed	511.07,  2.449317,1.925,-5.209,1
12310	start.hed	508.82,  -0.609987,4.192,7.077,1
14140	start.hed	505.19,  1.391436,9.611,3.485,1
