#LST
387	proj.img
528	start.hed	511.17,  -2.331834,-8.524,-9.188,1
539	start.hed	505.34,  1.659219,7.561,2.697,0
1463	start.hed	505.79,  1.693500,7.786,4.620,1
3185	start.hed	507.94,  -1.139659,-9.579,1.846,0
3268	start.hed	506.62,  -1.138461,-9.965,1.758,0
4382	start.hed	516.39,  -1.207851,-8.462,2.825,0
4708	start.hed	510.14,  0.299089,3.155,6.173,0
4991	start.hed	506.23,  -1.573664,-0.018,7.073,0
5016	start.hed	510.24,  2.181204,3.270,-10.338,0
6610	start.hed	513.03,  0.367421,-1.300,7.293,1
6881	start.hed	506.54,  -0.134407,-7.519,1.607,1
6887	start.hed	512.75,  1.501963,6.528,2.723,1
6997	start.hed	507.76,  1.044536,-1.669,4.098,1
9318	start.hed	508.77,  1.788551,-0.471,1.990,1
9432	start.hed	513.30,  -0.540803,-2.764,2.233,1
10193	start.hed	508.25,  0.377309,-4.130,3.886,1
11987	start.hed	507.05,  -2.530253,-1.974,-5.956,0
13613	start.hed	508.19,  -2.331361,-1.084,1.263,1
13817	start.hed	505.97,  1.017992,3.632,-0.197,0
13939	start.hed	503.30,  -1.414227,-2.780,0.708,0
14448	start.hed	510.89,  2.797488,0.791,-3.956,0
15037	start.hed	505.57,  0.961322,-4.001,-0.754,1
15161	start.hed	510.00,  -1.621418,-4.377,0.938,1
