#LST
615	proj.img
3354	start.hed	505.29,  2.421378,-1.216,-1.042,0
4502	start.hed	500.83,  3.109468,10.080,-4.626,0
4966	start.hed	502.00,  -0.974648,-11.946,-1.120,1
6026	start.hed	507.11,  2.936381,-2.920,-6.886,1
6110	start.hed	507.85,  -0.284602,2.518,9.853,0
6446	start.hed	529.66,  -0.283662,-11.079,4.229,1
6701	start.hed	506.73,  -0.601688,2.960,7.522,0
7082	start.hed	507.28,  -2.123068,-1.354,-7.591,1
7390	start.hed	503.39,  -1.965276,-9.946,2.807,0
7613	start.hed	505.74,  2.297617,-3.069,-5.804,0
7723	start.hed	503.16,  2.869977,9.899,-1.218,1
8202	start.hed	508.63,  1.950879,8.606,4.415,1
8783	start.hed	515.00,  2.660732,8.780,-3.042,1
8980	start.hed	510.92,  2.895987,-1.043,-4.852,0
9984	start.hed	513.11,  -1.293920,-10.351,-0.604,1
10068	start.hed	505.08,  1.647584,7.740,3.569,1
11240	start.hed	506.82,  -1.829801,-10.322,6.265,0
12570	start.hed	509.11,  -2.760999,-8.541,1.840,0
12866	start.hed	509.97,  -2.763447,-8.670,1.785,0
13274	start.hed	507.16,  2.592523,0.120,-2.589,0
14628	start.hed	512.68,  0.946451,13.093,-3.253,1
