#LST
173	proj.img
786	start.hed	518.10,  -2.346652,-5.846,-6.543,0
387	start.hed	505.14,  -1.174927,-6.729,2.351,1
986	start.hed	505.75,  2.545433,0.029,0.565,1
178	start.hed	507.91,  -1.176692,-6.716,-1.652,0
2593	start.hed	507.05,  -0.563059,9.920,-6.481,1
3178	start.hed	502.06,  1.999485,7.949,0.644,0
2922	start.hed	506.34,  0.753942,2.229,5.838,0
2930	start.hed	509.57,  -0.739521,-0.199,3.794,1
5837	start.hed	503.57,  -0.389032,-6.548,2.638,0
7098	start.hed	505.61,  2.649120,6.838,0.584,0
7395	start.hed	501.09,  -2.532606,-4.699,1.418,1
8450	start.hed	505.64,  1.731300,4.666,-1.657,0
9452	start.hed	516.77,  1.202546,8.538,8.266,0
11702	start.hed	503.53,  -0.108312,-2.725,3.426,0
12659	start.hed	500.25,  -2.452606,-10.619,-7.571,0
12901	start.hed	503.85,  -2.721836,-3.362,-5.556,1
14302	start.hed	510.31,  -0.534435,-10.100,1.754,0
14902	start.hed	510.27,  1.792691,3.099,-0.212,0
15122	start.hed	505.19,  -0.104035,9.723,4.434,0
