#LST
647	proj.img
114	start.hed	506.80,  -2.813948,-6.812,0.803,1
632	start.hed	507.48,  -2.509028,-11.259,-0.469,1
929	start.hed	516.27,  2.560242,-11.584,-6.450,0
175	start.hed	510.81,  -2.237525,-0.884,-6.685,0
1290	start.hed	514.33,  -0.594868,-0.188,1.898,1
1589	start.hed	504.30,  2.529202,10.706,1.955,0
2257	start.hed	513.58,  -2.665756,-4.031,-2.769,0
2220	start.hed	506.24,  -1.812931,-2.782,-7.693,0
4286	start.hed	510.67,  -1.362166,-2.075,-2.358,0
5700	start.hed	503.00,  -0.635374,0.095,8.684,1
6283	start.hed	508.47,  3.027905,0.578,-0.780,0
6128	start.hed	507.16,  2.374285,4.498,0.823,0
6632	start.hed	510.44,  1.435608,8.013,-7.512,0
9234	start.hed	503.34,  2.890265,-10.000,-10.000,1
9872	start.hed	503.90,  2.484016,-3.596,-7.353,1
10595	start.hed	512.11,  -2.277384,-5.457,-2.275,1
10644	start.hed	505.34,  -1.283626,-10.076,-5.142,0
10847	start.hed	505.72,  -1.222646,-9.260,-6.749,0
12324	start.hed	510.75,  -2.435190,-7.023,0.412,1
12473	start.hed	500.40,  -1.929396,-8.475,4.455,1
13154	start.hed	508.58,  1.393930,5.874,-2.740,1
13363	start.hed	506.71,  -2.597739,-8.035,-2.753,0
13493	start.hed	508.58,  1.393930,5.874,-2.740,1
