#LST
525	proj.img
1092	start.hed	505.79,  -3.182722,9.296,-2.806,0
961	start.hed	507.76,  -1.984891,1.542,-9.620,0
2393	start.hed	513.13,  0.896944,6.835,5.145,0
2745	start.hed	505.44,  2.093880,7.273,0.810,0
3841	start.hed	508.75,  2.317581,0.905,-9.805,1
4328	start.hed	515.38,  -2.744022,-11.143,7.490,0
5464	start.hed	513.84,  1.666413,7.561,10.039,0
6144	start.hed	505.20,  2.549717,7.262,1.694,0
6569	start.hed	510.58,  -2.244269,-6.334,3.951,1
6961	start.hed	506.31,  2.466779,8.713,10.159,0
8535	start.hed	504.50,  2.784953,-10.768,-8.531,1
9766	start.hed	507.53,  -0.221242,-3.162,2.461,0
10637	start.hed	509.16,  0.906993,-6.119,13.203,0
11405	start.hed	503.19,  -2.571183,-8.898,-5.968,1
13802	start.hed	506.84,  -0.697982,7.699,9.058,1
14046	start.hed	509.55,  1.356071,7.133,-4.709,1
14283	start.hed	510.40,  -0.355428,0.103,10.891,1
15204	start.hed	513.38,  2.682659,-3.497,-9.173,1
