#LST
590	proj.img
360	start.hed	510.52,  -1.328466,-5.735,0.501,0
923	start.hed	505.02,  0.832957,2.827,4.879,0
1479	start.hed	508.14,  -1.893943,-6.119,0.163,1
1937	start.hed	514.25,  -1.175426,-2.875,7.337,1
2680	start.hed	510.05,  -2.192261,-0.005,12.467,1
3149	start.hed	509.00,  0.932580,2.206,-1.169,0
3115	start.hed	509.79,  -0.114876,-1.129,7.490,1
3232	start.hed	509.09,  0.931381,2.216,-1.156,0
4648	start.hed	508.51,  -0.524276,0.043,5.261,1
6792	start.hed	507.01,  -1.639521,-8.225,0.098,1
6985	start.hed	512.75,  -0.335070,-6.266,1.852,0
7558	start.hed	502.40,  -3.086136,-1.921,-3.562,1
8951	start.hed	504.77,  -1.364093,-7.676,2.616,1
10160	start.hed	505.95,  -1.086931,-8.277,6.936,0
10422	start.hed	500.39,  1.549941,-1.009,-9.163,1
11704	start.hed	509.11,  3.116651,-2.308,-4.065,1
11841	start.hed	502.73,  1.412813,7.007,-5.966,1
11991	start.hed	507.51,  -2.316298,-8.716,5.623,1
12118	start.hed	510.64,  -2.151263,1.832,-9.327,0
12245	start.hed	510.64,  -2.151263,1.832,-9.327,0
12909	start.hed	503.74,  -2.431181,-3.218,7.103,1
15017	start.hed	520.79,  0.280155,9.749,-1.602,1
