#LST
67	proj.img
434	start.hed	499.77,  -1.270680,-10.196,-5.350,0
2045	start.hed	531.33,  -2.063984,-5.478,1.558,1
2128	start.hed	510.92,  -1.525041,-11.044,1.490,0
4234	start.hed	503.47,  1.395976,6.538,7.778,0
4418	start.hed	512.96,  2.080568,3.716,-5.101,1
6699	start.hed	502.32,  0.507007,-5.456,1.542,0
7228	start.hed	510.47,  2.073913,2.508,-5.281,1
7728	start.hed	506.84,  -1.282847,6.534,-5.764,0
8432	start.hed	500.47,  2.711348,7.923,0.762,0
10177	start.hed	502.66,  -2.073354,-6.658,12.238,1
10376	start.hed	513.23,  0.492091,9.802,0.047,1
10806	start.hed	506.13,  -0.631280,2.013,1.747,1
11267	start.hed	515.88,  0.859404,-1.766,2.590,1
13170	start.hed	509.39,  1.614371,0.403,10.350,0
13180	start.hed	509.93,  -1.390341,-3.994,-1.743,0
13509	start.hed	509.39,  1.614371,0.403,10.350,0
13519	start.hed	509.93,  -1.390341,-3.994,-1.743,0
13884	start.hed	509.21,  0.801532,9.506,-2.860,1
14609	start.hed	509.52,  -0.074188,7.007,4.509,1
