#LST
315	proj.img
215	start.hed	512.99,  -1.646200,-6.436,1.087,1
1375	start.hed	507.87,  -2.435995,-9.644,-3.331,1
3597	start.hed	508.57,  -2.190953,-8.769,-11.421,1
4005	start.hed	507.95,  2.027714,-8.306,-11.212,1
4800	start.hed	502.92,  1.988154,6.236,-5.329,1
4816	start.hed	501.72,  0.694195,3.577,5.128,0
5236	start.hed	505.02,  -0.433106,-3.271,5.723,0
5751	start.hed	510.29,  -0.752124,-1.418,3.330,1
5870	start.hed	506.29,  -1.766150,-6.842,0.306,0
5811	start.hed	503.46,  -0.118229,-3.188,6.136,1
7512	start.hed	502.52,  -2.902483,-2.026,-5.866,0
8063	start.hed	510.15,  -1.852240,-3.171,-0.865,0
8599	start.hed	503.58,  1.723511,1.870,-3.239,1
9464	start.hed	516.36,  -1.793469,-4.927,0.637,1
10690	start.hed	514.27,  0.016142,0.893,5.716,0
11069	start.hed	510.15,  -1.852240,-3.171,-0.865,0
12270	start.hed	508.67,  3.178693,1.194,-7.026,1
13782	start.hed	506.15,  -1.488051,-6.767,1.967,1
13920	start.hed	508.86,  -1.302829,-3.960,-1.348,0
14650	start.hed	504.77,  1.591125,9.511,-2.610,1
14818	start.hed	510.19,  -1.825575,3.247,13.165,1
15232	start.hed	502.01,  0.670056,4.331,-11.968,0
