#LST
613	proj.img
535	start.hed	513.03,  -1.864541,-7.881,-0.219,0
1432	start.hed	511.28,  -1.452297,-4.971,0.308,1
1561	start.hed	502.99,  -0.809451,-8.438,-1.197,1
4467	start.hed	506.07,  2.360902,7.162,1.577,1
4593	start.hed	508.34,  1.235845,6.905,-12.311,0
5271	start.hed	516.43,  2.132693,12.939,2.927,0
5554	start.hed	508.86,  -0.476272,-9.395,2.300,1
5401	start.hed	504.39,  -1.140548,2.069,8.030,1
5713	start.hed	503.40,  -1.802767,3.715,-9.006,1
7239	start.hed	507.50,  1.547908,-9.786,10.154,1
8011	start.hed	503.47,  1.844043,8.304,10.302,1
8625	start.hed	506.51,  -0.565361,-10.068,-7.867,0
10335	start.hed	510.29,  -2.353375,-5.159,-6.166,1
10514	start.hed	503.79,  -0.379637,1.155,8.385,0
10852	start.hed	501.97,  0.911856,11.810,-7.597,1
11302	start.hed	502.04,  2.665859,-11.939,2.126,1
11411	start.hed	507.42,  -2.740945,-10.214,3.189,0
12917	start.hed	504.08,  -0.894781,-7.203,-0.489,1
