#LST
429	proj.img
401	start.hed	504.00,  -2.408810,0.679,-5.412,0
2471	start.hed	513.67,  1.851251,11.103,-1.269,0
2503	start.hed	508.13,  -1.245420,11.617,8.662,1
4921	start.hed	502.30,  2.120722,5.392,9.247,1
5323	start.hed	506.91,  0.944633,4.034,0.292,0
5822	start.hed	509.66,  2.861847,-3.588,-12.320,0
7045	start.hed	509.77,  0.799677,12.086,5.318,1
7319	start.hed	505.68,  -2.481948,-0.590,-10.709,1
7789	start.hed	511.17,  1.549014,6.948,7.219,1
7811	start.hed	512.68,  -2.214586,-0.132,-5.826,0
8689	start.hed	508.98,  -0.582831,-11.448,-0.492,0
9005	start.hed	513.74,  0.698861,6.296,8.110,1
9763	start.hed	509.07,  2.318140,9.810,0.884,1
9814	start.hed	513.28,  -0.458271,6.439,5.768,0
10090	start.hed	516.56,  -2.080420,-6.478,0.599,0
12117	start.hed	505.95,  2.319479,8.173,-5.947,0
12244	start.hed	505.95,  2.319479,8.173,-5.947,0
12702	start.hed	505.35,  2.592813,1.903,-13.456,0
14055	start.hed	506.96,  -2.214624,3.805,-10.117,1
14383	start.hed	508.24,  -1.029144,-6.117,5.071,0
