#LST
517	proj.img
888	start.hed	504.02,  0.579490,0.795,2.195,1
1512	start.hed	506.09,  0.157561,8.982,-8.338,1
2538	start.hed	506.30,  2.721570,-3.114,-4.083,1
2959	start.hed	502.07,  1.389861,8.039,-4.108,0
3649	start.hed	511.00,  -2.704567,5.400,-4.587,1
5223	start.hed	507.50,  -0.423279,-12.233,-6.698,0
5541	start.hed	505.27,  1.973527,5.379,12.504,1
5384	start.hed	502.22,  2.263296,4.036,-10.552,1
5396	start.hed	507.68,  -2.263656,-11.226,-5.569,1
7686	start.hed	508.26,  -2.341909,4.359,-5.511,0
7983	start.hed	502.06,  -0.321142,5.444,1.464,1
8919	start.hed	516.63,  1.768773,5.173,8.729,0
10402	start.hed	507.92,  -1.865573,-10.878,4.213,1
10913	start.hed	504.30,  0.036163,-4.171,3.016,1
10864	start.hed	513.92,  -0.648847,-5.311,1.961,0
13225	start.hed	509.48,  2.445228,12.020,5.693,0
13564	start.hed	509.48,  2.445228,12.020,5.693,0
13712	start.hed	507.18,  0.102331,-3.113,9.235,1
14482	start.hed	507.69,  1.003121,0.798,11.228,0
