#LST
11	proj.img
264	start.hed	507.94,  -0.546784,-7.459,-0.797,0
772	start.hed	508.60,  -1.312306,3.471,-13.470,0
2032	start.hed	527.20,  0.667481,-8.591,7.320,0
2601	start.hed	510.17,  0.469232,-2.144,-3.125,1
2632	start.hed	511.22,  0.984437,-2.142,11.170,0
2994	start.hed	512.89,  -2.891907,-0.790,6.562,0
3267	start.hed	508.48,  -0.469425,-3.915,-2.298,0
3288	start.hed	502.50,  -1.961182,1.165,7.614,1
5024	start.hed	508.06,  2.053511,-3.255,-4.612,1
5143	start.hed	507.77,  2.723584,-9.020,-5.544,1
5241	start.hed	499.60,  -2.497887,8.979,-4.743,0
5816	start.hed	509.35,  -2.557662,-7.695,8.018,1
7123	start.hed	508.68,  1.179759,1.661,-11.279,1
7124	start.hed	502.60,  1.040710,1.564,-4.089,1
8226	start.hed	506.93,  0.578262,-9.121,2.783,1
10139	start.hed	507.04,  2.614526,7.408,8.728,1
11711	start.hed	514.07,  2.669862,12.075,4.593,0
12082	start.hed	511.35,  -0.378891,-9.971,-1.676,0
12209	start.hed	511.35,  -0.378891,-9.971,-1.676,0
12633	start.hed	503.99,  0.131019,7.232,-1.312,1
13834	start.hed	502.86,  0.576441,-3.696,-3.329,0
15191	start.hed	507.00,  0.407392,14.423,-1.561,1
