#LST
208	proj.img
345	start.hed	516.40,  0.216110,12.256,-6.569,1
878	start.hed	515.10,  -1.028917,-3.443,4.463,0
290	start.hed	503.84,  -1.761649,3.089,7.268,0
1701	start.hed	517.00,  -2.735592,-8.173,-7.006,1
1754	start.hed	504.27,  -1.627118,-6.055,1.317,1
1609	start.hed	509.02,  0.411832,-0.586,10.301,0
1855	start.hed	511.69,  1.697903,10.962,-0.681,0
2568	start.hed	512.35,  -1.852782,-5.605,-5.562,0
3383	start.hed	503.82,  -0.314897,-4.345,4.375,0
3682	start.hed	514.00,  -1.913658,5.199,-6.473,0
5150	start.hed	505.18,  1.699591,0.246,9.872,0
6124	start.hed	507.84,  2.794593,-10.122,0.972,1
6199	start.hed	503.07,  -2.817992,-2.359,-7.213,0
7069	start.hed	507.56,  1.009021,-1.009,4.280,0
8207	start.hed	514.22,  2.109278,3.931,-6.840,1
10393	start.hed	512.14,  -0.001250,13.105,1.957,1
11604	start.hed	510.59,  3.047005,-2.253,-4.779,1
13896	start.hed	507.26,  1.521254,7.985,-2.299,0
