#LST
290	proj.img
794	start.hed	515.71,  -0.744157,-3.933,8.969,0
71	start.hed	520.43,  -2.247212,-3.726,-0.568,0
816	start.hed	507.99,  2.775466,0.208,-5.645,0
1834	start.hed	514.80,  2.224570,0.113,-4.432,0
2331	start.hed	505.81,  0.395921,10.987,9.006,0
2119	start.hed	503.58,  -2.235662,12.912,-6.495,0
2439	start.hed	508.21,  -0.173551,4.533,3.791,0
2472	start.hed	507.14,  -1.622355,-4.781,-3.205,1
5198	start.hed	508.27,  -1.148366,-2.913,-3.073,1
6282	start.hed	501.66,  1.700370,7.109,-2.339,0
7991	start.hed	509.64,  -1.748103,-12.377,-1.772,0
9757	start.hed	507.82,  0.988032,6.246,3.247,0
11367	start.hed	504.45,  -2.770640,-1.012,-3.345,0
12727	start.hed	502.05,  -0.971184,-5.292,5.050,1
13147	start.hed	511.27,  2.497396,-0.111,-1.844,0
13486	start.hed	511.27,  2.497396,-0.111,-1.844,0
13664	start.hed	504.01,  -1.854161,-9.162,-0.846,0
13665	start.hed	505.28,  2.684511,0.842,-12.932,1
14157	start.hed	510.17,  -2.616150,-2.945,-4.148,1
