#LST
323	proj.img
1260	start.hed	514.35,  -0.805411,-7.367,-5.364,0
811	start.hed	516.49,  -1.571418,-0.897,13.156,1
848	start.hed	506.85,  -0.788275,3.635,6.026,0
201	start.hed	506.01,  2.959252,4.811,-8.571,0
557	start.hed	510.06,  1.521764,2.413,10.554,1
2125	start.hed	505.91,  -2.503621,-8.847,9.269,0
2204	start.hed	503.08,  -0.625799,-1.836,-10.656,1
2141	start.hed	515.04,  2.881473,-7.303,-8.683,0
2599	start.hed	515.61,  -1.477799,-6.021,6.261,0
3223	start.hed	510.49,  2.969528,9.611,-9.855,1
4030	start.hed	522.97,  2.587979,11.317,-6.322,1
4199	start.hed	506.38,  -2.481680,-5.370,-10.547,0
4942	start.hed	508.01,  2.440922,-8.525,-6.180,0
8570	start.hed	554.42,  -1.386946,-6.186,-4.378,0
9632	start.hed	512.33,  -0.432186,-9.629,3.638,1
10024	start.hed	511.73,  2.261958,2.591,-11.305,0
10539	start.hed	502.61,  0.449591,-2.866,8.849,1
10880	start.hed	512.49,  1.938833,8.081,7.848,0
12572	start.hed	507.34,  2.398466,10.338,4.561,1
13974	start.hed	503.42,  -2.616652,9.976,-6.525,1
14273	start.hed	510.25,  -0.159333,-10.403,-4.392,1
14486	start.hed	503.19,  1.480400,-6.043,10.714,1
14811	start.hed	509.26,  1.165262,-8.276,11.234,1
