#LST
4	proj.img
881	start.hed	502.41,  -2.132946,1.514,-4.305,0
54	start.hed	515.07,  -1.632616,-0.107,1.094,1
2449	start.hed	509.14,  2.734069,1.391,2.533,0
3568	start.hed	513.82,  -0.500365,-5.738,2.798,0
3809	start.hed	506.83,  -2.547149,2.100,1.234,0
4583	start.hed	512.06,  0.633639,8.147,2.868,1
6126	start.hed	511.23,  0.534040,-3.400,1.661,0
6382	start.hed	507.31,  2.648283,-0.195,-11.202,1
7015	start.hed	505.41,  -2.295963,0.897,-2.049,1
8603	start.hed	502.02,  2.916593,-3.880,-7.096,1
9226	start.hed	506.68,  -1.882776,1.523,6.431,1
10706	start.hed	506.67,  2.533985,7.326,-12.295,0
10975	start.hed	505.23,  -2.194434,6.375,-11.100,0
11229	start.hed	506.22,  -0.463029,2.279,9.294,1
11983	start.hed	501.98,  1.711217,1.947,3.195,1
13680	start.hed	501.38,  -1.502851,-11.417,-4.048,0
14147	start.hed	501.78,  1.549618,7.483,-3.992,1
15291	start.hed	508.63,  -2.617408,-5.560,-0.531,1
