#LST
246	proj.img
93	start.hed	513.26,  2.959387,-0.722,3.922,0
142	start.hed	506.84,  2.441648,-6.095,3.760,1
1194	start.hed	505.22,  0.801473,-0.204,-5.130,1
1819	start.hed	499.54,  -1.095235,-2.870,8.998,0
2285	start.hed	519.33,  -2.032314,-9.991,-1.823,0
2289	start.hed	507.33,  -0.811642,-4.401,7.985,0
2961	start.hed	508.04,  -2.187560,-7.059,8.362,1
3065	start.hed	504.94,  3.093120,0.253,12.498,1
3679	start.hed	510.05,  -0.426790,-11.945,5.349,0
4632	start.hed	509.08,  -3.112394,1.970,1.595,0
5891	start.hed	512.09,  1.730548,0.100,0.412,1
7280	start.hed	501.51,  -2.041281,-1.002,5.527,1
8711	start.hed	504.41,  2.770558,-5.323,-12.929,0
11012	start.hed	509.70,  -1.352591,-1.521,-2.815,0
11490	start.hed	505.10,  0.512744,1.449,14.555,1
13121	start.hed	509.42,  2.147839,5.499,-2.353,1
13758	start.hed	517.04,  -1.245460,-2.990,0.308,1
13874	start.hed	509.31,  2.039075,4.711,-8.158,1
14249	start.hed	512.52,  2.842944,-1.101,11.713,0
14280	start.hed	509.44,  0.257308,1.467,-5.897,1
14796	start.hed	523.69,  -0.335905,2.810,2.893,1
