#LST
66	proj.img
1073	start.hed	505.07,  -1.876042,-0.956,-2.504,0
1257	start.hed	510.35,  -0.876256,3.708,6.421,1
1945	start.hed	512.24,  -0.117783,2.917,5.386,1
4854	start.hed	509.95,  -0.821658,-7.332,0.213,0
5279	start.hed	506.12,  -1.242818,5.165,13.535,0
5447	start.hed	523.05,  -0.372515,-2.209,-9.381,0
5572	start.hed	505.82,  -2.426313,12.352,-2.260,1
5594	start.hed	506.09,  1.346323,-4.503,-10.528,1
5910	start.hed	506.38,  -0.415649,3.391,4.547,1
6215	start.hed	506.57,  1.602124,-3.345,-10.297,1
7726	start.hed	507.00,  2.361078,11.086,-1.229,0
9237	start.hed	503.61,  2.542849,12.942,3.420,0
10950	start.hed	506.13,  -2.348629,4.774,-8.939,0
11429	start.hed	506.84,  0.501410,12.439,1.921,1
11811	start.hed	511.10,  -2.473332,4.110,-4.833,0
12125	start.hed	504.31,  -2.253590,-6.266,2.655,1
12252	start.hed	504.31,  -2.253590,-6.266,2.655,1
13136	start.hed	508.59,  0.835678,-3.814,7.976,0
14224	start.hed	508.88,  -2.667098,9.126,-2.997,0
14261	start.hed	505.83,  0.684207,3.803,-5.237,1
14681	start.hed	513.44,  2.163626,2.799,-9.623,1
15227	start.hed	506.08,  0.604351,10.678,-7.942,0
15168	start.hed	501.98,  -0.014462,-0.669,-14.610,1
