#LST
406	proj.img
573	start.hed	510.30,  2.921944,11.621,-2.426,1
1840	start.hed	507.64,  -0.744803,0.053,-10.811,1
1862	start.hed	508.75,  -1.164345,-13.655,1.405,0
3605	start.hed	505.90,  -1.094716,-5.440,3.131,1
5597	start.hed	506.60,  -2.946788,-8.376,2.654,1
8346	start.hed	500.52,  3.037531,4.967,-2.882,0
8590	start.hed	512.09,  0.392684,-7.325,7.732,0
8489	start.hed	501.16,  0.649310,-4.266,8.465,1
9289	start.hed	506.00,  1.506805,12.879,5.728,0
9675	start.hed	509.08,  1.026800,6.687,-7.580,1
10352	start.hed	497.43,  2.383180,1.719,6.519,0
10661	start.hed	507.21,  -1.916568,12.912,-6.625,0
12908	start.hed	504.31,  -2.792657,4.713,-9.479,1
13240	start.hed	501.87,  -1.143671,-9.692,-0.261,1
13579	start.hed	501.87,  -1.143671,-9.692,-0.261,1
13431	start.hed	508.67,  2.103549,6.439,5.393,0
13804	start.hed	510.76,  -2.474792,5.698,-7.312,0
14433	start.hed	507.48,  2.018958,9.509,-8.787,0
15184	start.hed	511.09,  -0.735944,6.677,3.915,1
