#LST
256	proj.img
963	start.hed	502.20,  0.086007,4.251,3.955,1
1511	start.hed	508.03,  -1.072129,2.759,-9.764,0
1581	start.hed	520.43,  0.589679,2.369,7.362,0
1874	start.hed	515.09,  -2.696600,1.342,-4.631,0
2168	start.hed	511.17,  -1.198807,-7.249,0.871,1
2681	start.hed	529.48,  0.320487,-1.079,12.861,0
3110	start.hed	509.11,  0.174193,0.596,1.654,0
3522	start.hed	507.93,  1.322246,3.250,4.868,0
3817	start.hed	502.62,  0.464849,1.052,2.618,0
6261	start.hed	508.49,  1.977602,3.014,-3.656,1
8541	start.hed	503.98,  2.744884,10.530,2.045,0
8793	start.hed	514.09,  -1.034478,-6.404,5.522,1
8817	start.hed	509.08,  0.418519,-0.980,3.179,1
9784	start.hed	498.94,  -1.059088,-6.064,-3.972,0
9894	start.hed	508.40,  -1.387462,-7.086,-0.088,0
10059	start.hed	503.63,  0.172225,-5.761,10.696,0
10131	start.hed	500.92,  -1.608238,-7.201,0.379,0
10664	start.hed	508.69,  0.204278,-9.118,-4.138,0
11975	start.hed	502.11,  -2.367593,-3.121,-6.721,0
12617	start.hed	502.97,  0.891687,5.657,11.144,0
12634	start.hed	505.62,  -1.827723,-8.071,-1.084,1
14919	start.hed	499.43,  2.854798,9.855,-6.061,0
15120	start.hed	506.93,  0.890371,-7.507,-12.198,0
