#LST
268	proj.img
1031	start.hed	511.32,  0.621425,4.647,10.911,1
343	start.hed	498.89,  -2.090364,-10.248,-5.297,1
997	start.hed	505.07,  -0.859487,-9.888,5.125,1
1872	start.hed	505.97,  -0.026002,-4.435,10.408,1
4674	start.hed	505.03,  0.240341,1.584,3.456,0
4943	start.hed	510.34,  0.859513,5.550,4.913,0
7093	start.hed	507.62,  -1.627297,-7.906,-0.981,1
7470	start.hed	505.91,  -2.164087,-11.314,-5.326,0
8973	start.hed	507.14,  2.367290,10.106,-6.258,0
9636	start.hed	505.77,  2.989439,-10.499,8.431,1
9869	start.hed	508.13,  -2.796922,-1.982,-9.147,0
10485	start.hed	511.07,  1.455385,-1.581,3.568,0
11516	start.hed	510.13,  -0.466647,-7.729,4.317,1
12964	start.hed	501.38,  0.300569,5.785,6.828,0
13117	start.hed	507.42,  -0.684282,-3.806,10.960,0
14399	start.hed	503.41,  -0.474772,-2.629,6.823,0
14436	start.hed	502.81,  -0.538910,-6.331,-11.926,1
14461	start.hed	510.33,  -1.207046,-2.386,3.122,1
