#LST
28	proj.img
1020	start.hed	508.03,  -0.652221,-1.290,7.982,1
817	start.hed	503.19,  1.343102,6.370,3.041,0
1363	start.hed	501.58,  0.643293,-1.811,7.044,0
2105	start.hed	505.29,  2.535020,4.868,-2.888,0
3987	start.hed	506.57,  1.741346,10.266,-0.491,1
6846	start.hed	503.19,  1.693315,3.645,-3.483,1
7135	start.hed	504.45,  -2.850251,-0.215,-3.833,1
7266	start.hed	515.14,  -0.999444,-7.279,9.586,0
8153	start.hed	502.90,  -2.686044,-5.185,-11.437,1
9093	start.hed	508.49,  -3.002262,-0.167,-6.758,0
9120	start.hed	515.22,  2.468520,3.456,-6.847,1
9834	start.hed	517.23,  -1.099600,-4.967,1.974,1
10176	start.hed	503.98,  -0.859680,-6.127,-3.110,0
11159	start.hed	502.90,  -2.686044,-5.185,-11.437,1
13014	start.hed	506.41,  -0.141467,-9.634,0.779,1
13443	start.hed	503.40,  1.211810,8.484,5.489,1
13877	start.hed	512.46,  2.721489,3.086,-2.895,0
14617	start.hed	510.28,  1.904115,-1.088,-3.093,1
15067	start.hed	500.55,  1.571152,-7.989,8.990,0
15106	start.hed	501.41,  1.567868,-12.155,8.015,0
