#LST
404	proj.img
257	start.hed	513.17,  -1.204018,5.495,-6.613,1
136	start.hed	517.53,  -0.961800,-4.783,-2.113,0
1204	start.hed	508.41,  0.746889,-2.938,4.968,0
208	start.hed	507.87,  -1.415054,-4.120,-3.569,0
1866	start.hed	510.97,  -0.840198,-3.643,-13.649,1
1760	start.hed	501.99,  -0.528768,7.132,-9.797,0
2819	start.hed	519.29,  2.593751,-1.640,-5.727,1
3433	start.hed	509.82,  -1.993621,-3.147,1.485,1
5061	start.hed	506.66,  0.030961,-4.674,9.603,1
7344	start.hed	516.79,  1.364646,-0.901,-8.878,1
8208	start.hed	506.76,  0.448661,-7.471,6.765,0
9183	start.hed	504.86,  2.098005,6.032,12.505,0
9540	start.hed	511.30,  -2.579473,-1.008,-3.114,1
10526	start.hed	510.83,  -0.617339,-6.511,0.077,0
12823	start.hed	508.99,  -2.423744,-7.536,1.379,1
12857	start.hed	511.76,  -0.889336,-12.948,2.221,1
13732	start.hed	499.38,  1.767660,-8.761,-8.104,1
14660	start.hed	515.93,  0.379817,-6.984,8.778,0
14538	start.hed	510.91,  -1.193175,-3.956,-10.152,1
14833	start.hed	512.54,  0.378270,-6.885,8.875,0
