#LST
46	proj.img
293	start.hed	505.30,  -0.565741,-5.475,7.931,1
526	start.hed	504.76,  1.342597,7.716,4.105,0
1631	start.hed	503.66,  2.985378,-0.675,-5.703,1
2580	start.hed	508.07,  1.156630,8.652,4.695,0
2952	start.hed	508.78,  3.119737,3.714,-5.610,0
4263	start.hed	509.68,  -1.904576,-9.877,6.471,1
4579	start.hed	504.19,  1.453624,12.091,2.567,1
5625	start.hed	506.00,  -1.750796,-4.776,-8.080,0
6272	start.hed	507.03,  -2.980549,1.683,-12.038,1
8349	start.hed	507.35,  0.430743,7.669,0.418,1
8699	start.hed	507.03,  -3.074605,-11.740,-7.672,1
10056	start.hed	512.03,  -2.582480,-7.907,-6.977,1
13083	start.hed	503.87,  -1.653033,-7.356,-3.857,0
13222	start.hed	506.41,  0.384851,1.854,5.359,1
13561	start.hed	506.41,  0.384851,1.854,5.359,1
14317	start.hed	504.51,  -1.367340,-8.914,-11.447,0
15049	start.hed	506.61,  -0.248492,1.261,10.346,1
15135	start.hed	510.75,  0.831647,-0.530,8.305,0
15246	start.hed	504.03,  2.041269,10.552,-9.099,1
