#LST
270	proj.img
2492	start.hed	510.47,  3.268616,-8.037,-10.983,0
2531	start.hed	514.05,  -1.313995,-8.076,-0.476,1
3340	start.hed	520.00,  1.124694,10.777,0.246,0
3509	start.hed	511.11,  -2.996121,5.297,-1.464,0
4314	start.hed	512.08,  -2.981719,-5.661,-11.152,1
4768	start.hed	515.65,  -2.465404,-11.891,-7.416,0
4692	start.hed	504.67,  2.218956,7.293,-11.924,0
5103	start.hed	507.59,  0.247359,7.512,9.908,0
6037	start.hed	516.77,  1.507188,9.045,-4.969,0
6494	start.hed	505.59,  2.990494,-9.122,-10.561,0
7172	start.hed	505.78,  -2.576106,-10.000,-10.000,0
9139	start.hed	504.41,  0.138445,-14.419,-1.207,0
9855	start.hed	514.56,  2.156180,4.691,-4.887,0
10449	start.hed	507.81,  -3.204011,6.836,-4.863,0
12136	start.hed	505.77,  -2.479916,11.662,-2.062,0
12263	start.hed	505.77,  -2.479916,11.662,-2.062,0
12993	start.hed	505.97,  2.665387,7.219,-9.815,0
13053	start.hed	508.54,  1.802771,12.913,5.122,1
13212	start.hed	511.67,  1.390735,7.454,-4.864,0
13379	start.hed	509.90,  0.648528,8.330,1.991,0
13551	start.hed	511.67,  1.390735,7.454,-4.864,0
14069	start.hed	504.46,  1.349977,3.565,9.784,1
14995	start.hed	516.64,  -0.138534,-1.138,5.836,1
