#LST
143	proj.img
1034	start.hed	511.62,  -2.714118,-9.626,-5.954,1
1774	start.hed	503.50,  2.229313,3.444,-12.831,0
2122	start.hed	507.40,  -0.007860,13.646,1.145,1
2231	start.hed	505.10,  -2.773428,13.750,4.738,0
2597	start.hed	509.04,  1.442153,8.746,-3.650,1
2962	start.hed	507.50,  1.541664,9.492,0.988,1
3114	start.hed	507.09,  0.853044,0.720,6.455,1
3219	start.hed	499.13,  -1.626709,1.236,7.601,1
3590	start.hed	508.94,  -2.155269,-5.710,4.886,0
4924	start.hed	510.96,  -2.323684,-10.244,7.839,0
6309	start.hed	505.08,  1.587266,-10.951,-9.666,0
6324	start.hed	510.93,  2.265076,8.894,-0.631,1
7249	start.hed	509.58,  -2.856079,8.782,-8.564,0
8954	start.hed	507.16,  -0.415983,0.062,4.055,0
9302	start.hed	507.80,  1.838874,3.154,12.532,1
9836	start.hed	512.43,  1.444654,5.746,-3.650,1
10129	start.hed	497.07,  0.610696,1.395,3.373,1
10656	start.hed	505.58,  -1.987068,-7.041,9.040,1
11686	start.hed	505.19,  -0.270591,-11.688,3.896,1
12768	start.hed	502.37,  -0.328123,-12.991,4.428,1
12911	start.hed	505.04,  -2.319769,1.019,-4.334,1
14315	start.hed	504.39,  -2.097967,-7.025,-7.774,1
