#LST
595	proj.img
321	start.hed	501.89,  0.233275,-0.884,7.749,0
940	start.hed	504.72,  -2.595055,0.536,-3.505,0
962	start.hed	504.42,  -2.595108,-1.504,-4.056,0
1607	start.hed	504.00,  1.388584,4.471,7.666,0
2297	start.hed	511.20,  -2.937425,-0.958,-7.670,0
2109	start.hed	507.35,  -3.080420,3.350,-5.692,0
2552	start.hed	507.90,  -1.896617,-4.138,-3.634,0
3664	start.hed	509.17,  0.005517,-10.075,6.172,0
4155	start.hed	506.04,  3.023858,2.114,-4.487,1
4552	start.hed	506.42,  -1.796027,1.152,-2.708,1
4918	start.hed	504.36,  0.627419,3.297,6.537,1
5996	start.hed	505.47,  2.081567,2.991,-3.321,1
6312	start.hed	504.70,  1.071491,10.782,-0.215,1
6515	start.hed	506.40,  0.099413,6.189,4.743,1
6524	start.hed	503.03,  0.446102,4.263,-0.202,1
7223	start.hed	508.50,  -1.620544,-5.147,2.190,1
9706	start.hed	501.64,  1.666141,-4.135,9.182,1
9751	start.hed	509.58,  0.980554,3.951,-2.252,1
10775	start.hed	510.82,  2.526821,10.638,-5.445,1
