#LST
672	proj.img
3172	start.hed	509.82,  -1.116238,-2.134,0.961,1
3255	start.hed	510.66,  -1.116108,-2.284,1.035,1
4097	start.hed	523.01,  2.461068,-3.887,-3.718,0
4562	start.hed	509.70,  0.475121,6.317,3.797,0
4685	start.hed	507.07,  0.143973,11.406,-4.582,0
4789	start.hed	512.77,  -2.976308,-1.317,-9.074,1
6170	start.hed	504.37,  -3.195590,-6.995,-3.376,0
7163	start.hed	511.92,  2.522781,9.575,10.950,0
7366	start.hed	504.74,  1.922853,0.420,-10.838,1
7393	start.hed	507.02,  -1.420170,-6.300,-2.678,0
7915	start.hed	508.85,  0.104193,10.033,-6.442,0
8170	start.hed	508.31,  0.733732,10.507,2.057,0
8250	start.hed	503.82,  -1.738899,-5.268,7.376,0
8864	start.hed	503.90,  -2.412660,4.687,-13.217,1
9441	start.hed	512.94,  1.514840,8.421,-6.235,0
9747	start.hed	515.45,  -0.275227,-3.628,5.486,0
10033	start.hed	513.14,  1.248579,5.847,-8.752,0
13281	start.hed	506.40,  -1.223215,0.578,14.112,1
13447	start.hed	506.38,  1.572113,4.971,7.991,1
