#LST
12	proj.img
646	start.hed	504.01,  -0.249578,-13.751,-1.381,0
2451	start.hed	504.00,  -1.036952,-9.005,-3.041,0
2020	start.hed	513.50,  0.492922,6.144,1.461,1
3880	start.hed	505.41,  -1.656607,-2.665,-6.224,0
4888	start.hed	509.23,  2.701296,5.870,2.412,0
5585	start.hed	504.74,  0.289714,-6.866,9.230,0
5596	start.hed	514.02,  -1.615735,-2.643,-11.336,0
6153	start.hed	509.09,  3.031735,-3.624,-8.395,1
6409	start.hed	509.53,  0.253475,2.943,2.846,1
7153	start.hed	507.40,  -1.559200,-8.648,7.394,1
7180	start.hed	502.30,  2.285768,6.382,0.629,0
7441	start.hed	507.59,  -1.807809,-0.211,-6.465,0
7959	start.hed	511.27,  0.149482,-2.608,4.966,0
8347	start.hed	505.71,  -0.803762,-2.471,4.498,0
10583	start.hed	511.14,  2.310587,-7.862,-2.260,1
11364	start.hed	512.47,  -1.845777,-6.779,4.800,1
14141	start.hed	509.24,  1.061427,11.447,-6.830,1
14094	start.hed	510.65,  -1.507182,-6.910,-5.659,0
