#LST
331	proj.img
956	start.hed	507.02,  -2.600960,-0.524,-8.281,1
1651	start.hed	505.37,  -1.512547,-3.683,2.329,0
4782	start.hed	508.26,  1.416764,5.192,11.203,1
4879	start.hed	505.28,  1.967715,6.498,5.743,1
6386	start.hed	508.38,  1.564387,3.823,-4.963,0
6486	start.hed	510.07,  1.883256,2.968,-5.847,0
7289	start.hed	504.79,  2.471134,5.547,-8.610,0
8162	start.hed	511.64,  -2.974041,-10.000,-10.000,1
7988	start.hed	504.81,  -1.702935,-1.019,-2.779,1
8557	start.hed	502.01,  -0.087136,-6.505,-9.540,0
8850	start.hed	508.14,  -2.458406,-7.531,-2.849,0
9087	start.hed	507.64,  1.678974,5.610,0.882,1
10040	start.hed	511.91,  -2.487169,5.180,-4.856,1
10106	start.hed	507.35,  0.116228,-2.549,12.046,1
11168	start.hed	511.64,  -2.974041,-10.000,-10.000,1
11712	start.hed	507.83,  -0.248771,-8.211,9.532,0
11665	start.hed	509.28,  1.178662,4.518,5.329,1
12855	start.hed	502.68,  2.698571,2.317,-14.182,1
14637	start.hed	505.73,  1.738433,-10.461,6.215,0
