#LST
318	proj.img
629	start.hed	504.54,  2.556796,-9.318,-11.020,1
1830	start.hed	509.08,  1.647708,9.721,2.316,0
2240	start.hed	508.00,  1.801026,11.574,-3.856,0
2121	start.hed	504.45,  -0.661656,-11.836,-6.751,0
2645	start.hed	510.86,  -2.810174,-1.877,-8.641,0
2723	start.hed	507.25,  0.055393,3.277,11.333,0
3343	start.hed	514.73,  2.876867,1.496,-3.480,1
4882	start.hed	508.04,  -0.378160,3.267,3.252,1
6769	start.hed	513.92,  -2.363438,-6.366,-6.299,0
7629	start.hed	506.33,  -1.303910,-14.223,2.486,1
8373	start.hed	508.51,  0.223638,4.016,8.114,1
9898	start.hed	503.92,  -2.704804,-4.749,-3.103,1
10108	start.hed	517.90,  -0.725818,-3.125,4.444,1
10169	start.hed	502.95,  -1.966194,-5.679,-2.445,0
10206	start.hed	511.41,  1.694710,8.281,-1.929,1
10382	start.hed	508.57,  2.333111,-1.278,10.833,0
10813	start.hed	513.25,  0.762701,3.680,11.592,1
11688	start.hed	508.02,  2.924372,1.835,-5.649,0
13013	start.hed	504.19,  -2.832608,3.328,13.898,1
13032	start.hed	504.22,  -2.218556,-7.147,-3.575,1
13315	start.hed	504.39,  2.441094,3.995,-6.083,0
14493	start.hed	505.09,  -0.780118,-11.051,6.881,1
