#LST
222	proj.img
752	start.hed	503.77,  -0.759742,-5.990,5.470,0
1083	start.hed	506.95,  2.274463,5.240,-11.532,0
138	start.hed	509.98,  2.656099,-2.356,-4.658,0
2198	start.hed	505.34,  2.437870,-9.595,0.766,0
2594	start.hed	509.65,  -0.614987,-7.049,5.657,1
3587	start.hed	510.99,  2.611467,0.248,-11.039,0
4334	start.hed	502.85,  -1.849559,-9.395,1.009,0
4839	start.hed	511.06,  2.766912,2.748,-9.304,1
5023	start.hed	510.82,  2.304483,5.780,-3.933,1
5326	start.hed	510.57,  1.615867,7.177,-2.325,0
6462	start.hed	506.74,  -3.142377,-3.988,-11.024,0
7047	start.hed	511.10,  0.797964,-12.213,-3.706,0
8291	start.hed	503.56,  -0.373786,-7.869,11.094,1
8720	start.hed	505.29,  -0.277249,-8.921,10.910,1
8871	start.hed	507.49,  2.572975,5.290,-2.032,1
10109	start.hed	512.10,  1.662443,12.957,2.984,1
10151	start.hed	503.95,  -1.481476,-7.086,-3.335,1
10729	start.hed	508.09,  -0.228036,0.496,13.781,0
10850	start.hed	510.16,  1.381430,-11.111,-2.110,0
11948	start.hed	505.51,  0.549256,1.633,-1.261,1
14266	start.hed	504.44,  0.297087,7.336,9.596,0
15273	start.hed	509.68,  0.599518,7.130,4.123,0
