#LST
535	proj.img
7	start.hed	509.08,  -1.979494,-9.023,-7.087,0
1734	start.hed	506.26,  0.296647,2.967,4.161,1
2493	start.hed	507.23,  -2.248510,-1.205,-2.364,0
3251	start.hed	509.95,  -0.793997,-4.708,-3.795,0
3456	start.hed	507.03,  0.016656,-8.753,6.229,0
3965	start.hed	503.94,  2.401953,7.599,-1.319,0
4457	start.hed	507.27,  3.172270,-8.817,0.722,1
5719	start.hed	510.85,  -2.514925,3.466,-10.884,0
6943	start.hed	502.12,  -1.930785,-2.283,4.164,0
7127	start.hed	505.46,  -2.114049,-4.591,-3.432,0
8097	start.hed	503.82,  0.343398,-3.849,10.130,0
8996	start.hed	503.81,  -0.426343,-1.636,7.365,1
9688	start.hed	508.40,  0.529563,-0.317,2.133,0
11103	start.hed	503.82,  0.343398,-3.849,10.130,0
11343	start.hed	507.35,  0.437688,-3.267,6.135,0
11955	start.hed	508.74,  -1.360155,-0.884,6.213,1
12686	start.hed	502.06,  -0.000830,5.990,11.698,1
12847	start.hed	503.90,  -0.752814,0.782,11.507,1
13428	start.hed	503.35,  2.724571,4.051,-9.618,1
13676	start.hed	504.99,  2.821120,10.537,-5.296,0
