#LST
254	proj.img
3849	start.hed	509.58,  0.978954,0.843,7.314,0
4235	start.hed	514.02,  2.041231,-0.358,-1.302,0
4455	start.hed	509.20,  2.303217,-7.444,1.963,0
4602	start.hed	508.70,  -2.409717,-5.018,-1.433,1
4610	start.hed	506.00,  1.415591,2.326,1.185,0
4771	start.hed	506.90,  -1.372941,-3.339,-2.820,0
4990	start.hed	507.26,  -2.619347,0.244,-6.244,0
5117	start.hed	507.08,  -0.597689,9.032,2.381,1
5243	start.hed	509.14,  2.641896,2.170,-8.048,1
5553	start.hed	511.28,  0.793583,2.185,-11.925,0
7314	start.hed	502.28,  1.737298,8.389,-2.030,1
8301	start.hed	505.45,  2.274790,14.024,1.898,1
10754	start.hed	503.63,  -0.061585,-4.173,5.367,0
10927	start.hed	501.39,  -0.483270,-8.952,-11.478,0
11190	start.hed	506.27,  2.773003,-3.960,-7.169,1
11286	start.hed	510.90,  0.388800,-6.736,3.394,0
12453	start.hed	507.02,  -0.566814,-10.749,-4.146,0
12457	start.hed	505.73,  1.973275,6.130,2.460,1
14026	start.hed	510.36,  -1.856759,5.259,11.317,1
14363	start.hed	507.93,  -2.646672,-2.299,-8.252,0
14419	start.hed	520.82,  -2.675371,-10.465,9.684,1
15216	start.hed	506.49,  -2.602133,-0.609,-6.486,0
15174	start.hed	501.31,  2.505089,8.298,-1.948,0
