#LST
195	proj.img
664	start.hed	501.92,  -0.924499,-0.867,0.806,1
779	start.hed	503.42,  2.577423,0.747,-4.659,0
1514	start.hed	505.14,  1.893953,0.733,-0.309,1
1543	start.hed	507.90,  -1.228060,2.332,1.309,0
2009	start.hed	508.87,  -2.903927,-12.574,-6.310,1
3138	start.hed	508.68,  -2.099177,2.273,1.254,0
4268	start.hed	521.15,  -2.849295,-2.042,-3.002,1
5095	start.hed	501.81,  2.081934,0.465,0.024,1
5747	start.hed	511.11,  -2.679086,-3.652,-4.895,1
5954	start.hed	511.06,  -2.119480,-2.565,-3.978,1
6336	start.hed	506.95,  3.102031,0.890,-4.577,0
6493	start.hed	506.91,  -2.494368,-0.274,-3.026,1
9885	start.hed	507.04,  0.769604,6.514,-1.594,0
10127	start.hed	511.47,  1.714621,1.353,0.092,1
10734	start.hed	503.19,  0.907106,1.876,-3.257,0
13765	start.hed	512.15,  -0.230925,0.687,3.576,0
14265	start.hed	507.54,  1.270537,-2.690,-4.527,0
14469	start.hed	508.63,  1.225041,7.011,4.922,1
15033	start.hed	509.29,  -2.257805,-6.669,-2.205,0
15145	start.hed	509.34,  -1.752566,-4.048,-2.259,1
