#LST
468	proj.img
325	start.hed	506.65,  1.448663,3.518,8.609,0
2399	start.hed	510.76,  0.784748,1.064,8.811,0
2487	start.hed	503.12,  -0.567215,2.996,7.507,1
2508	start.hed	513.62,  0.670379,-6.091,-11.490,0
3125	start.hed	507.34,  -1.314707,-6.112,-2.492,0
3702	start.hed	509.65,  -0.079834,-0.403,9.030,0
4526	start.hed	510.61,  0.334463,-2.247,6.566,0
5044	start.hed	507.48,  0.860917,3.700,8.372,0
5952	start.hed	503.82,  0.527950,10.009,5.524,1
6496	start.hed	514.23,  2.289899,-0.795,-5.499,1
6572	start.hed	509.51,  1.571232,8.981,3.997,0
6575	start.hed	512.91,  2.782143,-1.554,-7.572,1
8458	start.hed	504.10,  -2.576290,3.669,-5.631,1
9266	start.hed	505.37,  1.935722,8.194,11.029,1
10336	start.hed	510.41,  2.997537,4.687,10.974,0
12307	start.hed	510.85,  2.462813,-0.594,-6.306,1
12418	start.hed	504.67,  0.332693,-0.430,6.728,0
13224	start.hed	509.73,  -2.772229,8.496,-8.757,0
13563	start.hed	509.73,  -2.772229,8.496,-8.757,0
14564	start.hed	500.09,  1.670649,4.169,-6.564,1
