#LST
327	proj.img
776	start.hed	510.88,  -0.767322,-4.754,4.184,1
1059	start.hed	506.05,  2.909908,5.311,6.313,0
1729	start.hed	514.09,  1.591323,7.868,5.363,1
4566	start.hed	506.46,  -1.152920,-5.400,6.370,0
4880	start.hed	505.02,  -0.485530,-4.849,2.290,1
6657	start.hed	508.05,  0.370622,7.175,-1.806,0
6854	start.hed	501.63,  0.809957,7.447,-11.239,1
7307	start.hed	503.88,  -2.924403,-9.045,-10.432,0
7471	start.hed	502.16,  -0.851333,-6.323,10.735,0
7986	start.hed	509.56,  2.294407,3.098,-10.245,1
10114	start.hed	512.16,  0.705528,1.617,5.427,1
9953	start.hed	516.64,  -0.700629,-2.997,6.665,0
11413	start.hed	499.76,  -0.150669,2.298,11.933,1
12004	start.hed	502.85,  2.137575,2.300,-6.042,1
13149	start.hed	509.56,  -0.855117,-3.873,2.303,0
13488	start.hed	509.56,  -0.855117,-3.873,2.303,0
14443	start.hed	508.39,  2.966405,-2.170,-7.277,0
14533	start.hed	505.38,  2.350407,-1.203,-6.589,0
15112	start.hed	506.64,  -1.269978,-4.406,9.333,0
