#LST
50	proj.img
1080	start.hed	503.46,  -0.820381,-7.120,10.891,0
100	start.hed	505.52,  -0.615409,-5.238,1.892,1
584	start.hed	506.70,  -1.432284,-9.748,8.684,0
5172	start.hed	507.26,  0.128384,-2.983,8.384,1
5287	start.hed	508.49,  2.988531,6.081,-7.859,1
5685	start.hed	506.94,  -0.163972,3.828,7.301,0
6420	start.hed	510.98,  0.136756,-2.489,4.780,1
8099	start.hed	509.71,  1.405750,1.105,-12.623,0
8160	start.hed	507.85,  1.395899,10.048,-3.499,0
8618	start.hed	508.40,  1.255833,-0.896,0.899,1
9001	start.hed	509.47,  -0.675990,-4.176,2.673,1
9663	start.hed	508.35,  1.420867,6.735,2.952,0
9668	start.hed	504.51,  0.727334,-4.085,-2.047,0
10174	start.hed	502.17,  -1.417880,-6.779,3.848,0
11105	start.hed	509.71,  1.405750,1.105,-12.623,0
11166	start.hed	507.85,  1.395899,10.048,-3.499,0
11737	start.hed	509.50,  -0.055784,6.470,2.791,1
12419	start.hed	505.72,  1.941995,9.406,2.354,1
12915	start.hed	508.11,  3.142746,6.981,-7.169,1
13901	start.hed	504.69,  0.097018,7.589,6.903,0
14126	start.hed	507.60,  -2.121809,5.973,-12.836,1
14822	start.hed	509.23,  -2.163391,-2.278,3.908,1
15215	start.hed	502.70,  -3.119308,-5.336,-9.559,0
