#LST
211	proj.img
1395	start.hed	501.47,  2.500309,4.568,12.191,0
3039	start.hed	507.69,  -2.424676,-1.799,-2.421,1
3451	start.hed	509.08,  -0.238494,-3.629,3.437,0
3601	start.hed	504.92,  -2.555006,7.606,-0.332,0
3893	start.hed	503.94,  -0.486064,-4.140,4.718,0
3985	start.hed	504.96,  -2.720332,2.619,-3.380,0
4342	start.hed	515.67,  0.286656,-6.291,-10.395,0
4489	start.hed	509.11,  1.061993,11.038,-0.214,1
4956	start.hed	515.25,  3.099168,-0.233,-0.019,1
5389	start.hed	508.22,  1.079996,10.950,-3.497,1
6278	start.hed	506.38,  2.102993,0.946,-8.158,1
6371	start.hed	507.26,  -2.382081,-4.008,-3.240,0
6438	start.hed	508.95,  2.812481,9.646,0.277,0
7060	start.hed	508.20,  -0.981690,1.820,10.336,1
8762	start.hed	503.36,  0.839710,7.216,6.651,0
8893	start.hed	502.07,  -1.397113,-10.944,-1.004,0
9035	start.hed	501.85,  0.973858,1.216,8.790,0
9294	start.hed	501.41,  -3.178324,8.170,-7.159,0
13249	start.hed	506.75,  -2.642895,-3.816,-7.949,1
13588	start.hed	506.75,  -2.642895,-3.816,-7.949,1
14205	start.hed	511.90,  0.520358,1.862,9.350,0
14291	start.hed	511.91,  -1.826008,-11.094,0.047,1
14400	start.hed	501.18,  2.605243,1.627,-7.370,1
