#LST
111	proj.img
249	start.hed	513.21,  -1.664160,-0.479,-6.109,1
59	start.hed	515.97,  -2.868735,-0.562,-4.247,0
943	start.hed	509.20,  -0.764561,-0.324,3.057,0
1716	start.hed	503.88,  -2.007705,-5.571,-0.489,0
1915	start.hed	508.29,  -1.697392,1.604,-6.975,1
2712	start.hed	507.16,  -3.113104,1.808,-11.725,1
3205	start.hed	502.51,  -1.967535,-11.128,-3.548,1
5477	start.hed	508.73,  -0.020287,2.900,4.215,0
5638	start.hed	508.36,  1.845190,2.060,-3.179,0
5702	start.hed	509.91,  1.836213,1.353,-8.317,0
5853	start.hed	521.61,  -1.947665,-11.703,-2.344,1
7933	start.hed	516.92,  -3.054324,-3.069,12.727,0
10798	start.hed	508.36,  -2.515273,-1.419,-7.082,0
11778	start.hed	504.27,  2.853791,8.167,-3.999,1
12838	start.hed	509.46,  -3.007262,-0.275,10.159,0
13266	start.hed	515.34,  -2.231861,-2.408,-5.144,1
14766	start.hed	508.25,  0.814000,8.697,4.454,0
15058	start.hed	504.94,  1.096435,7.225,6.065,1
