#LST
571	proj.img
689	start.hed	509.92,  1.191147,3.751,1.210,0
1100	start.hed	503.46,  3.110102,-1.973,-0.805,0
157	start.hed	514.78,  -2.928906,0.517,-7.945,1
2572	start.hed	509.58,  2.493107,0.694,-1.615,1
3022	start.hed	502.97,  -2.826394,-4.904,-0.313,0
2968	start.hed	505.23,  2.872041,1.968,-8.590,0
4716	start.hed	504.52,  0.551596,-0.016,4.595,1
5013	start.hed	503.44,  0.176780,-5.396,10.008,1
5067	start.hed	502.73,  1.955119,9.975,-3.650,0
5825	start.hed	508.10,  0.336839,5.210,9.928,1
6789	start.hed	509.38,  -3.101573,1.566,-9.017,1
7005	start.hed	512.24,  1.172083,2.192,5.133,1
8051	start.hed	507.68,  1.345179,5.713,2.148,1
10876	start.hed	509.09,  1.358005,5.915,-3.908,0
11056	start.hed	507.68,  1.345179,5.713,2.148,1
11653	start.hed	508.36,  2.925622,-1.049,-5.941,0
12598	start.hed	507.92,  0.218352,0.707,3.589,0
13161	start.hed	513.73,  -0.908745,-0.592,-2.307,1
13500	start.hed	513.73,  -0.908745,-0.592,-2.307,1
14536	start.hed	509.97,  0.479722,6.227,5.399,0
14540	start.hed	513.74,  2.841168,7.293,-2.667,1
14889	start.hed	510.99,  -1.084360,-1.856,-6.995,1
15269	start.hed	513.22,  -2.617326,0.523,-1.411,1
