#LST
374	proj.img
425	start.hed	504.19,  0.308106,7.257,-5.309,1
1028	start.hed	512.00,  -1.015804,-8.996,1.048,0
371	start.hed	517.21,  2.783315,-3.971,-7.644,0
2381	start.hed	513.13,  -1.044871,-4.266,2.347,0
3108	start.hed	502.63,  0.856736,4.169,0.108,1
5380	start.hed	500.45,  1.233650,9.996,5.335,1
6075	start.hed	498.94,  -1.859429,-9.313,3.528,1
7204	start.hed	501.34,  -2.670423,-8.507,-4.000,1
7354	start.hed	502.09,  1.576453,8.002,-9.957,0
7580	start.hed	502.30,  -0.891060,-2.864,5.034,0
7712	start.hed	507.82,  0.516622,1.758,7.355,0
7768	start.hed	502.88,  1.010179,-12.032,2.643,1
9364	start.hed	509.83,  -2.881239,-10.387,3.821,1
9391	start.hed	501.97,  -1.404849,-1.875,-14.255,1
12569	start.hed	503.50,  2.643754,-5.679,-9.246,0
12865	start.hed	502.93,  2.663038,-6.291,-9.001,0
12931	start.hed	502.40,  0.418620,5.935,7.219,0
13166	start.hed	509.98,  -2.955298,6.599,-5.703,0
13505	start.hed	509.98,  -2.955298,6.599,-5.703,0
14194	start.hed	505.37,  2.319230,3.786,-8.029,0
14305	start.hed	507.25,  1.720023,8.791,-0.035,0
