#LST
500	proj.img
156	start.hed	507.59,  2.457382,6.364,-7.360,1
941	start.hed	508.03,  -2.001824,-5.968,-6.212,1
1814	start.hed	510.92,  2.078066,3.970,-0.266,1
2664	start.hed	549.38,  -0.202472,-3.196,13.836,1
3828	start.hed	509.12,  -1.400450,-0.443,3.426,0
5221	start.hed	507.47,  -2.656806,-1.213,-6.165,1
5523	start.hed	506.83,  -2.082300,-9.706,-4.554,0
5410	start.hed	507.03,  -1.837229,-8.801,-11.118,1
5771	start.hed	507.78,  2.183407,10.213,-3.498,1
6294	start.hed	503.68,  2.468138,4.297,-1.413,1
7836	start.hed	512.19,  -0.195919,-1.621,13.462,1
7958	start.hed	501.46,  -1.682285,4.475,-12.863,1
8509	start.hed	510.14,  -1.286126,-12.491,5.589,0
9695	start.hed	503.74,  -2.763895,-3.096,-8.484,1
10346	start.hed	507.41,  -0.399395,-2.351,5.876,0
11461	start.hed	509.07,  -2.888744,7.514,-9.056,0
11569	start.hed	508.67,  -2.889337,7.478,-9.030,0
12295	start.hed	511.79,  2.621251,4.159,-2.461,1
13115	start.hed	505.82,  -0.136643,-12.194,1.561,1
13325	start.hed	522.75,  1.004397,5.082,6.673,1
14677	start.hed	506.55,  0.218952,6.034,4.177,0
