#LST
419	proj.img
318	start.hed	501.07,  -0.411338,2.157,9.928,1
1309	start.hed	502.97,  0.036400,-3.656,5.110,0
1364	start.hed	504.95,  1.760937,10.695,6.569,0
3261	start.hed	501.31,  -1.066544,0.193,4.912,1
4279	start.hed	510.65,  -2.434307,-1.085,-0.668,0
4657	start.hed	510.80,  -2.746447,-5.581,-7.095,1
4747	start.hed	510.84,  1.461605,5.186,-2.992,1
5169	start.hed	514.45,  1.096528,6.323,4.637,0
5514	start.hed	506.20,  1.666830,7.903,3.564,0
5856	start.hed	504.52,  -0.841203,-3.162,5.928,1
7024	start.hed	503.32,  2.871565,-0.032,-6.891,1
7651	start.hed	506.72,  -2.535912,-4.189,-5.053,1
7977	start.hed	508.53,  1.651115,12.883,5.513,0
8389	start.hed	504.33,  -2.187542,-2.855,-3.207,0
8510	start.hed	508.13,  3.111079,1.779,-12.771,0
8953	start.hed	511.66,  -2.722692,1.923,-3.824,0
9106	start.hed	504.72,  1.161947,7.788,6.984,0
11551	start.hed	517.65,  0.600353,1.590,10.902,0
12375	start.hed	505.46,  0.236708,7.237,4.554,1
13116	start.hed	503.82,  2.320937,11.150,-2.741,0
13342	start.hed	507.58,  -1.351764,-12.915,5.433,1
14719	start.hed	511.97,  -0.385027,-4.518,6.261,0
14973	start.hed	510.00,  -0.784643,-0.576,8.871,1
