#LST
546	proj.img
645	start.hed	504.31,  -0.503619,5.580,6.496,0
1217	start.hed	508.69,  1.669950,8.675,4.119,0
1000	start.hed	510.77,  2.929543,2.843,-0.930,1
536	start.hed	502.02,  1.176184,11.605,-0.341,1
2277	start.hed	508.11,  0.113169,-0.718,3.057,1
4721	start.hed	509.23,  -2.844196,-4.141,-9.861,0
5953	start.hed	505.81,  0.438071,7.513,-12.184,0
6408	start.hed	531.11,  1.651878,-0.550,-6.398,0
7430	start.hed	511.08,  -3.095311,1.043,-9.622,0
8688	start.hed	501.69,  -2.865241,-0.525,-3.538,1
9599	start.hed	509.52,  2.266919,7.681,-0.851,1
9796	start.hed	507.26,  -1.316848,-4.894,5.837,0
11023	start.hed	513.97,  0.201236,7.865,4.507,0
11605	start.hed	505.67,  -1.262999,2.292,8.362,1
12556	start.hed	505.01,  -2.508615,-0.523,-8.091,1
12852	start.hed	507.38,  -2.519639,-0.284,-8.171,1
13065	start.hed	506.28,  0.127030,7.683,1.942,0
13317	start.hed	509.94,  -1.706071,-4.197,5.305,1
13341	start.hed	504.95,  1.863272,4.936,-1.282,0
13603	start.hed	502.97,  2.206173,4.015,-6.489,1
