#LST
144	proj.img
305	start.hed	504.02,  -1.775440,-8.995,0.511,1
996	start.hed	507.14,  -2.903293,-8.511,-3.291,0
5262	start.hed	502.99,  1.695330,-6.515,-10.369,1
7917	start.hed	510.84,  -2.534849,-2.180,-8.913,1
7931	start.hed	509.16,  -2.450441,-11.832,-7.845,1
8870	start.hed	503.87,  2.142250,-2.469,-8.976,0
9352	start.hed	504.24,  2.451102,0.913,-1.734,1
10357	start.hed	506.57,  -2.165268,-3.333,-9.650,1
10838	start.hed	508.99,  0.013066,-11.432,6.785,1
10860	start.hed	518.82,  -3.156859,7.566,-11.356,1
11268	start.hed	510.37,  -3.409264,-7.120,-7.819,0
11314	start.hed	504.35,  1.288450,6.383,8.236,0
11409	start.hed	508.06,  2.053857,-5.018,-7.787,0
12490	start.hed	501.29,  2.375931,-8.037,-9.252,0
12532	start.hed	505.60,  -1.694608,-3.762,5.446,0
12828	start.hed	506.26,  -1.682494,-3.649,6.431,0
12926	start.hed	508.68,  -0.974010,-6.794,2.387,1
13247	start.hed	502.59,  2.978917,8.162,11.559,1
13586	start.hed	502.59,  2.978917,8.162,11.559,1
14975	start.hed	504.37,  3.014776,-4.845,-4.401,0
15253	start.hed	512.08,  2.041281,-10.562,-6.178,0
