#LST
649	proj.img
220	start.hed	510.64,  0.373068,10.027,3.789,1
509	start.hed	504.79,  2.992477,-2.727,-5.393,1
1327	start.hed	509.16,  1.012462,7.412,2.809,1
1370	start.hed	505.32,  2.705096,5.841,-0.274,0
1569	start.hed	518.72,  0.777465,-1.859,4.880,0
1580	start.hed	512.77,  1.200605,3.955,1.669,0
1876	start.hed	504.62,  0.799538,-12.994,-5.110,0
2999	start.hed	508.38,  -2.661257,1.352,-4.386,0
3741	start.hed	508.38,  0.041208,-0.202,2.657,0
3584	start.hed	509.70,  -0.737210,-9.765,1.018,0
3945	start.hed	512.41,  2.120517,3.819,-7.578,0
4266	start.hed	511.13,  -1.645493,-8.323,5.697,1
4646	start.hed	511.63,  -0.685879,-6.255,4.501,0
7305	start.hed	507.73,  3.026575,-4.615,-6.261,1
7473	start.hed	514.80,  2.351429,10.298,6.782,0
7936	start.hed	502.90,  -0.003893,3.039,6.949,1
7992	start.hed	501.89,  -0.007479,3.218,10.956,1
8895	start.hed	502.63,  0.316418,8.587,-2.393,1
8994	start.hed	512.11,  -1.568694,-3.022,6.965,1
11680	start.hed	507.59,  1.284766,7.439,9.185,0
13199	start.hed	515.34,  1.384559,4.303,-9.995,1
13538	start.hed	515.34,  1.384559,4.303,-9.995,1
