#LST
390	proj.img
596	start.hed	506.09,  -1.464980,-3.991,0.356,1
1756	start.hed	504.21,  -2.909503,-0.419,-4.549,1
2118	start.hed	501.64,  3.145555,-7.885,10.316,1
4093	start.hed	508.63,  1.534053,7.292,0.930,1
4219	start.hed	512.94,  -2.356419,-8.976,-6.220,0
4567	start.hed	505.33,  -1.150562,-2.900,11.772,0
4618	start.hed	506.18,  1.938858,8.228,-3.069,1
5894	start.hed	505.39,  2.770052,-0.174,-3.522,0
7660	start.hed	511.89,  -1.830210,-10.239,0.467,0
8440	start.hed	506.18,  -0.421968,-2.961,4.214,1
9497	start.hed	510.49,  1.877398,9.574,-3.352,1
10105	start.hed	510.79,  0.775883,5.666,3.551,0
10218	start.hed	509.95,  2.929987,-1.355,-4.757,0
10257	start.hed	510.39,  -1.630758,-1.186,3.651,0
11331	start.hed	509.08,  -1.707562,-9.615,-1.005,0
13076	start.hed	507.24,  0.589983,5.900,2.749,0
15011	start.hed	509.82,  0.342449,1.204,1.901,0
15307	start.hed	501.93,  2.466870,2.875,-3.669,1
