#LST
32	proj.img
658	start.hed	502.80,  -0.242116,5.607,3.050,0
1658	start.hed	511.09,  0.203170,-2.325,3.464,1
1721	start.hed	509.93,  0.237159,7.413,0.756,0
3821	start.hed	512.45,  -1.445018,6.250,7.580,0
3974	start.hed	503.15,  -2.053275,4.650,11.029,0
4426	start.hed	507.20,  1.002717,-0.116,5.290,1
4623	start.hed	514.71,  -3.141593,5.000,-3.000,1
5445	start.hed	504.61,  2.065800,2.960,0.320,1
5247	start.hed	501.33,  -2.954307,6.884,-2.149,0
5679	start.hed	513.42,  2.925067,-11.658,-6.696,0
5917	start.hed	510.48,  1.489768,5.008,-5.292,1
6463	start.hed	514.36,  2.441814,-1.029,-1.177,0
6722	start.hed	503.05,  -2.512640,3.352,-5.423,1
7195	start.hed	508.22,  -2.340388,6.863,-1.318,1
7769	start.hed	502.89,  0.887621,8.947,-7.787,0
9658	start.hed	506.45,  0.500235,6.425,0.089,0
10439	start.hed	508.98,  0.071263,-1.242,1.774,1
11467	start.hed	507.65,  -0.241785,-2.549,4.070,1
12066	start.hed	508.23,  1.038433,-11.978,4.969,1
12193	start.hed	508.23,  1.038433,-11.978,4.969,1
13062	start.hed	506.21,  -2.356894,-1.005,-4.778,1
13906	start.hed	503.90,  -0.362831,-13.189,2.711,1
14132	start.hed	509.04,  0.714273,-0.402,6.664,1
