#LST
644	proj.img
1029	start.hed	504.67,  0.662735,-1.138,5.799,0
90	start.hed	513.74,  -2.133188,-2.085,-7.974,0
2417	start.hed	512.18,  -0.835623,-5.909,1.765,0
2443	start.hed	541.66,  1.395863,5.462,10.500,0
3763	start.hed	505.37,  -2.321052,-4.666,-1.537,1
3419	start.hed	505.42,  0.180004,2.320,3.051,1
4174	start.hed	516.96,  0.140809,0.599,14.049,0
4348	start.hed	505.32,  -2.773119,0.845,-3.123,0
4574	start.hed	507.09,  1.344747,10.241,4.380,0
5070	start.hed	504.79,  -0.000016,-14.004,4.011,0
5317	start.hed	502.53,  -0.415110,-1.122,8.250,1
5540	start.hed	513.01,  0.975854,3.753,6.371,0
5682	start.hed	506.05,  -2.949579,7.189,-2.686,0
5830	start.hed	504.03,  2.582283,3.611,7.197,0
6024	start.hed	509.16,  -1.931666,-3.594,-9.226,0
7608	start.hed	506.97,  0.318306,-5.349,-11.854,0
7814	start.hed	509.12,  0.361327,-5.240,11.092,0
8289	start.hed	501.37,  0.500365,-9.343,9.591,0
11695	start.hed	511.99,  0.002472,1.035,8.955,0
12935	start.hed	503.48,  -2.388952,4.311,-10.289,1
