#LST
444	proj.img
231	start.hed	511.19,  1.061314,9.755,2.110,0
788	start.hed	510.38,  2.679391,1.964,0.821,1
370	start.hed	505.31,  -1.301215,-2.171,-2.413,0
1202	start.hed	503.30,  0.551598,3.562,8.118,1
160	start.hed	514.06,  -2.554842,2.869,2.130,1
2464	start.hed	510.95,  1.510098,7.364,0.458,1
2556	start.hed	509.73,  1.325618,6.053,-2.060,0
2957	start.hed	507.18,  1.724665,9.387,-1.471,1
4264	start.hed	505.51,  -3.374915,-4.038,13.635,0
4276	start.hed	517.87,  2.651938,-1.228,-7.530,0
4392	start.hed	516.25,  2.974673,0.437,-4.887,0
4703	start.hed	503.41,  -1.104565,-2.364,6.929,0
4858	start.hed	503.28,  -3.238083,3.083,-7.820,1
5400	start.hed	507.39,  -1.184702,-6.961,4.481,0
6250	start.hed	509.56,  2.259784,9.840,0.684,1
8780	start.hed	505.65,  -2.314773,-5.896,-2.296,0
8966	start.hed	501.22,  -2.778828,-1.722,-1.275,0
13985	start.hed	514.34,  -1.783800,-5.877,-3.837,1
14160	start.hed	507.20,  -0.573302,0.649,6.205,0
14308	start.hed	508.82,  0.989240,10.073,8.341,1
