#LST
695	proj.img
173	start.hed	513.05,  1.907024,2.596,-2.915,1
1602	start.hed	507.88,  -0.399901,-1.051,3.749,1
2255	start.hed	508.87,  3.139201,1.027,-1.803,1
2995	start.hed	510.88,  2.325411,2.770,-2.054,1
3016	start.hed	508.98,  2.232379,4.439,0.328,1
3480	start.hed	513.22,  -2.094988,-4.922,1.531,0
3728	start.hed	516.32,  -2.418976,-2.669,-0.451,0
3411	start.hed	512.97,  0.158965,3.417,7.626,1
3820	start.hed	505.37,  0.281734,2.445,-9.858,1
3869	start.hed	505.69,  0.421053,1.344,-1.343,0
3895	start.hed	500.67,  2.504305,3.568,-2.767,0
4053	start.hed	515.43,  0.718904,1.525,1.983,0
3979	start.hed	506.55,  -2.922411,-7.980,-7.136,1
5630	start.hed	510.93,  2.954585,1.322,-6.263,0
8235	start.hed	506.67,  -1.207175,-6.758,4.180,0
10074	start.hed	518.98,  0.268673,-1.639,4.931,1
10697	start.hed	509.68,  -1.647623,-5.805,-1.219,1
13427	start.hed	500.40,  2.080622,2.792,-0.094,0
13856	start.hed	520.60,  -1.933704,-8.592,-4.263,1
13989	start.hed	508.10,  -1.924851,-2.534,4.555,0
14530	start.hed	509.45,  1.592938,-0.046,3.278,1
14831	start.hed	505.26,  1.208556,3.266,3.169,0
14987	start.hed	508.85,  -1.812991,-7.929,-0.662,0
