#LST
662	proj.img
17	start.hed	508.01,  -1.196800,-5.788,0.597,0
883	start.hed	509.35,  -0.429826,1.055,9.292,1
74	start.hed	516.53,  0.738004,2.157,0.463,1
1767	start.hed	508.74,  1.054474,4.883,2.221,1
2620	start.hed	535.68,  -0.980393,-0.160,11.126,1
4412	start.hed	508.83,  1.656478,4.800,1.314,0
4415	start.hed	510.66,  -1.570796,-2.000,-2.000,0
4109	start.hed	514.27,  3.068383,-4.341,13.720,1
5576	start.hed	501.11,  0.335227,1.827,3.239,1
7444	start.hed	504.97,  -0.466756,-2.711,0.908,0
8096	start.hed	501.85,  0.744024,2.038,2.491,1
8430	start.hed	505.81,  -0.367865,-1.447,7.130,1
9705	start.hed	509.49,  -2.125423,9.386,8.472,0
10051	start.hed	503.37,  2.963206,1.543,-6.627,0
11102	start.hed	501.85,  0.744024,2.038,2.491,1
11659	start.hed	510.12,  2.483176,4.580,-2.786,0
12699	start.hed	506.61,  -2.294611,-2.827,-2.019,1
12952	start.hed	503.75,  -0.818814,-3.948,1.735,0
