#LST
63	proj.img
2442	start.hed	509.51,  3.052036,9.656,-2.448,0
2357	start.hed	507.09,  1.448165,6.565,-12.523,0
3002	start.hed	507.17,  -1.073028,-3.451,-2.016,1
5312	start.hed	510.36,  -1.710100,1.907,-5.565,0
6152	start.hed	501.86,  1.684996,0.376,2.270,1
8326	start.hed	505.40,  0.093460,-4.584,-0.072,0
8913	start.hed	507.43,  -0.322105,-2.067,3.598,0
9163	start.hed	506.37,  -2.693493,12.076,6.512,0
9601	start.hed	510.28,  -0.031865,-7.621,2.743,1
9773	start.hed	512.99,  -1.450472,6.379,-10.710,0
10745	start.hed	506.24,  -2.632540,1.619,-1.586,0
10853	start.hed	507.72,  -1.023536,-4.056,-8.099,1
10854	start.hed	503.23,  -3.070525,-9.655,10.448,1
10935	start.hed	505.37,  -2.089373,-3.317,-0.789,0
12083	start.hed	504.83,  1.539955,4.532,8.174,0
12210	start.hed	504.83,  1.539955,4.532,8.174,0
13059	start.hed	507.39,  -0.470612,-1.358,0.573,1
13818	start.hed	509.60,  2.219024,2.645,2.311,0
15229	start.hed	507.04,  2.396622,-7.598,-4.023,1
