#LST
582	proj.img
744	start.hed	500.29,  1.732915,3.862,9.142,0
2052	start.hed	512.28,  3.086522,-12.624,-0.612,1
2382	start.hed	536.15,  2.814678,-9.016,0.565,1
2653	start.hed	514.04,  2.496029,6.344,0.489,0
2694	start.hed	502.25,  2.404200,4.684,-0.658,0
3071	start.hed	506.76,  2.337161,8.465,-11.217,1
3928	start.hed	511.16,  1.137133,5.899,-1.109,1
4892	start.hed	505.42,  -2.771403,3.491,-8.334,0
7101	start.hed	502.97,  0.203479,6.639,5.520,1
7794	start.hed	508.21,  -2.195077,-6.592,-5.242,1
8952	start.hed	525.06,  -0.976527,-8.856,2.094,0
11219	start.hed	504.06,  2.942176,7.416,-1.358,0
11253	start.hed	505.29,  1.775755,13.515,-3.093,0
11973	start.hed	513.69,  -2.665928,-12.318,4.278,1
13158	start.hed	508.39,  -1.635284,-5.414,-6.120,0
13214	start.hed	505.42,  1.465166,9.098,-1.384,0
13497	start.hed	508.39,  -1.635284,-5.414,-6.120,0
13553	start.hed	505.42,  1.465166,9.098,-1.384,0
14196	start.hed	511.91,  0.802942,-2.257,5.709,0
