#LST
598	proj.img
745	start.hed	503.46,  1.387812,5.065,6.351,0
1077	start.hed	501.02,  1.639404,10.957,4.086,0
1186	start.hed	504.38,  1.941113,3.810,2.145,0
2253	start.hed	509.21,  -2.196086,-6.040,-1.062,1
2214	start.hed	510.39,  0.940868,-12.395,-3.337,1
2015	start.hed	530.33,  -0.946427,-4.638,1.461,0
2366	start.hed	573.46,  1.666752,4.739,-2.539,1
2925	start.hed	508.65,  -0.681136,-3.689,1.704,0
3548	start.hed	513.50,  -0.114546,-5.089,1.917,0
3843	start.hed	512.93,  1.522259,8.518,1.054,0
4246	start.hed	521.26,  2.897074,-7.004,-11.869,0
5427	start.hed	517.12,  -2.872196,-12.049,-1.275,0
5646	start.hed	507.96,  -2.688729,1.401,-3.372,0
5743	start.hed	505.28,  -2.326958,0.258,-2.918,0
6319	start.hed	513.85,  -2.653688,-3.204,-2.886,1
6629	start.hed	504.73,  0.387415,1.925,3.310,1
6875	start.hed	505.44,  0.972134,-0.899,6.017,1
7891	start.hed	514.31,  -1.690278,-3.328,-1.116,0
8310	start.hed	517.99,  -1.466744,-0.779,6.293,1
9723	start.hed	509.62,  2.506904,0.188,-3.094,1
11541	start.hed	505.84,  0.075723,-4.755,2.925,0
12398	start.hed	507.72,  0.698856,7.061,3.034,1
13926	start.hed	507.54,  1.980157,1.285,-4.951,1
