#LST
142	proj.img
736	start.hed	508.37,  1.877915,-1.549,-11.034,0
870	start.hed	504.31,  -0.462845,4.759,9.134,1
143	start.hed	516.96,  2.889618,-0.824,-9.706,1
1348	start.hed	505.98,  -0.792852,-8.355,9.489,1
1836	start.hed	518.47,  -2.003650,-0.446,11.379,0
2719	start.hed	506.94,  -0.938714,-13.583,3.251,1
5534	start.hed	502.59,  0.629048,0.506,3.406,1
5420	start.hed	519.91,  -0.174648,2.070,9.089,0
5944	start.hed	506.30,  -2.491489,5.237,-12.669,1
6185	start.hed	510.11,  0.082872,8.886,9.787,1
8128	start.hed	500.49,  2.870253,-11.661,-5.307,0
9383	start.hed	506.47,  0.368992,6.772,-0.556,0
9627	start.hed	504.78,  -0.123907,14.013,0.986,0
10031	start.hed	502.02,  2.159911,10.190,4.185,1
11134	start.hed	500.49,  2.870253,-11.661,-5.307,0
11491	start.hed	512.98,  0.811756,7.329,-10.665,0
11599	start.hed	513.23,  0.813304,7.302,-10.622,0
12462	start.hed	505.98,  -2.278681,13.311,-4.252,0
13453	start.hed	505.11,  -2.171389,3.839,-12.934,0
13790	start.hed	504.52,  2.218317,7.775,-0.391,0
