#LST
103	proj.img
1616	start.hed	507.77,  -0.081486,0.085,-10.477,1
1640	start.hed	508.15,  0.300047,1.519,7.445,1
2540	start.hed	513.77,  -0.718069,-4.762,8.059,0
2754	start.hed	510.86,  3.095936,-0.983,-8.227,1
2807	start.hed	507.74,  1.297733,6.502,2.070,1
2690	start.hed	508.05,  2.440489,2.342,-6.548,1
2908	start.hed	513.79,  0.293497,2.560,5.756,1
3905	start.hed	507.90,  0.748251,-0.791,11.059,0
4601	start.hed	504.96,  -2.133696,3.477,6.703,1
5101	start.hed	501.09,  2.191520,7.091,-4.382,1
5616	start.hed	507.50,  2.212467,5.556,-4.964,0
5761	start.hed	512.92,  2.259413,3.901,2.729,0
7345	start.hed	509.06,  1.439282,7.766,-1.491,0
9428	start.hed	507.39,  3.042324,3.936,-8.139,1
10303	start.hed	507.68,  0.227282,-6.591,-7.992,0
10489	start.hed	504.64,  -2.134075,-5.916,-3.373,0
14602	start.hed	502.72,  -2.164339,-9.263,-2.692,0
15069	start.hed	512.79,  1.712526,11.365,-1.870,0
