#LST
210	proj.img
916	start.hed	508.65,  2.174773,-12.355,-4.571,1
1145	start.hed	503.37,  -1.403509,-4.731,-1.905,0
2037	start.hed	515.29,  1.188809,0.404,7.058,0
3369	start.hed	512.82,  -2.841083,12.750,-1.427,0
4913	start.hed	504.03,  0.680166,6.148,3.246,1
6954	start.hed	508.63,  -0.439730,-0.560,-12.012,1
6847	start.hed	511.47,  0.749803,0.622,6.422,1
7317	start.hed	504.15,  -1.757065,-0.366,-5.403,0
9271	start.hed	504.10,  0.462231,-4.707,5.429,0
10118	start.hed	516.43,  -2.682152,-8.585,4.395,1
10378	start.hed	511.91,  -1.262111,8.066,9.866,0
10388	start.hed	502.99,  2.276206,9.476,1.618,0
10300	start.hed	506.79,  0.983109,0.520,6.845,0
11758	start.hed	502.38,  1.481900,-2.548,9.106,0
13207	start.hed	507.54,  -2.340689,-7.062,-6.282,1
13546	start.hed	507.54,  -2.340689,-7.062,-6.282,1
14228	start.hed	509.51,  1.828843,10.763,-3.539,0
15210	start.hed	503.12,  1.101238,5.648,7.019,0
15155	start.hed	506.39,  -0.619530,-3.459,2.032,0
