#LST
631	proj.img
254	start.hed	511.18,  1.410609,-1.302,-2.543,0
1596	start.hed	507.59,  1.683336,7.152,0.753,1
1485	start.hed	505.87,  -2.379182,-1.189,-0.069,1
1645	start.hed	509.04,  -1.498651,-4.241,3.175,0
2724	start.hed	514.17,  -2.667487,-7.758,-10.301,0
3732	start.hed	520.23,  0.255725,3.499,3.561,1
4410	start.hed	509.94,  -0.557689,-0.922,3.921,0
4737	start.hed	504.70,  -0.886083,0.355,1.949,0
5559	start.hed	508.47,  2.130396,2.389,1.327,0
5565	start.hed	508.50,  2.212585,1.511,-3.228,0
5914	start.hed	512.47,  0.243747,3.092,5.840,0
6010	start.hed	506.44,  0.292068,3.454,3.231,0
6122	start.hed	504.29,  -0.901496,12.078,-4.887,1
6174	start.hed	500.74,  2.007798,9.681,-2.696,1
6816	start.hed	503.97,  2.670550,6.186,-11.786,1
7115	start.hed	503.72,  -0.369656,-1.030,3.754,0
7490	start.hed	504.10,  0.955619,9.289,6.424,1
9504	start.hed	505.37,  -2.105403,-0.411,-4.531,1
10284	start.hed	505.60,  -0.559316,-7.632,9.276,0
10293	start.hed	516.67,  2.060183,5.241,-0.101,0
12591	start.hed	509.99,  0.341282,1.614,1.335,0
13855	start.hed	509.15,  1.372038,6.656,-0.537,0
15134	start.hed	504.45,  -2.796378,-0.253,-0.951,1
