#LST
515	proj.img
937	start.hed	507.83,  -0.946887,0.728,-0.613,0
1461	start.hed	516.21,  -0.156848,-2.145,6.670,1
2306	start.hed	507.17,  -0.926296,4.000,6.663,0
4204	start.hed	507.06,  -0.464939,-0.712,5.733,0
5189	start.hed	502.38,  0.328113,1.835,6.034,0
6693	start.hed	500.93,  0.793943,-0.063,0.118,1
7084	start.hed	506.03,  -1.244217,-7.466,1.659,0
7554	start.hed	510.01,  0.369889,4.425,0.845,1
7930	start.hed	504.80,  -0.293092,-2.390,1.632,1
8152	start.hed	503.04,  1.841607,10.483,-9.407,1
8356	start.hed	500.32,  0.009459,-1.554,6.940,1
8838	start.hed	508.89,  0.149315,-1.397,5.438,0
10071	start.hed	511.80,  -1.125538,-3.769,5.107,0
10505	start.hed	507.76,  0.069073,0.792,-4.247,1
10879	start.hed	511.42,  2.287387,-0.529,-6.985,0
11158	start.hed	503.04,  1.841607,10.483,-9.407,1
11425	start.hed	509.02,  -1.798090,-6.539,11.284,0
12474	start.hed	508.20,  -0.992009,-0.472,14.633,1
13882	start.hed	509.09,  2.987426,3.423,-7.161,1
14181	start.hed	511.43,  -3.238963,-0.846,-5.158,1
14156	start.hed	506.52,  3.132326,-13.242,0.204,0
14284	start.hed	503.65,  2.496531,2.568,-0.950,1
