#LST
576	proj.img
236	start.hed	515.81,  1.327560,4.779,-1.516,0
4849	start.hed	507.39,  -3.025042,-5.946,-10.994,1
5779	start.hed	503.83,  1.739243,2.469,-0.510,0
6025	start.hed	516.95,  1.664359,7.811,3.944,0
6070	start.hed	505.62,  0.260512,9.245,-6.983,0
6173	start.hed	506.67,  -2.172861,5.858,-11.318,1
6918	start.hed	507.92,  1.509818,2.881,0.397,1
7435	start.hed	507.08,  -2.004441,1.269,-8.589,1
7692	start.hed	505.08,  1.811909,11.867,0.775,0
8032	start.hed	511.98,  2.348958,3.686,-5.861,1
8394	start.hed	503.29,  -2.964090,-6.754,-5.310,0
9121	start.hed	504.67,  -1.468048,-5.204,-8.761,1
9622	start.hed	501.42,  2.444559,1.909,-12.252,1
10723	start.hed	512.39,  0.457494,5.619,3.843,0
11036	start.hed	511.98,  2.348958,3.686,-5.861,1
11315	start.hed	503.63,  -2.446763,-10.427,-5.541,1
11350	start.hed	508.21,  1.264145,-0.073,11.494,1
12098	start.hed	507.03,  -2.689078,-1.513,-6.282,1
12225	start.hed	507.03,  -2.689078,-1.513,-6.282,1
12578	start.hed	503.63,  1.173211,-0.675,-1.875,0
12874	start.hed	503.59,  1.174023,-0.580,-1.956,0
14785	start.hed	505.77,  1.410623,9.750,-10.543,1
