#LST
322	proj.img
902	start.hed	500.28,  -1.044261,-10.617,-7.283,1
1160	start.hed	510.71,  0.638788,6.055,-12.170,0
552	start.hed	507.07,  -2.218319,-6.095,-11.640,1
1751	start.hed	507.64,  -2.497830,9.794,-6.574,1
1624	start.hed	513.95,  2.799474,-3.753,-12.134,0
1949	start.hed	511.25,  -1.428580,-0.463,10.015,0
3058	start.hed	503.23,  2.581889,0.689,-7.403,0
4814	start.hed	523.37,  -1.182234,-3.542,-13.442,1
5294	start.hed	508.60,  2.117300,-1.486,-6.556,0
5333	start.hed	509.04,  -2.370243,-11.407,-2.454,1
7808	start.hed	505.72,  -2.735532,-0.843,-1.907,1
8312	start.hed	503.52,  2.910263,-6.420,-6.504,0
9036	start.hed	501.52,  -2.251739,-7.289,-9.580,1
10667	start.hed	505.40,  -1.492204,-10.460,-7.815,0
11500	start.hed	506.52,  0.484284,7.471,5.172,0
11738	start.hed	502.00,  -1.176472,-7.418,-5.004,1
13305	start.hed	510.49,  0.523120,7.894,4.090,0
14209	start.hed	505.09,  -2.764398,8.079,-9.136,0
14300	start.hed	504.98,  -0.327838,-0.025,12.670,0
14574	start.hed	505.77,  2.624573,-5.016,-13.511,0
14968	start.hed	502.57,  2.617461,-12.988,-5.417,1
