#LST
675	proj.img
457	start.hed	510.15,  2.941134,-11.771,-8.142,0
301	start.hed	503.15,  2.924965,-11.249,-9.081,0
1471	start.hed	503.55,  -1.884378,-0.999,-0.064,0
1883	start.hed	505.16,  -0.356630,-4.586,0.789,1
1821	start.hed	503.98,  2.053760,9.089,-2.754,1
1940	start.hed	521.63,  -2.530208,-8.694,-2.365,0
2089	start.hed	513.45,  1.395667,2.438,-4.514,0
3972	start.hed	508.14,  -0.667550,-7.880,1.693,1
4373	start.hed	506.60,  0.261364,-0.827,5.593,0
4964	start.hed	506.38,  -1.700568,-2.843,-3.487,1
7250	start.hed	503.59,  -1.597105,-2.581,-1.786,1
8552	start.hed	498.67,  -1.009669,-10.895,-7.068,1
9177	start.hed	507.57,  -2.547386,5.056,-3.548,0
10591	start.hed	507.11,  -0.885184,0.240,10.295,0
10946	start.hed	501.59,  -1.668172,-12.116,2.069,0
12338	start.hed	505.55,  -1.594932,-10.841,7.068,0
12956	start.hed	508.13,  1.847162,2.449,1.127,0
13787	start.hed	508.39,  1.496958,6.028,4.455,1
14644	start.hed	507.12,  -0.460429,-4.172,-1.507,1
