#LST
353	proj.img
429	start.hed	505.93,  -2.017987,11.349,-9.023,0
1146	start.hed	502.48,  1.280233,4.970,4.806,0
1611	start.hed	509.66,  0.512453,8.366,-2.461,1
2210	start.hed	505.13,  0.706314,-7.158,-7.283,1
2615	start.hed	502.76,  2.417955,1.855,-3.001,1
4499	start.hed	505.74,  -2.493670,-5.613,-10.220,0
4926	start.hed	504.68,  -1.696460,-1.000,-4.000,0
5823	start.hed	505.24,  -2.036698,0.420,-5.348,0
6871	start.hed	509.92,  -0.347697,-10.550,9.200,0
8906	start.hed	503.01,  -0.712115,-8.679,-0.169,0
8984	start.hed	511.44,  -3.071477,-5.555,-3.397,1
9065	start.hed	514.80,  -0.948905,3.633,7.131,1
11471	start.hed	511.16,  2.198066,2.475,-5.586,1
11579	start.hed	509.28,  2.199851,2.594,-5.412,1
13191	start.hed	509.82,  -0.266794,-7.280,3.028,0
13530	start.hed	509.82,  -0.266794,-7.280,3.028,0
14056	start.hed	508.56,  2.464964,-6.027,-3.492,1
14704	start.hed	517.61,  0.356037,5.227,-12.921,0
