#LST
48	proj.img
1310	start.hed	507.80,  -2.937666,2.305,-6.907,1
1902	start.hed	518.35,  -2.632833,-4.591,-9.072,0
2235	start.hed	503.96,  -1.915645,-12.330,-4.631,0
2836	start.hed	509.95,  -2.041385,-2.624,-1.326,1
3321	start.hed	514.77,  1.229676,9.211,1.938,1
3363	start.hed	507.92,  0.318412,3.167,6.158,1
3398	start.hed	510.97,  0.701101,-4.224,-6.975,1
3643	start.hed	507.72,  1.903007,7.500,-3.198,0
4084	start.hed	507.73,  -2.494079,-9.859,-8.816,1
4948	start.hed	504.65,  -2.327747,-9.425,-6.314,0
6300	start.hed	505.98,  -0.788587,-4.926,6.525,1
6326	start.hed	511.19,  -1.512986,-8.336,3.645,0
6781	start.hed	503.43,  -0.055075,-1.874,9.511,0
6872	start.hed	507.32,  0.160345,0.940,7.526,1
8216	start.hed	505.46,  -1.897274,-12.657,-5.172,1
11394	start.hed	506.59,  0.411360,4.194,8.643,1
12119	start.hed	507.21,  -1.825112,-6.333,-1.229,0
12246	start.hed	507.21,  -1.825112,-6.333,-1.229,0
12347	start.hed	505.32,  -0.768870,-4.896,5.862,0
13126	start.hed	503.62,  2.208485,9.577,-3.113,1
13642	start.hed	508.69,  2.778677,2.345,-5.007,0
13649	start.hed	507.26,  -1.928980,-2.964,-5.256,0
