#LST
200	proj.img
2145	start.hed	509.62,  1.197772,0.039,-0.814,0
2991	start.hed	513.63,  0.244478,0.044,1.131,0
5059	start.hed	507.02,  -1.008335,-0.000,-1.058,0
5351	start.hed	508.64,  -1.453305,-5.319,2.729,0
7414	start.hed	502.85,  -0.618410,9.034,-1.283,1
7487	start.hed	498.93,  -1.968626,-13.418,-0.732,0
8159	start.hed	504.60,  -1.413170,-2.394,-0.145,0
7976	start.hed	507.73,  1.451361,-11.869,-7.653,1
8814	start.hed	505.07,  1.643292,0.424,5.148,1
8848	start.hed	504.51,  0.617524,2.416,-1.739,1
10742	start.hed	507.21,  1.350774,6.206,6.950,1
11165	start.hed	504.60,  -1.413170,-2.394,-0.145,0
11791	start.hed	500.98,  1.248705,-7.510,-6.950,0
11965	start.hed	505.04,  2.018152,12.187,0.504,1
12322	start.hed	506.98,  -0.728652,4.583,-2.799,1
12353	start.hed	508.13,  0.042037,-0.849,5.357,1
13159	start.hed	508.31,  0.000387,3.024,5.016,0
13498	start.hed	508.31,  0.000387,3.024,5.016,0
14478	start.hed	508.69,  1.117551,5.347,-4.744,0
14647	start.hed	507.18,  -0.696103,-6.744,-5.907,0
14746	start.hed	509.02,  2.514530,8.610,2.029,1
