#LST
555	proj.img
818	start.hed	506.91,  -2.595642,-1.152,-7.411,1
820	start.hed	508.03,  2.121874,4.728,-2.167,0
1578	start.hed	511.42,  -0.432250,0.874,5.793,0
1659	start.hed	510.27,  3.021443,-1.834,-5.245,0
1679	start.hed	508.56,  2.385224,-2.126,-6.381,0
1445	start.hed	507.28,  2.986278,-0.188,-3.640,0
1450	start.hed	513.46,  -2.218604,-7.032,-2.367,0
2378	start.hed	521.04,  0.609417,-1.087,10.859,1
2982	start.hed	508.04,  -2.033388,0.851,-4.609,1
4866	start.hed	502.50,  -0.217483,-7.057,9.259,1
7387	start.hed	505.02,  1.717188,12.403,6.341,1
9640	start.hed	521.78,  -3.043478,-6.475,1.704,0
10223	start.hed	508.02,  2.685696,-1.585,-9.109,0
10645	start.hed	506.28,  3.055721,1.874,-9.455,1
10964	start.hed	513.27,  0.184212,5.528,8.502,0
11698	start.hed	503.06,  -0.884447,9.164,10.484,1
12013	start.hed	508.53,  -1.574654,-6.049,0.005,1
12140	start.hed	508.53,  -1.574654,-6.049,0.005,1
13198	start.hed	506.10,  0.059719,6.934,5.047,0
13537	start.hed	506.10,  0.059719,6.934,5.047,0
13828	start.hed	503.60,  -1.692699,-6.459,-1.442,0
13929	start.hed	504.61,  -0.886226,-4.482,4.027,1
13944	start.hed	511.50,  0.132319,3.355,3.276,0
