#LST
105	proj.img
302	start.hed	503.34,  2.593011,0.788,-3.880,0
127	start.hed	505.37,  -1.418613,-8.733,6.685,0
1867	start.hed	514.49,  1.911017,7.809,-10.407,1
2083	start.hed	508.24,  -0.129052,9.408,10.578,0
2926	start.hed	508.83,  3.032876,-9.009,-8.188,0
3855	start.hed	506.74,  -1.752286,-5.989,3.354,0
4507	start.hed	500.26,  -1.168789,-9.660,3.368,1
5028	start.hed	505.99,  -2.177892,-8.901,-3.065,0
5909	start.hed	511.53,  -0.142371,-10.561,9.786,1
7353	start.hed	503.53,  1.157087,8.468,-4.215,0
7211	start.hed	506.32,  1.217705,13.293,2.935,0
7719	start.hed	507.65,  2.071879,10.412,-9.560,0
7722	start.hed	504.18,  3.164220,-6.931,-12.740,0
8560	start.hed	523.33,  -0.495364,-9.039,5.190,1
9215	start.hed	510.91,  2.682286,2.087,-10.328,0
10771	start.hed	506.38,  -1.769864,-10.201,-7.961,1
14430	start.hed	510.16,  0.116378,-1.706,11.802,0
14484	start.hed	505.77,  -1.736347,-5.388,-5.220,1
14759	start.hed	510.72,  -0.420550,-4.407,13.796,0
