#LST
338	proj.img
171	start.hed	512.45,  -2.748235,0.164,-4.908,1
1568	start.hed	515.56,  2.427715,1.026,-4.468,0
1856	start.hed	510.99,  0.506081,9.463,10.559,0
1920	start.hed	510.00,  0.951183,3.174,3.861,1
3148	start.hed	514.72,  0.700863,3.753,5.191,1
3124	start.hed	506.91,  1.922037,4.855,-4.684,0
2891	start.hed	506.03,  0.856607,2.509,-0.356,1
3231	start.hed	513.93,  0.701357,3.712,5.180,1
4233	start.hed	501.62,  -1.971573,-4.828,-1.765,1
5941	start.hed	511.86,  2.003011,9.129,4.728,0
6456	start.hed	510.64,  -0.173451,-1.770,-1.169,1
6715	start.hed	512.10,  2.551821,6.760,-5.394,1
7533	start.hed	500.36,  0.061530,-1.786,10.501,0
7710	start.hed	502.13,  0.828766,3.217,-0.058,0
8249	start.hed	503.90,  -0.095245,8.860,4.682,1
10348	start.hed	504.82,  1.778846,-0.261,-4.628,0
10406	start.hed	505.46,  1.189801,-1.385,-3.116,0
10730	start.hed	510.79,  -2.557376,1.956,-11.968,1
10765	start.hed	511.53,  -2.971549,4.773,13.820,1
11996	start.hed	509.62,  2.297626,-2.255,-4.350,0
13844	start.hed	506.10,  -2.867990,-1.791,-6.430,0
14425	start.hed	513.13,  -0.093328,-0.567,9.610,1
14706	start.hed	508.14,  0.517579,3.795,7.803,0
