#LST
95	proj.img
995	start.hed	508.98,  -0.103483,11.500,-6.094,1
2408	start.hed	519.83,  -1.506335,-2.082,4.297,1
2677	start.hed	506.61,  -2.435581,-5.628,9.773,0
3168	start.hed	508.83,  -0.215025,-10.503,-1.425,0
3591	start.hed	508.85,  -0.886039,-4.640,1.012,0
4051	start.hed	509.19,  1.931281,10.708,2.316,0
4474	start.hed	508.58,  0.069733,-11.188,-8.918,0
4485	start.hed	500.78,  2.351499,0.845,-2.553,1
5560	start.hed	507.72,  2.875126,-2.748,-4.919,1
6270	start.hed	509.76,  -1.595838,-8.999,8.790,1
6043	start.hed	504.94,  0.687519,2.207,8.646,0
6688	start.hed	513.84,  2.003620,-1.887,6.139,1
6955	start.hed	504.30,  0.799168,8.312,9.885,1
7138	start.hed	509.86,  0.698827,0.573,7.066,0
7496	start.hed	507.28,  -0.891365,-9.553,5.994,0
7621	start.hed	508.99,  -1.964981,0.298,-1.396,1
8004	start.hed	502.95,  -1.187602,0.392,2.365,1
9549	start.hed	501.33,  1.884053,-9.442,-2.888,0
10014	start.hed	507.16,  -1.785586,-2.458,-14.056,0
10874	start.hed	512.70,  -2.585079,-9.833,-7.183,1
10818	start.hed	502.32,  -3.071793,-0.820,-3.340,1
14840	start.hed	509.62,  0.958664,3.890,0.244,1
