#LST
593	proj.img
399	start.hed	507.44,  -2.008321,-1.266,13.891,1
1066	start.hed	508.69,  2.500830,7.423,-8.005,0
1150	start.hed	504.73,  -0.186809,-4.019,10.883,0
1415	start.hed	503.23,  -2.189878,-7.425,-10.302,0
3282	start.hed	503.77,  2.790438,1.913,-3.748,0
3629	start.hed	508.51,  -2.673182,-4.140,1.874,1
4615	start.hed	504.23,  0.314957,6.820,7.232,1
4962	start.hed	508.32,  2.747493,-2.241,-4.499,1
5802	start.hed	503.46,  0.978813,4.675,2.011,0
6427	start.hed	501.19,  1.795260,4.633,-0.068,1
7627	start.hed	502.85,  -0.969238,-10.754,3.948,0
8378	start.hed	508.48,  1.251011,6.642,1.175,1
8631	start.hed	499.05,  1.424732,8.103,4.169,0
9406	start.hed	502.84,  -1.381893,-10.010,2.040,1
10725	start.hed	503.25,  0.940177,3.542,-1.284,0
11295	start.hed	502.81,  1.586633,0.755,1.657,0
11352	start.hed	520.27,  -2.737042,-2.778,-6.455,1
11507	start.hed	506.03,  0.135555,9.267,1.357,1
11928	start.hed	505.15,  -2.200583,-2.246,-1.412,0
12657	start.hed	509.95,  -0.927810,7.589,-11.686,0
13344	start.hed	511.10,  1.075092,10.361,-9.499,1
13668	start.hed	503.91,  2.856333,-1.126,-7.424,1
13980	start.hed	511.37,  -1.568572,3.915,-12.957,0
