#LST
129	proj.img
408	start.hed	509.48,  -0.396025,10.167,-3.923,1
884	start.hed	505.41,  -0.789562,-1.597,4.966,1
1746	start.hed	504.58,  2.206331,2.923,1.930,0
2888	start.hed	506.67,  0.152433,10.909,9.186,1
3864	start.hed	522.28,  -1.607870,-4.814,-0.035,0
6264	start.hed	511.30,  2.630809,7.664,-12.308,0
6148	start.hed	520.74,  -0.896269,3.333,10.408,1
6490	start.hed	511.18,  -0.972102,-3.011,-0.107,1
7677	start.hed	514.56,  2.680173,-8.385,7.714,0
8223	start.hed	507.03,  2.415608,6.137,-0.428,0
9358	start.hed	516.53,  -1.659089,0.210,-7.522,0
9525	start.hed	512.20,  -0.759858,-11.133,1.614,0
10225	start.hed	506.57,  -1.762225,-9.409,-5.803,0
13141	start.hed	503.20,  0.026197,11.089,7.926,1
13456	start.hed	504.76,  2.172333,12.587,1.747,0
15169	start.hed	512.33,  0.752573,1.728,4.217,1
15183	start.hed	510.49,  0.914488,8.142,10.951,0
15249	start.hed	513.09,  2.041485,-12.091,-7.617,1
