#LST
381	proj.img
1023	start.hed	504.64,  -0.451440,0.993,1.199,1
352	start.hed	513.28,  2.532742,4.383,-5.274,0
149	start.hed	509.73,  -2.710394,-4.344,-1.161,0
1332	start.hed	507.50,  0.494574,-0.983,5.374,1
1562	start.hed	506.42,  -0.200876,2.313,10.710,0
2221	start.hed	505.39,  1.683667,6.475,-5.026,0
4375	start.hed	517.74,  -1.504158,11.583,-6.698,1
5263	start.hed	507.41,  -2.922305,10.615,7.830,1
5635	start.hed	512.77,  -1.367199,-3.893,8.268,0
5901	start.hed	510.72,  -2.178096,-5.761,-2.525,1
6207	start.hed	514.17,  -0.785589,-5.746,-2.098,1
6754	start.hed	508.47,  -2.822164,-9.473,7.708,0
9739	start.hed	509.19,  0.117927,-1.167,6.785,1
9752	start.hed	514.84,  0.656058,6.842,0.878,0
10979	start.hed	512.48,  -2.164597,0.731,-6.019,1
11184	start.hed	514.06,  -1.467612,-3.696,-4.998,1
11188	start.hed	507.57,  -0.020451,6.904,7.005,0
12892	start.hed	507.20,  -1.805071,-0.445,-10.329,1
