#LST
446	proj.img
724	start.hed	505.86,  -1.606263,-0.166,2.034,0
954	start.hed	499.51,  -1.876524,-1.942,-1.773,1
1690	start.hed	507.29,  -2.985020,-2.831,-0.898,0
2840	start.hed	505.29,  -0.349933,-2.390,5.120,1
2822	start.hed	507.62,  0.046062,2.201,6.897,0
3212	start.hed	516.02,  -1.964453,-10.346,-5.476,1
4781	start.hed	508.77,  -1.221242,-6.590,-2.500,1
5014	start.hed	504.21,  -1.822798,-1.679,0.265,0
5306	start.hed	504.66,  1.995185,4.949,-1.462,1
5365	start.hed	509.16,  -1.872342,-9.064,-3.582,1
6040	start.hed	502.99,  -2.249505,-4.287,-3.727,1
6216	start.hed	508.01,  1.562949,4.929,2.715,1
6748	start.hed	507.54,  -0.942803,-11.418,5.493,1
8703	start.hed	508.77,  0.423855,-2.657,4.534,1
9185	start.hed	504.90,  0.518371,0.763,2.948,1
9467	start.hed	512.70,  0.263965,-0.916,8.581,1
11241	start.hed	502.82,  2.801303,0.852,-1.694,1
12719	start.hed	503.07,  -2.697483,-3.776,-1.786,0
12989	start.hed	502.79,  -2.173306,-2.875,-1.655,1
13067	start.hed	508.85,  2.599360,1.202,-5.678,0
14136	start.hed	506.82,  1.946416,5.802,0.269,1
14573	start.hed	515.90,  1.692319,12.489,2.891,1
15287	start.hed	505.72,  -1.393170,-2.891,5.259,0
