#LST
534	proj.img
2116	start.hed	509.84,  0.564091,0.520,4.619,0
2441	start.hed	498.58,  -0.833624,-1.272,1.190,1
2355	start.hed	504.96,  -1.416279,12.160,-7.403,1
2567	start.hed	511.37,  -2.557458,-0.011,-6.177,0
2788	start.hed	503.34,  -2.431925,-3.368,-8.174,1
3780	start.hed	504.69,  2.891177,-1.682,-6.248,1
3986	start.hed	502.17,  1.349387,6.450,0.369,1
4713	start.hed	513.07,  2.550788,-8.749,-4.647,1
4903	start.hed	507.23,  1.934707,1.420,-3.689,1
5449	start.hed	506.35,  -2.051793,12.079,-6.791,0
5912	start.hed	511.84,  -0.913618,-11.861,8.362,0
7586	start.hed	505.56,  2.828850,4.038,1.270,0
7947	start.hed	507.52,  -2.116123,-3.185,-5.367,0
8727	start.hed	502.51,  -1.325819,11.778,-7.515,0
9303	start.hed	503.48,  -2.942679,3.042,-6.072,1
9764	start.hed	507.54,  -1.249265,9.793,-7.547,0
9786	start.hed	518.15,  0.470448,7.452,3.063,1
9932	start.hed	500.57,  3.074616,0.794,-7.068,0
10929	start.hed	504.97,  0.191217,1.188,13.451,1
11309	start.hed	502.88,  -1.427715,-9.984,-4.565,0
12368	start.hed	506.39,  -2.514307,9.220,-9.229,0
15094	start.hed	505.48,  1.984261,7.100,2.874,0
