#LST
235	proj.img
720	start.hed	509.39,  0.033777,3.852,12.197,0
1505	start.hed	505.91,  -2.404570,-2.634,-0.832,1
1697	start.hed	509.44,  -1.989941,-11.711,-3.404,1
2631	start.hed	502.26,  0.952821,3.538,-3.093,0
3512	start.hed	503.83,  -2.885895,1.309,-1.544,1
3727	start.hed	510.51,  1.097577,5.804,-0.977,0
4658	start.hed	509.48,  -2.539629,-9.096,-8.885,0
4767	start.hed	514.49,  -1.356066,-9.288,-1.175,0
4739	start.hed	506.54,  -2.438206,3.221,-6.260,0
5337	start.hed	502.86,  0.313794,-5.417,1.827,1
5648	start.hed	508.03,  2.266729,-3.047,-3.227,0
6700	start.hed	511.21,  -1.825591,-12.629,4.996,1
8103	start.hed	507.64,  0.405121,3.934,3.993,0
9292	start.hed	505.79,  1.524200,3.345,-4.800,0
9696	start.hed	503.51,  0.737527,0.324,0.190,1
11109	start.hed	507.64,  0.405121,3.934,3.993,0
13353	start.hed	506.61,  0.912175,12.494,4.330,0
14077	start.hed	503.53,  2.740868,11.448,-1.118,1
14080	start.hed	512.60,  -2.159794,-2.138,-4.691,1
