#LST
398	proj.img
339	start.hed	505.92,  0.420471,-2.719,8.097,1
349	start.hed	518.96,  0.494760,-7.279,-12.651,1
1342	start.hed	509.46,  -3.144017,0.029,-1.988,0
2404	start.hed	519.06,  -1.095289,-7.317,3.825,1
3092	start.hed	507.91,  1.689336,-0.091,-1.183,1
3743	start.hed	510.54,  -0.730656,-0.254,0.842,0
6480	start.hed	509.25,  -1.754620,6.803,1.290,0
6859	start.hed	508.98,  0.854983,-13.580,-4.806,1
7633	start.hed	511.81,  -1.145647,-11.017,2.854,1
7684	start.hed	505.44,  1.365021,7.506,0.328,1
8127	start.hed	507.11,  2.199866,10.064,-4.981,0
8286	start.hed	500.66,  -0.808496,-6.114,5.352,0
8932	start.hed	509.29,  -2.915335,-1.967,-6.025,1
10410	start.hed	506.36,  -2.402543,-12.416,-7.578,1
11133	start.hed	507.11,  2.199866,10.064,-4.981,0
11660	start.hed	509.06,  1.744348,6.683,-3.414,0
12441	start.hed	507.16,  1.023925,0.086,0.025,0
13251	start.hed	513.01,  0.403617,3.723,1.797,0
13859	start.hed	510.74,  1.845228,3.198,4.935,1
15071	start.hed	514.40,  2.065030,10.684,-3.001,0
