#LST
284	proj.img
28	start.hed	510.78,  1.865568,4.197,-5.417,0
1575	start.hed	511.98,  1.012407,7.760,-1.598,0
1465	start.hed	511.13,  1.860783,6.056,-1.679,0
2726	start.hed	510.18,  -1.968339,-4.327,0.609,0
3395	start.hed	511.52,  0.064217,3.273,4.907,0
3561	start.hed	514.49,  2.407094,0.198,-4.603,0
4280	start.hed	507.50,  -0.768307,0.712,5.190,0
4631	start.hed	515.25,  0.242035,2.260,6.420,0
5812	start.hed	509.43,  -2.032314,-5.130,-0.060,0
8375	start.hed	504.78,  -0.881949,-4.921,-3.045,1
9931	start.hed	505.28,  2.681753,9.592,-8.058,0
10743	start.hed	506.49,  2.163742,-7.595,-6.179,0
10926	start.hed	512.82,  0.421194,-0.512,11.374,1
11262	start.hed	509.22,  -2.348251,-6.674,-4.407,0
11388	start.hed	499.53,  0.445641,-2.337,1.830,1
13899	start.hed	523.62,  -0.279204,0.179,11.136,1
14945	start.hed	509.59,  -0.374914,-2.804,6.201,1
15341	start.hed	506.62,  -3.158374,-1.835,3.515,0
