#LST
183	proj.img
36	start.hed	513.23,  -0.275072,-3.569,10.294,0
649	start.hed	506.97,  -0.685629,-2.034,-6.914,1
98	start.hed	510.06,  0.102500,6.167,6.526,0
2591	start.hed	506.11,  2.170151,8.258,9.394,1
3423	start.hed	513.57,  2.094604,0.589,-8.446,0
4433	start.hed	508.66,  -0.647460,-6.795,-0.701,1
5055	start.hed	503.53,  2.169011,4.830,-3.162,0
6076	start.hed	501.50,  -2.034859,-2.441,10.007,0
5959	start.hed	506.98,  -1.741044,-3.055,6.202,0
6844	start.hed	502.09,  -1.145888,-9.413,-6.999,1
7304	start.hed	503.56,  1.673719,6.854,10.333,1
7970	start.hed	507.70,  -0.194855,8.865,11.058,0
8370	start.hed	506.30,  1.972185,-3.781,-8.406,0
9625	start.hed	506.48,  -1.903933,-7.282,-12.151,1
11285	start.hed	503.42,  -2.054775,1.756,-8.752,1
11501	start.hed	507.41,  -0.660874,-6.257,5.513,1
12607	start.hed	505.08,  -1.153462,-1.863,10.058,0
12680	start.hed	502.45,  1.130646,-2.712,12.993,1
