#LST
467	proj.img
1212	start.hed	512.97,  3.101565,-3.546,-7.295,1
2610	start.hed	510.56,  1.476461,8.779,4.613,0
2678	start.hed	510.22,  0.410789,-2.681,9.961,0
4251	start.hed	510.10,  0.545315,10.141,8.905,1
4116	start.hed	506.48,  -0.385949,9.131,5.583,1
4541	start.hed	506.01,  -2.190186,0.693,-5.596,0
5418	start.hed	517.74,  -0.206078,-3.027,6.342,0
6008	start.hed	512.21,  -0.719120,-7.554,-0.338,0
6303	start.hed	499.39,  1.274427,0.695,-0.093,0
6891	start.hed	506.30,  -2.426070,-8.653,-0.840,1
6947	start.hed	505.56,  -0.486801,-0.049,7.519,1
7922	start.hed	512.21,  -2.800260,2.020,-9.561,0
7745	start.hed	510.88,  2.041482,3.523,-7.229,1
7751	start.hed	509.88,  3.109620,-5.238,-8.996,1
9517	start.hed	502.84,  2.795728,3.328,-4.045,0
11348	start.hed	504.62,  -1.863054,-4.262,6.513,1
11378	start.hed	508.48,  1.820277,-12.233,-5.536,0
12864	start.hed	504.81,  -1.474464,-11.474,6.355,1
13177	start.hed	509.30,  -2.386096,-5.682,-0.940,1
13516	start.hed	509.30,  -2.386096,-5.682,-0.940,1
14122	start.hed	506.21,  -0.554556,6.527,6.574,0
14794	start.hed	510.10,  2.788562,6.289,-4.568,0
15284	start.hed	512.61,  2.703488,-2.300,-6.722,1
