#LST
545	proj.img
2091	start.hed	508.42,  -0.492124,-5.341,9.874,0
2421	start.hed	506.72,  0.002026,-0.979,9.042,1
1984	start.hed	507.38,  -2.355906,-10.322,-4.552,1
3238	start.hed	501.44,  -0.799432,-0.408,5.912,0
3604	start.hed	503.73,  0.471695,-1.066,2.424,1
3988	start.hed	506.24,  1.519391,6.768,0.257,0
4551	start.hed	502.31,  1.205581,5.725,3.771,1
5940	start.hed	505.96,  0.229858,-3.393,9.632,1
6393	start.hed	506.31,  -1.799402,-11.914,5.393,1
6619	start.hed	507.98,  1.438154,5.051,3.770,1
7229	start.hed	504.10,  1.772760,3.862,-5.196,1
7631	start.hed	504.88,  -2.531765,-5.407,-3.091,1
8126	start.hed	502.02,  2.281088,3.828,4.120,0
8819	start.hed	506.76,  -0.192130,-1.173,7.891,0
8686	start.hed	504.13,  1.002090,4.547,2.965,0
9483	start.hed	506.18,  -0.275328,1.253,11.858,0
10125	start.hed	504.57,  -0.553665,0.936,7.612,0
10584	start.hed	507.64,  0.079399,-5.122,5.273,1
11132	start.hed	502.02,  2.281088,3.828,4.120,0
12126	start.hed	504.38,  0.364444,3.773,5.492,0
12253	start.hed	504.38,  0.364444,3.773,5.492,0
13991	start.hed	508.27,  -1.860906,-0.574,-7.756,0
