#LST
452	proj.img
477	start.hed	504.42,  0.548374,-0.722,2.266,1
735	start.hed	508.21,  -2.214120,-4.550,-0.734,0
860	start.hed	503.48,  2.488342,1.451,-2.858,0
2026	start.hed	527.90,  -2.039795,-2.858,-7.776,1
3384	start.hed	506.71,  -2.332112,-7.536,0.245,0
3835	start.hed	510.06,  2.280549,3.575,-1.676,1
5080	start.hed	504.20,  1.070147,-4.914,-1.663,1
5136	start.hed	507.18,  -0.028276,-1.818,6.974,0
5745	start.hed	508.60,  0.860256,3.414,3.586,0
7370	start.hed	507.07,  2.260748,8.513,-6.346,0
8064	start.hed	506.40,  -0.541639,-1.502,3.638,1
8428	start.hed	504.69,  2.673467,-3.475,1.859,0
8676	start.hed	507.25,  -2.782347,-0.010,-3.109,0
9442	start.hed	507.81,  0.688753,3.419,4.044,1
9715	start.hed	515.04,  -1.286775,-1.746,-0.195,0
9816	start.hed	515.85,  1.465059,4.601,0.410,1
10337	start.hed	500.85,  2.953992,0.588,-1.329,0
11070	start.hed	506.40,  -0.541639,-1.502,3.638,1
11896	start.hed	501.93,  0.509497,8.232,6.266,1
11920	start.hed	504.96,  -1.909422,-1.053,-0.528,1
