#LST
185	proj.img
416	start.hed	506.93,  1.810002,5.124,0.117,0
1009	start.hed	515.70,  2.947367,3.342,-10.162,0
1343	start.hed	511.55,  2.246369,6.725,-12.068,1
1765	start.hed	504.99,  3.072597,-6.175,-5.729,1
2007	start.hed	506.72,  -2.255264,6.713,1.821,1
3350	start.hed	510.84,  -0.389734,1.679,7.479,0
4979	start.hed	512.07,  1.381984,1.843,-6.925,0
5423	start.hed	572.61,  1.229432,9.397,10.027,1
5612	start.hed	515.34,  -1.527798,-7.700,-3.483,1
5642	start.hed	509.05,  -0.461383,5.826,9.118,0
6808	start.hed	506.90,  0.516802,-1.862,7.840,0
6601	start.hed	506.86,  -0.981751,-6.237,3.942,1
7872	start.hed	508.70,  -1.968700,0.671,-8.145,1
9939	start.hed	506.39,  -2.591013,-7.762,-0.575,0
10833	start.hed	507.76,  -0.999095,-0.291,-6.816,1
12898	start.hed	513.14,  0.019978,7.412,3.633,0
12930	start.hed	504.68,  2.111026,-0.519,-5.693,0
13015	start.hed	501.29,  0.698813,8.436,2.218,0
15319	start.hed	511.40,  -0.048244,1.522,5.538,0
