#LST
130	proj.img
331	start.hed	506.06,  1.981198,8.848,8.788,0
182	start.hed	511.37,  -0.390811,1.723,7.079,1
1383	start.hed	506.62,  -0.302660,-4.616,3.002,0
2071	start.hed	510.07,  2.104103,2.762,-6.049,1
2418	start.hed	515.51,  -2.164372,4.727,0.434,0
4352	start.hed	506.09,  1.986391,-13.174,-1.745,1
5152	start.hed	503.95,  -2.184889,7.144,9.219,1
7176	start.hed	508.76,  1.579490,-7.934,-3.922,0
7328	start.hed	505.54,  -0.202350,-6.731,7.985,0
7545	start.hed	509.67,  0.459771,-4.464,5.632,0
8271	start.hed	510.69,  -1.069853,11.372,3.437,0
8307	start.hed	511.24,  2.534074,-1.088,-7.325,1
9274	start.hed	501.36,  1.351830,-12.776,1.122,1
12958	start.hed	505.55,  -0.984984,-9.026,6.842,1
13776	start.hed	509.53,  -0.460922,-3.929,4.972,0
13722	start.hed	506.32,  1.153371,2.271,-7.321,1
14135	start.hed	502.73,  1.763362,-4.948,8.366,1
14761	start.hed	500.14,  1.624941,5.589,-4.932,1
15052	start.hed	512.49,  -2.897187,-6.354,-0.286,0
