#LST
172	proj.img
2284	start.hed	507.55,  -0.021604,-2.531,3.220,0
2640	start.hed	504.11,  -1.201884,-5.034,0.650,0
2698	start.hed	512.38,  -0.984398,-0.659,1.753,0
4073	start.hed	509.81,  1.058888,0.599,3.701,0
4796	start.hed	505.34,  2.735088,-7.642,-9.164,0
5887	start.hed	513.23,  -0.278217,-9.428,9.044,0
6130	start.hed	506.03,  0.023735,7.071,8.820,1
6416	start.hed	506.88,  -3.009340,-4.493,-1.501,1
6663	start.hed	509.90,  0.259270,3.269,3.663,1
7401	start.hed	505.58,  -3.113872,2.870,-2.848,0
7607	start.hed	502.09,  0.611418,-0.141,6.224,0
9989	start.hed	510.67,  1.206707,2.717,1.049,0
10062	start.hed	511.87,  0.559841,-6.612,12.259,1
10146	start.hed	520.65,  1.388145,-9.352,-11.261,1
12632	start.hed	502.94,  1.495144,6.594,-0.705,1
12842	start.hed	505.15,  -2.198188,-1.282,-11.390,0
12957	start.hed	503.93,  -0.324894,6.772,-7.925,0
13477	start.hed	508.43,  0.227657,-12.273,7.209,0
14673	start.hed	505.23,  1.825011,4.825,1.499,0
14847	start.hed	503.40,  1.821805,5.187,1.251,0
