#LST
250	proj.img
263	start.hed	516.91,  0.620868,0.834,2.730,1
1248	start.hed	506.04,  2.318041,3.377,-3.511,1
2274	start.hed	511.14,  -0.932191,2.892,3.335,1
2868	start.hed	510.22,  -0.564525,-2.757,-2.675,1
3048	start.hed	509.53,  -0.868397,-13.179,-2.289,0
2890	start.hed	503.56,  -0.011771,6.329,11.709,1
3439	start.hed	504.10,  -1.829253,-14.317,1.625,1
5459	start.hed	507.30,  -0.613424,4.837,8.624,1
5563	start.hed	507.65,  -1.661269,-9.708,10.271,1
5676	start.hed	507.43,  -1.258729,-1.931,-6.607,0
5643	start.hed	512.17,  2.415934,-4.095,3.401,1
6133	start.hed	510.53,  -2.394681,-8.138,-0.091,1
6482	start.hed	507.74,  -1.663161,-2.846,-13.676,0
8050	start.hed	505.62,  2.649343,-7.248,-7.258,1
8345	start.hed	503.36,  -1.975560,2.812,-9.470,0
10573	start.hed	498.70,  0.033799,-4.056,-11.297,1
11055	start.hed	505.62,  2.649343,-7.248,-7.258,1
11407	start.hed	504.70,  0.530292,-5.871,6.975,0
11764	start.hed	506.23,  -1.675211,10.218,-10.393,1
11782	start.hed	505.84,  3.164773,-13.797,-1.877,0
