#LST
637	proj.img
798	start.hed	503.70,  -0.620484,3.255,7.875,1
1153	start.hed	505.39,  -1.570796,-9.000,-5.000,0
533	start.hed	514.48,  0.731741,-11.895,-3.398,0
1853	start.hed	504.82,  2.040388,3.011,-7.385,1
4094	start.hed	504.05,  2.006098,-8.154,-11.278,0
4829	start.hed	511.49,  -0.978116,-8.545,-2.983,1
5754	start.hed	507.61,  -1.153129,-4.198,-0.330,0
6314	start.hed	508.09,  2.114705,7.016,-1.214,0
6589	start.hed	510.62,  -3.154066,9.329,2.855,0
7377	start.hed	507.92,  0.863060,-0.454,6.721,1
8466	start.hed	510.80,  1.025856,6.759,0.784,1
9405	start.hed	504.32,  0.116423,-3.079,6.889,0
10161	start.hed	501.47,  -2.520693,-0.904,-5.283,1
10286	start.hed	509.21,  -1.519868,-9.363,0.195,1
10562	start.hed	502.60,  0.129941,-8.456,-10.892,1
10655	start.hed	501.89,  -1.543882,-1.985,-2.115,0
11440	start.hed	507.84,  2.421881,7.959,-2.401,0
12381	start.hed	503.71,  -0.524747,-11.633,6.798,0
12583	start.hed	505.02,  -0.923314,4.942,3.413,0
14096	start.hed	508.96,  0.338353,3.259,3.243,0
14685	start.hed	509.52,  -0.802540,-3.335,3.722,1
14860	start.hed	506.81,  -0.791709,-3.130,3.540,1
