#LST
348	proj.img
2176	start.hed	509.56,  0.972821,-11.971,-7.944,1
2360	start.hed	529.91,  -0.948255,-10.930,3.223,0
2684	start.hed	511.36,  -0.632027,0.098,3.112,1
2936	start.hed	506.56,  3.114137,6.435,-4.452,0
3627	start.hed	505.76,  -0.937783,-9.174,-10.425,1
4231	start.hed	504.89,  3.163873,9.012,10.286,0
5595	start.hed	509.04,  -0.462176,12.209,0.364,0
7642	start.hed	508.95,  2.316950,3.407,-1.945,0
7783	start.hed	510.19,  1.306950,0.672,5.964,1
8589	start.hed	516.22,  2.079216,8.995,-10.773,0
9879	start.hed	509.69,  1.799243,8.085,6.795,0
10016	start.hed	504.43,  -3.121285,11.867,2.189,0
10341	start.hed	514.70,  -1.235709,-10.906,-7.063,0
11611	start.hed	505.90,  -0.112478,6.475,1.109,0
11694	start.hed	509.47,  1.048754,1.930,3.922,0
11745	start.hed	512.19,  1.219197,2.939,-12.151,0
12120	start.hed	508.31,  0.276238,10.202,-9.943,0
12247	start.hed	508.31,  0.276238,10.202,-9.943,0
13091	start.hed	505.93,  -2.105903,-8.839,11.136,0
13375	start.hed	523.84,  0.231163,-5.060,4.407,0
15154	start.hed	526.15,  -2.737809,-3.911,-6.676,1
