#LST
606	proj.img
676	start.hed	505.26,  0.997450,3.868,3.240,0
2581	start.hed	508.11,  -0.677562,-6.547,2.847,0
3244	start.hed	507.25,  -2.576106,-10.000,9.000,1
3585	start.hed	508.89,  2.436647,5.864,-4.906,0
4023	start.hed	508.17,  -1.570216,-4.028,-4.078,1
4548	start.hed	502.79,  -1.032869,-7.572,7.459,1
5717	start.hed	504.88,  1.062064,4.074,6.542,0
5986	start.hed	502.34,  2.395515,1.614,-5.104,0
6437	start.hed	499.20,  2.717045,-2.967,-3.958,0
7776	start.hed	505.31,  2.968384,0.050,-4.316,0
7778	start.hed	506.68,  2.764380,-1.154,-5.669,0
8119	start.hed	509.67,  -0.932607,-4.712,3.718,0
9886	start.hed	506.48,  -0.255472,-2.262,5.535,0
11125	start.hed	509.67,  -0.932607,-4.712,3.718,0
12133	start.hed	506.22,  0.259060,-7.172,11.791,0
12260	start.hed	506.22,  0.259060,-7.172,11.791,0
12788	start.hed	507.65,  -1.539036,9.726,6.009,0
14214	start.hed	506.88,  1.741777,5.734,1.585,0
