#LST
343	proj.img
329	start.hed	506.74,  2.985369,-2.043,8.846,0
2659	start.hed	505.29,  -1.671964,-2.464,1.144,0
3933	start.hed	506.19,  2.987107,-3.590,-3.247,0
4378	start.hed	513.64,  -0.837679,-11.569,6.181,0
4512	start.hed	514.04,  -1.498953,-2.331,2.278,0
5661	start.hed	506.40,  -3.027799,-2.711,-6.384,0
6981	start.hed	508.85,  0.695263,-0.179,4.109,1
7753	start.hed	505.52,  -1.191470,-0.560,0.008,1
8757	start.hed	501.90,  2.442687,7.806,-7.266,0
8961	start.hed	510.37,  -1.072739,-0.219,0.303,1
11064	start.hed	503.14,  -1.792609,-13.224,-0.985,0
11213	start.hed	507.90,  -0.609806,-3.121,-3.457,0
13204	start.hed	512.05,  -2.453746,-9.528,-2.102,0
13543	start.hed	512.05,  -2.453746,-9.528,-2.102,0
14237	start.hed	511.50,  -1.692709,2.762,0.285,0
14238	start.hed	506.88,  -0.818466,-5.497,0.628,1
14494	start.hed	509.07,  -1.141648,-12.174,2.979,1
14825	start.hed	507.78,  -0.713882,2.798,-3.808,0
