#LST
689	proj.img
398	start.hed	496.77,  2.291871,4.834,-10.929,0
898	start.hed	501.25,  -1.191384,-9.084,5.810,1
1268	start.hed	509.55,  -3.067783,-10.918,-9.750,0
822	start.hed	508.21,  -0.553385,-4.831,5.239,1
1315	start.hed	505.25,  0.452707,-1.906,4.586,1
2512	start.hed	504.75,  -0.752341,-0.428,8.143,0
4038	start.hed	511.61,  0.695711,4.781,6.716,1
4603	start.hed	497.36,  1.913480,5.435,-10.061,0
6350	start.hed	506.09,  -0.302925,-2.545,9.345,1
6327	start.hed	517.26,  1.443175,3.969,-1.069,0
6744	start.hed	502.33,  2.695297,3.340,-1.713,1
7210	start.hed	502.42,  2.702319,11.368,-7.694,1
9369	start.hed	505.45,  1.203744,11.072,-8.698,0
10315	start.hed	509.52,  0.689337,3.092,6.592,1
10576	start.hed	502.81,  -2.683833,-8.616,3.105,0
10989	start.hed	514.06,  0.283824,3.482,4.117,0
11231	start.hed	504.44,  -0.980024,11.080,-8.662,1
12494	start.hed	500.46,  0.317892,-5.031,-13.315,0
13951	start.hed	506.01,  1.122553,6.675,-6.539,0
14725	start.hed	516.03,  1.846922,5.180,-1.880,1
