#LST
232	proj.img
3507	start.hed	511.65,  -0.461503,3.442,2.111,0
3936	start.hed	507.30,  1.571072,6.987,-3.046,0
4160	start.hed	506.30,  -1.789182,-5.093,0.301,0
5506	start.hed	508.84,  -2.999019,-5.179,-2.956,0
5775	start.hed	510.48,  0.086604,4.098,4.686,0
6940	start.hed	504.76,  -1.396058,-1.922,2.165,1
7422	start.hed	506.67,  -2.560962,-4.030,-0.594,0
7392	start.hed	503.78,  0.430013,4.950,3.051,0
8410	start.hed	512.36,  1.471260,-10.912,-9.127,0
10087	start.hed	507.08,  -1.324312,-4.919,6.032,0
12636	start.hed	502.34,  -0.596863,-10.501,-3.831,1
12648	start.hed	501.96,  -2.488629,-11.025,-7.256,0
12997	start.hed	518.50,  1.824683,-2.108,-0.960,0
13227	start.hed	509.76,  -0.595719,3.178,10.729,0
13566	start.hed	509.76,  -0.595719,3.178,10.729,0
14017	start.hed	503.45,  -2.729778,-2.205,0.723,0
14204	start.hed	508.86,  2.370834,-5.658,-5.128,0
14804	start.hed	505.18,  -0.617963,-7.014,3.426,0
14863	start.hed	506.46,  2.385762,-1.114,-10.214,0
