#LST
138	proj.img
450	start.hed	507.03,  -1.680796,-5.111,-0.482,0
468	start.hed	502.13,  2.868276,-0.557,-13.495,0
805	start.hed	501.61,  0.927545,7.110,6.834,1
3428	start.hed	509.38,  -2.883695,-2.582,-7.086,0
4459	start.hed	509.19,  -3.033821,-1.738,-10.503,0
4531	start.hed	506.96,  1.648133,6.166,-0.587,1
5273	start.hed	505.25,  0.936565,6.337,10.271,1
6708	start.hed	504.69,  -1.651418,-10.139,0.266,1
7277	start.hed	507.19,  1.118360,10.719,2.216,0
7388	start.hed	504.70,  -0.375007,-5.354,11.795,1
7841	start.hed	503.86,  0.257055,4.840,6.508,0
9293	start.hed	505.79,  1.898471,10.534,-4.062,0
9246	start.hed	504.91,  2.939797,2.096,-13.372,0
10083	start.hed	516.98,  1.850467,7.974,-2.238,0
10188	start.hed	509.62,  -1.458180,-6.077,2.183,1
10248	start.hed	500.42,  -2.516977,-4.917,-8.375,1
11730	start.hed	506.89,  2.563303,8.690,-7.568,1
12779	start.hed	500.23,  0.181797,3.824,11.533,0
14675	start.hed	513.28,  -2.124531,-3.896,-6.928,0
14850	start.hed	512.29,  -2.123378,-3.966,-6.889,0
