#LST
127	proj.img
612	start.hed	511.46,  -2.846688,-5.349,0.170,1
920	start.hed	505.13,  -1.052819,1.080,9.855,1
544	start.hed	511.18,  -0.721077,-0.374,10.622,1
1357	start.hed	501.99,  0.094672,-2.124,8.288,0
2124	start.hed	504.29,  2.247938,7.110,6.577,0
4486	start.hed	511.05,  -1.852131,-5.846,-8.125,0
4519	start.hed	517.68,  -0.024908,6.978,3.975,1
4697	start.hed	512.68,  0.600556,5.948,3.746,1
5652	start.hed	507.02,  2.551087,6.106,1.087,0
6055	start.hed	507.09,  2.056931,3.117,-8.212,1
6060	start.hed	519.43,  1.220750,-1.702,12.692,0
6622	start.hed	507.23,  0.662909,-9.023,-9.971,1
7054	start.hed	501.79,  0.081204,-5.983,5.637,0
7550	start.hed	508.50,  2.887022,8.373,-5.452,0
8157	start.hed	503.07,  0.155550,-6.553,3.490,0
8247	start.hed	507.48,  2.719452,7.314,0.984,0
11163	start.hed	503.07,  0.155550,-6.553,3.490,0
11977	start.hed	501.67,  -3.097399,12.278,-5.879,0
13356	start.hed	504.84,  1.492002,7.384,-2.663,1
14123	start.hed	512.13,  -2.232788,-0.009,-11.006,0
