#LST
337	proj.img
1895	start.hed	511.55,  -2.966326,-0.025,-3.299,0
2688	start.hed	503.63,  -2.130096,-3.478,-2.971,0
2997	start.hed	503.49,  -0.450679,-1.297,5.707,0
3495	start.hed	510.40,  -2.732714,-1.024,-5.216,1
3801	start.hed	514.19,  -0.866261,11.267,5.644,0
4555	start.hed	510.32,  -2.705880,-6.487,-4.913,0
5315	start.hed	508.01,  -0.779373,-5.955,3.877,1
5537	start.hed	506.38,  0.104795,3.306,6.267,0
6047	start.hed	500.48,  -1.910987,-1.925,3.660,0
7162	start.hed	503.05,  -0.466851,-3.353,3.510,1
7200	start.hed	501.78,  1.414196,-4.786,11.058,1
7927	start.hed	505.33,  -1.924747,-4.427,3.399,0
8015	start.hed	503.29,  -1.357388,-3.958,-0.316,1
8184	start.hed	506.26,  1.172455,5.867,3.966,1
8455	start.hed	506.49,  1.736955,7.814,-0.450,0
8713	start.hed	504.32,  -0.401148,-2.823,9.788,0
10368	start.hed	504.24,  -1.166146,-8.880,0.149,0
14010	start.hed	510.41,  1.121427,9.420,-5.694,0
