#LST
680	proj.img
643	start.hed	504.23,  -1.212857,-6.454,-7.404,1
323	start.hed	504.68,  -1.342269,-11.696,1.193,1
1932	start.hed	509.87,  -2.087568,-0.586,-4.582,1
2001	start.hed	503.94,  2.001550,-7.672,-8.202,0
2750	start.hed	537.77,  -0.864690,0.046,11.817,0
2697	start.hed	503.08,  -2.035726,-2.700,-4.306,1
5438	start.hed	506.81,  0.320673,5.752,3.166,0
7199	start.hed	506.46,  -1.347989,-5.622,0.595,0
7233	start.hed	502.48,  -2.014766,6.365,-8.651,1
9565	start.hed	531.95,  2.056214,4.057,-2.125,1
10608	start.hed	506.43,  1.004427,2.161,3.948,0
10966	start.hed	508.96,  -1.958175,-0.983,-0.740,1
11335	start.hed	504.04,  0.480092,1.979,5.449,0
11354	start.hed	502.01,  2.444618,-5.558,-5.923,0
11869	start.hed	508.70,  0.828886,10.477,-0.311,1
12056	start.hed	504.65,  -0.461322,-0.242,7.205,1
12183	start.hed	504.65,  -0.461322,-0.242,7.205,1
12288	start.hed	509.24,  -3.028681,-3.408,-4.787,0
13679	start.hed	507.61,  -2.865322,10.205,-10.066,0
14683	start.hed	506.84,  -2.884026,-5.149,-1.592,0
14857	start.hed	507.80,  -2.885828,-5.129,-1.579,0
15085	start.hed	510.45,  -2.457861,-5.242,-10.806,1
