#LST
693	proj.img
1232	start.hed	505.40,  -2.144352,8.499,1.311,1
1277	start.hed	506.67,  -2.147501,-0.356,-2.623,1
1744	start.hed	504.17,  0.356719,-2.398,7.490,1
1762	start.hed	500.67,  -0.675541,7.569,-12.419,1
2955	start.hed	503.76,  2.829729,-1.530,-2.180,0
3107	start.hed	509.14,  -0.764325,-6.815,10.635,1
3908	start.hed	508.62,  1.833295,-0.260,-5.480,1
3996	start.hed	510.03,  -2.212595,-5.968,-9.780,0
4144	start.hed	508.65,  -0.050755,1.963,3.578,0
4799	start.hed	504.23,  1.509155,5.494,-0.314,0
6860	start.hed	500.78,  -1.761075,-7.480,-1.184,1
7676	start.hed	514.89,  2.875443,2.443,-5.388,1
9253	start.hed	509.24,  -2.133270,-6.514,-6.085,1
9736	start.hed	505.64,  0.270430,-1.368,-0.145,1
9812	start.hed	505.22,  1.514721,-10.201,-5.604,0
10740	start.hed	503.38,  1.147736,5.295,2.736,1
12949	start.hed	502.49,  -0.242147,-2.138,5.310,0
15001	start.hed	510.42,  -1.894283,-2.391,-0.387,0
