#LST
134	proj.img
490	start.hed	511.14,  -2.436140,-6.421,-6.796,1
939	start.hed	508.22,  -0.052919,-2.216,4.763,0
3854	start.hed	508.56,  2.251699,0.151,-4.200,1
4205	start.hed	507.72,  2.937299,3.764,12.610,0
4537	start.hed	512.30,  -0.336355,1.314,1.755,1
4906	start.hed	504.35,  -1.393475,-7.551,-1.781,0
6322	start.hed	509.14,  -3.141374,-5.992,-9.914,1
6448	start.hed	512.74,  -2.095024,-5.045,-4.714,0
6683	start.hed	512.96,  1.722189,13.135,-3.592,0
6868	start.hed	513.04,  2.757075,4.543,-0.839,0
7857	start.hed	508.59,  -2.863472,1.518,-8.568,0
8062	start.hed	503.34,  2.283548,4.820,-1.530,0
8174	start.hed	507.16,  -0.166314,1.829,8.069,1
9698	start.hed	507.30,  -0.046562,-6.802,8.929,0
10091	start.hed	511.10,  0.845989,9.366,4.684,1
10513	start.hed	505.02,  -0.394626,1.992,4.139,1
11068	start.hed	503.34,  2.283548,4.820,-1.530,0
11288	start.hed	510.88,  2.162827,6.208,-3.255,1
12016	start.hed	511.76,  2.785781,3.126,-3.736,0
12143	start.hed	511.76,  2.785781,3.126,-3.736,0
12417	start.hed	504.53,  0.187040,5.585,4.466,1
14091	start.hed	515.43,  -0.432040,1.398,8.284,1
