#LST
480	proj.img
2769	start.hed	515.85,  0.693931,6.897,7.903,0
2964	start.hed	505.24,  -1.217058,-10.432,-2.395,0
5465	start.hed	511.60,  -2.773334,-1.836,-8.989,0
5356	start.hed	504.45,  2.647252,4.331,-2.327,0
5686	start.hed	502.95,  1.331068,-0.277,-1.580,1
6611	start.hed	510.28,  1.795110,6.036,-2.513,0
6983	start.hed	511.07,  1.375710,4.516,-0.579,1
7107	start.hed	504.50,  3.043921,0.858,-4.337,0
8036	start.hed	510.40,  1.534063,5.953,0.635,1
9197	start.hed	511.54,  0.292191,2.163,6.617,0
9416	start.hed	513.66,  2.829000,3.490,-6.176,0
10055	start.hed	505.85,  -1.097457,11.249,-9.151,1
10426	start.hed	524.91,  -2.013000,-3.346,-4.169,0
10684	start.hed	509.63,  1.839509,6.088,-0.023,1
10691	start.hed	513.72,  1.540132,8.859,-1.048,1
11041	start.hed	510.40,  1.534063,5.953,0.635,1
11342	start.hed	507.78,  -0.260628,-1.873,3.712,0
11998	start.hed	503.98,  2.492741,3.711,-3.113,0
12071	start.hed	508.69,  -0.706836,-4.085,6.449,1
12198	start.hed	508.69,  -0.706836,-4.085,6.449,1
13380	start.hed	513.28,  2.306430,0.503,-2.414,1
13619	start.hed	509.55,  -2.106403,0.657,0.662,1
14980	start.hed	511.85,  2.230862,6.248,-2.030,0
