#LST
450	proj.img
912	start.hed	500.45,  -2.786709,-0.504,-0.047,0
1799	start.hed	513.44,  -2.573886,-0.760,-5.507,1
3735	start.hed	511.36,  0.532565,3.557,5.173,0
4222	start.hed	506.88,  -1.207688,-4.332,2.202,0
4621	start.hed	513.99,  -2.114136,-10.136,-8.146,1
5341	start.hed	508.48,  1.570796,1.000,-2.000,0
5647	start.hed	501.62,  -0.510070,0.871,0.243,0
5758	start.hed	510.22,  2.994778,3.812,-5.821,0
5803	start.hed	504.81,  0.516285,3.343,2.146,0
6335	start.hed	507.84,  0.495577,1.819,0.580,0
6907	start.hed	510.54,  0.248480,2.212,4.000,0
7224	start.hed	503.74,  -2.273655,8.519,11.780,0
7235	start.hed	510.34,  2.090461,3.277,-3.827,0
9284	start.hed	502.04,  -1.495161,7.719,-9.700,1
9744	start.hed	508.52,  -2.068580,-3.069,-2.087,1
10826	start.hed	509.28,  -0.700306,-10.403,6.482,1
12514	start.hed	508.08,  -2.555440,-0.153,-6.598,0
13044	start.hed	504.47,  1.753080,2.755,2.706,1
13298	start.hed	509.36,  0.539975,4.631,6.614,0
13393	start.hed	507.37,  -1.510951,-6.782,0.190,0
14690	start.hed	511.85,  -0.751269,-4.560,4.368,0
14925	start.hed	511.56,  0.735408,-0.623,8.259,1
