#LST
710	proj.img
1033	start.hed	514.09,  2.331993,4.080,-9.635,0
2518	start.hed	507.41,  -2.998900,1.782,-4.814,0
2574	start.hed	512.92,  -2.687946,-4.713,-7.493,0
3290	start.hed	499.36,  1.048975,2.853,4.306,0
3207	start.hed	502.54,  1.047966,2.872,4.346,0
5119	start.hed	505.65,  -0.574426,-3.816,5.605,1
5141	start.hed	505.26,  -0.026515,-0.088,1.290,0
5208	start.hed	503.84,  1.824976,7.241,4.438,1
5777	start.hed	509.09,  -1.802810,-0.468,4.269,1
6586	start.hed	512.30,  2.868767,11.308,-1.121,0
7000	start.hed	509.00,  1.702950,4.812,-2.195,1
8260	start.hed	507.93,  0.237778,7.904,3.989,1
9489	start.hed	507.20,  0.070728,3.072,5.982,0
9447	start.hed	512.82,  0.176694,2.807,12.148,0
10214	start.hed	505.69,  -1.024304,-3.093,2.021,1
11029	start.hed	508.82,  0.765951,10.550,-2.409,1
11899	start.hed	502.58,  -0.917193,0.608,7.607,1
11986	start.hed	503.54,  1.521033,10.651,-3.033,1
12854	start.hed	504.71,  -2.368925,-8.222,3.085,0
13347	start.hed	509.45,  0.104436,8.275,6.699,1
13975	start.hed	501.51,  -3.057817,-10.000,-10.000,1
14562	start.hed	507.37,  1.296293,8.468,-10.626,0
14745	start.hed	507.63,  0.534228,6.553,7.037,0
