#LST
497	proj.img
785	start.hed	512.26,  -1.888795,-1.079,-8.192,1
374	start.hed	507.99,  0.560432,1.191,11.362,0
714	start.hed	508.14,  -2.359819,-8.170,-6.400,0
2155	start.hed	510.81,  1.748901,4.799,-0.782,0
2787	start.hed	526.04,  -2.249283,7.468,-10.690,1
3273	start.hed	506.57,  -1.038689,-3.696,3.895,0
3872	start.hed	519.21,  -1.938173,-12.506,0.222,0
5252	start.hed	506.48,  3.080317,9.632,-6.678,0
7655	start.hed	504.31,  2.484362,7.344,2.579,1
7765	start.hed	504.30,  2.605025,2.843,-4.846,1
7980	start.hed	505.18,  1.531924,-9.164,11.116,0
8859	start.hed	510.43,  -0.298376,-5.380,9.142,1
8894	start.hed	504.29,  2.180319,12.315,0.937,0
9166	start.hed	504.54,  -2.052507,-10.000,-7.000,0
10123	start.hed	505.19,  2.874277,2.298,-1.688,0
10187	start.hed	524.59,  0.762873,6.787,-2.540,0
11632	start.hed	503.34,  2.177688,6.243,-7.998,0
12357	start.hed	508.70,  -0.257834,-10.847,5.423,1
12775	start.hed	506.74,  -0.097176,-4.266,8.706,1
13210	start.hed	503.70,  -1.236747,-4.041,-2.305,1
13549	start.hed	503.70,  -1.236747,-4.041,-2.305,1
13666	start.hed	500.50,  2.037764,-11.890,6.954,1
13881	start.hed	509.22,  -1.342512,-5.907,6.435,0
