#LST
581	proj.img
49	start.hed	522.95,  1.678616,5.694,-0.287,1
2196	start.hed	508.15,  2.684326,8.847,7.372,0
3452	start.hed	515.90,  1.032151,-2.297,8.980,0
4237	start.hed	506.21,  -2.226178,-0.470,-7.252,0
5369	start.hed	504.29,  -3.035121,2.165,-1.563,1
7830	start.hed	508.33,  2.001012,-1.551,-9.469,1
7856	start.hed	502.97,  1.930487,1.047,-8.287,1
7979	start.hed	505.45,  0.251144,11.265,-0.138,1
8317	start.hed	505.24,  -0.832899,1.885,7.969,1
10012	start.hed	504.06,  -0.697690,0.262,12.081,1
10381	start.hed	507.51,  0.771937,-0.161,9.278,0
10774	start.hed	503.19,  2.852391,-1.132,-6.121,0
12326	start.hed	507.98,  -1.760170,-6.693,4.293,0
13129	start.hed	504.16,  -2.458741,-2.937,-0.988,0
14039	start.hed	508.16,  -2.093572,-1.620,-0.683,1
14364	start.hed	507.89,  -1.718057,-5.439,7.907,1
14578	start.hed	506.27,  -2.930954,0.648,-2.564,0
15223	start.hed	525.04,  1.165692,4.338,-8.930,1
15096	start.hed	501.15,  -0.750646,-6.043,4.719,0
