#LST
540	proj.img
762	start.hed	502.95,  1.630271,7.808,-6.286,1
367	start.hed	504.66,  0.991056,8.504,1.564,1
829	start.hed	502.44,  1.998520,5.206,-2.979,1
2191	start.hed	505.06,  -1.602112,-4.042,5.809,1
3095	start.hed	505.37,  -0.156956,3.010,3.252,1
3265	start.hed	509.48,  -2.678328,-6.248,-8.549,0
3344	start.hed	507.06,  2.053997,8.196,-2.396,1
3645	start.hed	516.42,  -1.249784,-5.518,3.607,1
3934	start.hed	509.09,  2.314675,4.265,-0.117,0
4704	start.hed	516.19,  -0.744908,-2.845,5.002,1
6119	start.hed	515.95,  -0.676859,-3.576,2.124,0
6203	start.hed	515.23,  -0.118647,0.783,7.106,1
6176	start.hed	510.18,  -1.505502,-14.039,2.860,0
7592	start.hed	502.16,  -2.004515,-2.696,-3.960,0
9597	start.hed	506.61,  -0.839609,-1.938,5.336,1
10405	start.hed	506.32,  0.665086,-10.062,6.445,0
10313	start.hed	508.31,  0.276146,0.216,8.723,0
13988	start.hed	506.47,  1.102022,5.668,1.500,1
14517	start.hed	510.74,  -2.131562,-5.310,0.359,1
14568	start.hed	502.80,  -2.286262,-2.269,-3.783,0
14800	start.hed	510.39,  -1.936349,-6.194,-0.729,1
15129	start.hed	511.86,  1.564334,4.989,1.880,0
