#LST
156	proj.img
767	start.hed	503.58,  -2.981671,-3.718,-5.966,0
1050	start.hed	507.35,  0.975651,3.955,-11.999,1
704	start.hed	506.70,  -2.370637,0.766,-4.997,1
515	start.hed	506.80,  -2.797760,-2.540,-8.756,0
1672	start.hed	506.97,  -0.863057,-2.131,0.840,0
2398	start.hed	518.28,  2.607804,0.110,-0.410,1
3657	start.hed	511.50,  2.941940,-0.148,-1.619,1
3924	start.hed	515.31,  -2.381899,-0.911,1.908,0
3938	start.hed	507.66,  2.974865,-0.288,-1.978,1
4496	start.hed	506.31,  -1.291480,-8.468,4.416,1
5156	start.hed	507.00,  -1.396769,-5.449,-0.723,1
6971	start.hed	501.72,  0.691150,-10.000,-10.000,0
8835	start.hed	517.53,  1.685915,5.830,-1.827,1
9494	start.hed	510.64,  1.091584,-1.944,-1.526,0
10141	start.hed	503.86,  -2.199615,-2.151,-1.582,0
13119	start.hed	502.53,  -1.977166,-8.100,-7.068,1
13202	start.hed	508.40,  -1.938384,-2.246,3.203,0
13541	start.hed	508.40,  -1.938384,-2.246,3.203,0
14107	start.hed	506.16,  1.210298,3.547,3.167,0
15043	start.hed	508.17,  2.546850,-1.705,1.119,0
