#LST
686	proj.img
320	start.hed	505.67,  1.373922,6.916,3.610,1
844	start.hed	510.93,  0.828013,-8.463,7.816,1
1346	start.hed	507.83,  -1.620508,-5.996,1.015,1
1709	start.hed	509.96,  1.070889,6.027,1.900,0
1842	start.hed	527.50,  -1.315061,-9.212,7.716,0
2346	start.hed	507.98,  -1.544170,1.422,9.561,1
3966	start.hed	511.66,  -3.101043,3.872,-5.606,1
4211	start.hed	504.50,  -2.850416,0.528,-5.092,1
5278	start.hed	503.42,  2.302192,8.664,-4.679,1
5227	start.hed	501.92,  3.006024,-0.433,-8.512,0
6175	start.hed	503.37,  -0.028626,1.226,4.227,1
6512	start.hed	509.21,  -2.209763,-2.346,-7.529,0
6852	start.hed	504.41,  1.901939,6.830,-2.171,0
8213	start.hed	508.33,  -1.702558,0.980,-8.919,1
8423	start.hed	504.19,  0.084519,-2.264,11.828,0
10039	start.hed	505.35,  1.750221,4.708,5.664,1
11020	start.hed	505.81,  2.321189,3.595,-9.776,0
11645	start.hed	500.69,  -1.079405,12.064,0.757,1
13137	start.hed	505.10,  -0.289007,5.394,3.769,0
14375	start.hed	503.76,  -0.245122,-1.693,1.644,0
15175	start.hed	506.98,  -1.096391,-10.186,9.740,0
15244	start.hed	502.67,  0.620219,-9.461,-11.095,0
15297	start.hed	504.86,  2.874299,5.651,-4.357,0
