#LST
321	proj.img
43	start.hed	512.71,  -0.424685,2.489,5.071,1
1082	start.hed	506.13,  -1.190299,0.638,3.677,0
479	start.hed	516.18,  0.729224,1.017,8.518,0
1170	start.hed	505.42,  -1.758955,-7.861,-11.814,0
1459	start.hed	513.21,  0.818036,7.740,8.994,1
2298	start.hed	507.35,  -1.094303,4.110,8.635,0
2683	start.hed	509.97,  2.911012,1.452,-10.217,0
4494	start.hed	505.73,  2.214693,4.877,-6.142,0
4994	start.hed	505.80,  2.257077,5.268,11.421,1
5961	start.hed	501.12,  -2.248348,3.023,-9.503,0
6895	start.hed	508.11,  -0.396041,6.519,9.140,0
8120	start.hed	500.91,  1.163588,10.349,-6.897,0
9440	start.hed	511.49,  -1.725071,-0.005,-11.694,0
9612	start.hed	505.43,  0.240389,9.454,5.072,0
10925	start.hed	507.22,  -0.495336,0.730,10.618,0
11126	start.hed	500.91,  1.163588,10.349,-6.897,0
11418	start.hed	509.98,  -0.433225,-0.996,3.725,0
12567	start.hed	504.27,  0.733804,-4.941,-12.865,0
13667	start.hed	502.28,  -2.047139,-8.176,-1.132,0
14120	start.hed	505.57,  2.153287,-6.275,-7.687,0
14457	start.hed	513.33,  -0.126706,2.528,6.062,0
14868	start.hed	509.57,  -1.803507,-8.257,-2.422,0
14875	start.hed	510.56,  -0.305659,13.954,2.625,0
