#LST
494	proj.img
604	start.hed	508.95,  0.323100,-3.069,8.642,1
1792	start.hed	514.05,  -1.835348,-9.647,2.457,0
2468	start.hed	508.77,  1.496309,-0.850,6.205,1
2491	start.hed	505.58,  2.603536,-1.685,-5.963,0
4640	start.hed	512.64,  1.456785,4.816,8.290,1
4907	start.hed	502.00,  -1.365530,-2.424,3.731,0
4856	start.hed	505.73,  -1.376337,-9.016,9.905,0
5649	start.hed	508.13,  -1.560589,-0.955,-3.951,1
5693	start.hed	503.51,  -0.779955,-5.732,-12.830,0
6669	start.hed	509.27,  1.716321,4.364,-4.690,0
7077	start.hed	505.35,  2.997529,8.934,-3.083,1
7452	start.hed	506.39,  1.354833,8.843,-8.667,0
7241	start.hed	508.11,  0.868533,3.794,10.284,1
10327	start.hed	512.35,  1.695131,8.061,-1.605,0
12308	start.hed	506.35,  0.305655,4.170,5.968,0
12513	start.hed	503.43,  2.152033,-0.133,-8.251,0
12809	start.hed	503.19,  2.143700,-0.286,-8.070,0
13630	start.hed	519.33,  1.117374,9.148,3.128,0
14749	start.hed	513.19,  2.039835,6.456,-3.360,0
