#LST
490	proj.img
3602	start.hed	512.83,  2.517897,-11.340,-2.122,1
4670	start.hed	510.09,  -0.062810,12.228,-1.391,0
5074	start.hed	515.90,  2.298581,6.656,-2.008,1
7323	start.hed	501.32,  0.946561,3.870,10.546,0
7867	start.hed	512.19,  3.078515,-13.962,0.239,0
9132	start.hed	507.61,  0.607498,6.784,3.985,0
9279	start.hed	505.02,  2.391426,-5.564,-10.537,1
10288	start.hed	503.11,  0.221244,-7.355,5.902,1
10296	start.hed	506.02,  0.127558,-4.993,9.603,1
10722	start.hed	508.43,  0.409068,10.966,3.400,0
11881	start.hed	507.60,  -2.520475,-10.718,6.866,0
12087	start.hed	506.77,  -0.436866,0.548,7.727,0
12214	start.hed	506.77,  -0.436866,0.548,7.727,0
12440	start.hed	503.29,  1.715672,2.635,2.754,0
12999	start.hed	505.92,  -1.519366,-2.332,-1.602,1
13080	start.hed	509.25,  -0.180692,-9.682,4.924,1
13105	start.hed	508.12,  -3.027150,-8.318,-0.470,1
13416	start.hed	508.71,  1.670305,10.877,-3.637,0
13835	start.hed	508.67,  -1.597797,-5.207,1.452,0
14062	start.hed	506.11,  0.976510,10.654,-4.999,0
15116	start.hed	503.88,  -3.130017,12.332,0.518,1
