#LST
188	proj.img
26	start.hed	511.44,  1.653161,1.439,4.313,1
1632	start.hed	506.29,  2.085102,4.312,-4.675,0
2543	start.hed	510.09,  -1.621891,-5.608,1.801,0
2575	start.hed	523.00,  2.696422,-6.824,11.173,1
2831	start.hed	510.92,  -0.456523,-5.898,5.095,0
3253	start.hed	504.25,  0.892791,7.842,7.053,1
3805	start.hed	510.47,  -3.015548,-0.010,-5.398,1
4001	start.hed	514.07,  -1.536171,-7.328,-9.659,1
5832	start.hed	505.19,  -2.043379,2.094,8.540,0
6976	start.hed	505.23,  1.245709,4.546,-3.162,0
8336	start.hed	510.51,  1.058287,5.059,1.668,1
8493	start.hed	505.72,  0.665701,5.106,4.925,0
9639	start.hed	520.34,  -2.159115,-4.313,2.147,0
10121	start.hed	503.30,  -1.409514,-5.408,-4.236,1
10858	start.hed	502.71,  -1.753003,7.863,3.549,1
11670	start.hed	521.39,  2.608418,-7.087,0.489,0
11888	start.hed	505.84,  2.107441,5.302,-7.486,1
12451	start.hed	500.23,  -2.572860,3.898,-1.912,1
13725	start.hed	510.60,  -0.663899,-8.834,5.033,1
13907	start.hed	503.26,  -1.230529,2.019,-8.375,1
14142	start.hed	502.16,  -0.921149,9.127,11.278,0
15100	start.hed	505.68,  0.328230,0.611,7.236,1
15255	start.hed	503.41,  -2.725856,-6.014,-4.465,0
